20-08-04 18:37:53.612 : testsets\data-1
20-08-04 18:37:53.622 : ---1-->      0.jpg
20-08-04 18:37:54.448 : ---2-->      1.jpg
20-08-04 18:37:54.454 : ---3-->     10.jpg
20-08-04 18:37:54.460 : ---4-->    100.jpg
20-08-04 18:37:54.469 : ---5-->   1000.jpg
20-08-04 18:37:54.481 : ---6-->   1001.jpg
20-08-04 18:37:54.489 : ---7-->   1002.jpg
20-08-04 18:37:54.497 : ---8-->   1003.jpg
20-08-04 18:37:54.506 : ---9-->   1004.jpg
20-08-04 18:37:54.514 : --10-->   1005.jpg
20-08-04 18:37:54.521 : --11-->   1006.jpg
20-08-04 18:37:54.532 : --12-->   1007.jpg
20-08-04 18:37:54.540 : --13-->   1008.jpg
20-08-04 18:37:54.550 : --14-->   1009.jpg
20-08-04 18:37:54.556 : --15-->    101.jpg
20-08-04 18:37:54.568 : --16-->   1010.jpg
20-08-04 18:37:54.576 : --17-->   1011.jpg
20-08-04 18:37:54.583 : --18-->   1012.jpg
20-08-04 18:37:54.591 : --19-->   1013.jpg
20-08-04 18:37:54.598 : --20-->   1014.jpg
20-08-04 18:37:54.606 : --21-->   1015.jpg
20-08-04 18:37:54.615 : --22-->   1016.jpg
20-08-04 18:37:54.626 : --23-->   1017.jpg
20-08-04 18:37:54.635 : --24-->   1018.jpg
20-08-04 18:37:54.644 : --25-->   1019.jpg
20-08-04 18:37:54.652 : --26-->    102.jpg
20-08-04 18:37:54.665 : --27-->   1020.jpg
20-08-04 18:37:54.671 : --28-->   1021.jpg
20-08-04 18:37:54.680 : --29-->   1022.jpg
20-08-04 18:37:54.686 : --30-->   1023.jpg
20-08-04 18:37:54.693 : --31-->   1024.jpg
20-08-04 18:37:54.699 : --32-->   1025.jpg
20-08-04 18:37:54.707 : --33-->   1026.jpg
20-08-04 18:37:54.714 : --34-->   1027.jpg
20-08-04 18:37:54.722 : --35-->   1028.jpg
20-08-04 18:37:54.731 : --36-->   1029.jpg
20-08-04 18:37:54.737 : --37-->    103.jpg
20-08-04 18:37:54.751 : --38-->   1030.jpg
20-08-04 18:37:54.763 : --39-->   1031.jpg
20-08-04 18:37:54.770 : --40-->   1032.jpg
20-08-04 18:37:54.781 : --41-->   1033.jpg
20-08-04 18:37:54.788 : --42-->   1034.jpg
20-08-04 18:37:54.796 : --43-->   1035.jpg
20-08-04 18:37:54.803 : --44-->   1036.jpg
20-08-04 18:37:54.810 : --45-->   1037.jpg
20-08-04 18:37:54.818 : --46-->   1038.jpg
20-08-04 18:37:54.825 : --47-->   1039.jpg
20-08-04 18:37:54.831 : --48-->    104.jpg
20-08-04 18:37:54.842 : --49-->   1040.jpg
20-08-04 18:37:54.851 : --50-->   1041.jpg
20-08-04 18:37:54.859 : --51-->   1042.jpg
20-08-04 18:37:54.864 : --52-->   1043.jpg
20-08-04 18:37:54.872 : --53-->   1044.jpg
20-08-04 18:37:54.878 : --54-->   1045.jpg
20-08-04 18:37:54.886 : --55-->   1046.jpg
20-08-04 18:37:54.892 : --56-->   1047.jpg
20-08-04 18:37:54.900 : --57-->   1048.jpg
20-08-04 18:37:54.905 : --58-->   1049.jpg
20-08-04 18:37:54.911 : --59-->    105.jpg
20-08-04 18:37:54.918 : --60-->   1050.jpg
20-08-04 18:37:54.925 : --61-->   1051.jpg
20-08-04 18:37:54.930 : --62-->   1052.jpg
20-08-04 18:37:54.937 : --63-->   1053.jpg
20-08-04 18:37:54.944 : --64-->   1054.jpg
20-08-04 18:37:54.952 : --65-->   1055.jpg
20-08-04 18:37:54.959 : --66-->   1056.jpg
20-08-04 18:37:54.969 : --67-->   1057.jpg
20-08-04 18:37:54.977 : --68-->   1058.jpg
20-08-04 18:37:54.984 : --69-->   1059.jpg
20-08-04 18:37:54.991 : --70-->    106.jpg
20-08-04 18:37:54.998 : --71-->   1060.jpg
20-08-04 18:37:55.007 : --72-->   1061.jpg
20-08-04 18:37:55.016 : --73-->   1062.jpg
20-08-04 18:37:55.023 : --74-->   1063.jpg
20-08-04 18:37:55.031 : --75-->   1064.jpg
20-08-04 18:37:55.040 : --76-->   1065.jpg
20-08-04 18:37:55.049 : --77-->   1066.jpg
20-08-04 18:37:55.058 : --78-->   1067.jpg
20-08-04 18:37:55.065 : --79-->   1068.jpg
20-08-04 18:37:55.071 : --80-->   1069.jpg
20-08-04 18:37:55.080 : --81-->    107.jpg
20-08-04 18:37:55.086 : --82-->   1070.jpg
20-08-04 18:37:55.093 : --83-->   1071.jpg
20-08-04 18:37:55.102 : --84-->   1072.jpg
20-08-04 18:37:55.109 : --85-->   1073.jpg
20-08-04 18:37:55.116 : --86-->   1074.jpg
20-08-04 18:37:55.126 : --87-->   1075.jpg
20-08-04 18:37:55.136 : --88-->   1076.jpg
20-08-04 18:37:55.143 : --89-->   1077.jpg
20-08-04 18:37:55.152 : --90-->   1078.jpg
20-08-04 18:37:55.160 : --91-->   1079.jpg
20-08-04 18:37:55.168 : --92-->    108.jpg
20-08-04 18:37:55.182 : --93-->   1080.jpg
20-08-04 18:37:55.196 : --94-->   1081.jpg
20-08-04 18:37:55.207 : --95-->   1082.jpg
20-08-04 18:37:55.214 : --96-->   1083.jpg
20-08-04 18:37:55.222 : --97-->   1084.jpg
20-08-04 18:37:55.232 : --98-->   1085.jpg
20-08-04 18:37:55.240 : --99-->   1086.jpg
20-08-04 18:37:55.247 : -100-->   1087.jpg
20-08-04 18:37:55.259 : -101-->   1088.jpg
20-08-04 18:37:55.267 : -102-->   1089.jpg
20-08-04 18:37:55.276 : -103-->    109.jpg
20-08-04 18:37:55.283 : -104-->   1090.jpg
20-08-04 18:37:55.292 : -105-->   1091.jpg
20-08-04 18:37:55.300 : -106-->   1092.jpg
20-08-04 18:37:55.306 : -107-->   1093.jpg
20-08-04 18:37:55.317 : -108-->   1094.jpg
20-08-04 18:37:55.323 : -109-->   1095.jpg
20-08-04 18:37:55.330 : -110-->   1096.jpg
20-08-04 18:37:55.337 : -111-->   1097.jpg
20-08-04 18:37:55.343 : -112-->   1098.jpg
20-08-04 18:37:55.352 : -113-->   1099.jpg
20-08-04 18:37:55.360 : -114-->     11.jpg
20-08-04 18:37:55.368 : -115-->    110.jpg
20-08-04 18:37:55.378 : -116-->   1100.jpg
20-08-04 18:37:55.393 : -117-->   1101.jpg
20-08-04 18:37:55.406 : -118-->   1102.jpg
20-08-04 18:37:55.414 : -119-->   1103.jpg
20-08-04 18:37:55.428 : -120-->   1104.jpg
20-08-04 18:37:55.438 : -121-->   1105.jpg
20-08-04 18:37:55.446 : -122-->   1106.jpg
20-08-04 18:37:55.454 : -123-->   1107.jpg
20-08-04 18:37:55.463 : -124-->   1108.jpg
20-08-04 18:37:55.471 : -125-->   1109.jpg
20-08-04 18:37:55.483 : -126-->    111.jpg
20-08-04 18:37:55.491 : -127-->   1110.jpg
20-08-04 18:37:55.498 : -128-->   1111.jpg
20-08-04 18:37:55.512 : -129-->   1112.jpg
20-08-04 18:37:55.520 : -130-->   1113.jpg
20-08-04 18:37:55.530 : -131-->   1114.jpg
20-08-04 18:37:55.539 : -132-->   1115.jpg
20-08-04 18:37:55.548 : -133-->   1116.jpg
20-08-04 18:37:55.556 : -134-->   1117.jpg
20-08-04 18:37:55.571 : -135-->   1118.jpg
20-08-04 18:37:55.579 : -136-->   1119.jpg
20-08-04 18:37:55.591 : -137-->    112.jpg
20-08-04 18:37:55.600 : -138-->   1120.jpg
20-08-04 18:37:55.609 : -139-->   1121.jpg
20-08-04 18:37:55.618 : -140-->   1122.jpg
20-08-04 18:37:55.626 : -141-->   1123.jpg
20-08-04 18:37:55.640 : -142-->   1124.jpg
20-08-04 18:37:55.652 : -143-->   1125.jpg
20-08-04 18:37:55.663 : -144-->   1126.jpg
20-08-04 18:37:55.671 : -145-->   1127.jpg
20-08-04 18:37:55.680 : -146-->   1128.jpg
20-08-04 18:37:55.690 : -147-->   1129.jpg
20-08-04 18:37:55.698 : -148-->    113.jpg
20-08-04 18:37:55.707 : -149-->   1130.jpg
20-08-04 18:37:55.716 : -150-->   1131.jpg
20-08-04 18:37:55.727 : -151-->   1132.jpg
20-08-04 18:37:55.736 : -152-->   1133.jpg
20-08-04 18:37:55.750 : -153-->   1134.jpg
20-08-04 18:37:55.760 : -154-->   1135.jpg
20-08-04 18:37:55.773 : -155-->   1136.jpg
20-08-04 18:37:55.784 : -156-->   1137.jpg
20-08-04 18:37:55.794 : -157-->   1138.jpg
20-08-04 18:37:55.805 : -158-->   1139.jpg
20-08-04 18:37:55.813 : -159-->    114.jpg
20-08-04 18:37:55.824 : -160-->   1140.jpg
20-08-04 18:37:55.833 : -161-->   1141.jpg
20-08-04 18:37:55.841 : -162-->   1142.jpg
20-08-04 18:37:55.851 : -163-->   1143.jpg
20-08-04 18:37:55.859 : -164-->   1144.jpg
20-08-04 18:37:55.872 : -165-->   1145.jpg
20-08-04 18:37:55.890 : -166-->   1146.jpg
20-08-04 18:37:55.902 : -167-->   1147.jpg
20-08-04 18:37:55.911 : -168-->   1148.jpg
20-08-04 18:37:55.919 : -169-->   1149.jpg
20-08-04 18:37:55.931 : -170-->    115.jpg
20-08-04 18:37:55.947 : -171-->   1150.jpg
20-08-04 18:37:55.956 : -172-->   1151.jpg
20-08-04 18:37:55.965 : -173-->   1152.jpg
20-08-04 18:37:55.973 : -174-->   1153.jpg
20-08-04 18:37:55.981 : -175-->   1154.jpg
20-08-04 18:37:55.988 : -176-->   1155.jpg
20-08-04 18:37:55.998 : -177-->   1156.jpg
20-08-04 18:37:56.006 : -178-->   1157.jpg
20-08-04 18:37:56.013 : -179-->   1158.jpg
20-08-04 18:37:56.020 : -180-->   1159.jpg
20-08-04 18:37:56.030 : -181-->    116.jpg
20-08-04 18:37:56.039 : -182-->   1160.jpg
20-08-04 18:37:56.046 : -183-->   1161.jpg
20-08-04 18:37:56.053 : -184-->   1162.jpg
20-08-04 18:37:56.063 : -185-->   1163.jpg
20-08-04 18:37:56.068 : -186-->   1164.jpg
20-08-04 18:37:56.074 : -187-->   1165.jpg
20-08-04 18:37:56.083 : -188-->   1166.jpg
20-08-04 18:37:56.091 : -189-->   1167.jpg
20-08-04 18:37:56.101 : -190-->   1168.jpg
20-08-04 18:37:56.113 : -191-->   1169.jpg
20-08-04 18:37:56.122 : -192-->    117.jpg
20-08-04 18:37:56.132 : -193-->   1170.jpg
20-08-04 18:37:56.145 : -194-->   1171.jpg
20-08-04 18:37:56.154 : -195-->   1172.jpg
20-08-04 18:37:56.161 : -196-->   1173.jpg
20-08-04 18:37:56.167 : -197-->   1174.jpg
20-08-04 18:37:56.177 : -198-->   1175.jpg
20-08-04 18:37:56.184 : -199-->   1176.jpg
20-08-04 18:37:56.195 : -200-->   1177.jpg
20-08-04 18:37:56.203 : -201-->   1178.jpg
20-08-04 18:37:56.211 : -202-->   1179.jpg
20-08-04 18:37:56.219 : -203-->    118.jpg
20-08-04 18:37:56.228 : -204-->   1180.jpg
20-08-04 18:37:56.236 : -205-->   1181.jpg
20-08-04 18:37:56.245 : -206-->   1182.jpg
20-08-04 18:37:56.253 : -207-->   1183.jpg
20-08-04 18:37:56.263 : -208-->   1184.jpg
20-08-04 18:37:56.270 : -209-->   1185.jpg
20-08-04 18:37:56.276 : -210-->   1186.jpg
20-08-04 18:37:56.286 : -211-->   1187.jpg
20-08-04 18:37:56.293 : -212-->   1188.jpg
20-08-04 18:37:56.301 : -213-->   1189.jpg
20-08-04 18:37:56.309 : -214-->    119.jpg
20-08-04 18:37:56.315 : -215-->   1190.jpg
20-08-04 18:37:56.322 : -216-->   1191.jpg
20-08-04 18:37:56.330 : -217-->   1192.jpg
20-08-04 18:37:56.337 : -218-->   1193.jpg
20-08-04 18:37:56.343 : -219-->   1194.jpg
20-08-04 18:37:56.348 : -220-->   1195.jpg
20-08-04 18:37:56.355 : -221-->   1196.jpg
20-08-04 18:37:56.362 : -222-->   1197.jpg
20-08-04 18:37:56.368 : -223-->   1198.jpg
20-08-04 18:37:56.374 : -224-->   1199.jpg
20-08-04 18:37:56.378 : -225-->     12.jpg
20-08-04 18:37:56.386 : -226-->    120.jpg
20-08-04 18:37:56.394 : -227-->   1200.jpg
20-08-04 18:37:56.401 : -228-->   1201.jpg
20-08-04 18:37:56.407 : -229-->   1202.jpg
20-08-04 18:37:56.412 : -230-->   1203.jpg
20-08-04 18:37:56.418 : -231-->   1204.jpg
20-08-04 18:37:56.427 : -232-->   1205.jpg
20-08-04 18:37:56.434 : -233-->   1206.jpg
20-08-04 18:37:56.440 : -234-->   1207.jpg
20-08-04 18:37:56.446 : -235-->   1208.jpg
20-08-04 18:37:56.453 : -236-->   1209.jpg
20-08-04 18:37:56.459 : -237-->    121.jpg
20-08-04 18:37:56.466 : -238-->   1210.jpg
20-08-04 18:37:56.472 : -239-->   1211.jpg
20-08-04 18:37:56.481 : -240-->   1212.jpg
20-08-04 18:37:56.486 : -241-->   1213.jpg
20-08-04 18:37:56.495 : -242-->   1214.jpg
20-08-04 18:37:56.502 : -243-->   1215.jpg
20-08-04 18:37:56.508 : -244-->   1216.jpg
20-08-04 18:37:56.514 : -245-->   1217.jpg
20-08-04 18:37:56.521 : -246-->   1218.jpg
20-08-04 18:37:56.527 : -247-->   1219.jpg
20-08-04 18:37:56.533 : -248-->    122.jpg
20-08-04 18:37:56.547 : -249-->   1220.jpg
20-08-04 18:37:56.555 : -250-->   1221.jpg
20-08-04 18:37:56.563 : -251-->   1222.jpg
20-08-04 18:37:56.570 : -252-->   1223.jpg
20-08-04 18:37:56.576 : -253-->   1224.jpg
20-08-04 18:37:56.585 : -254-->   1225.jpg
20-08-04 18:37:56.593 : -255-->   1226.jpg
20-08-04 18:37:56.601 : -256-->   1227.jpg
20-08-04 18:37:56.609 : -257-->   1228.jpg
20-08-04 18:37:56.617 : -258-->   1229.jpg
20-08-04 18:37:56.624 : -259-->    123.jpg
20-08-04 18:37:56.633 : -260-->   1230.jpg
20-08-04 18:37:56.640 : -261-->   1231.jpg
20-08-04 18:37:56.648 : -262-->   1232.jpg
20-08-04 18:37:56.654 : -263-->   1233.jpg
20-08-04 18:37:56.662 : -264-->   1234.jpg
20-08-04 18:37:56.667 : -265-->   1235.jpg
20-08-04 18:37:56.674 : -266-->   1236.jpg
20-08-04 18:37:56.679 : -267-->   1237.jpg
20-08-04 18:37:56.685 : -268-->   1238.jpg
20-08-04 18:37:56.693 : -269-->   1239.jpg
20-08-04 18:37:56.699 : -270-->    124.jpg
20-08-04 18:37:56.711 : -271-->   1240.jpg
20-08-04 18:37:56.718 : -272-->   1241.jpg
20-08-04 18:37:56.724 : -273-->   1242.jpg
20-08-04 18:37:56.729 : -274-->   1243.jpg
20-08-04 18:37:56.737 : -275-->   1244.jpg
20-08-04 18:37:56.742 : -276-->   1245.jpg
20-08-04 18:37:56.748 : -277-->   1246.jpg
20-08-04 18:37:56.756 : -278-->   1247.jpg
20-08-04 18:37:56.761 : -279-->   1248.jpg
20-08-04 18:37:56.767 : -280-->   1249.jpg
20-08-04 18:37:56.774 : -281-->    125.jpg
20-08-04 18:37:56.783 : -282-->   1250.jpg
20-08-04 18:37:56.790 : -283-->   1251.jpg
20-08-04 18:37:56.798 : -284-->   1252.jpg
20-08-04 18:37:56.805 : -285-->   1253.jpg
20-08-04 18:37:56.811 : -286-->   1254.jpg
20-08-04 18:37:56.817 : -287-->   1255.jpg
20-08-04 18:37:56.824 : -288-->   1256.jpg
20-08-04 18:37:56.831 : -289-->   1257.jpg
20-08-04 18:37:56.837 : -290-->   1258.jpg
20-08-04 18:37:56.843 : -291-->   1259.jpg
20-08-04 18:37:56.850 : -292-->    126.jpg
20-08-04 18:37:56.858 : -293-->   1260.jpg
20-08-04 18:37:56.863 : -294-->   1261.jpg
20-08-04 18:37:56.870 : -295-->   1262.jpg
20-08-04 18:37:56.876 : -296-->   1263.jpg
20-08-04 18:37:56.881 : -297-->   1264.jpg
20-08-04 18:37:56.888 : -298-->   1265.jpg
20-08-04 18:37:56.894 : -299-->   1266.jpg
20-08-04 18:37:56.899 : -300-->   1267.jpg
20-08-04 18:37:56.908 : -301-->   1268.jpg
20-08-04 18:37:56.913 : -302-->   1269.jpg
20-08-04 18:37:56.919 : -303-->    127.jpg
20-08-04 18:37:56.929 : -304-->   1270.jpg
20-08-04 18:37:56.939 : -305-->   1271.jpg
20-08-04 18:37:56.945 : -306-->   1272.jpg
20-08-04 18:37:56.953 : -307-->   1273.jpg
20-08-04 18:37:56.960 : -308-->   1274.jpg
20-08-04 18:37:56.966 : -309-->   1275.jpg
20-08-04 18:37:56.972 : -310-->   1276.jpg
20-08-04 18:37:56.982 : -311-->   1277.jpg
20-08-04 18:37:56.987 : -312-->   1278.jpg
20-08-04 18:37:56.995 : -313-->   1279.jpg
20-08-04 18:37:57.002 : -314-->    128.jpg
20-08-04 18:37:57.010 : -315-->   1280.jpg
20-08-04 18:37:57.016 : -316-->   1281.jpg
20-08-04 18:37:57.022 : -317-->   1282.jpg
20-08-04 18:37:57.030 : -318-->   1283.jpg
20-08-04 18:37:57.036 : -319-->   1284.jpg
20-08-04 18:37:57.042 : -320-->   1285.jpg
20-08-04 18:37:57.050 : -321-->   1286.jpg
20-08-04 18:37:57.056 : -322-->   1287.jpg
20-08-04 18:37:57.063 : -323-->   1288.jpg
20-08-04 18:37:57.069 : -324-->   1289.jpg
20-08-04 18:37:57.076 : -325-->    129.jpg
20-08-04 18:37:57.085 : -326-->   1290.jpg
20-08-04 18:37:57.091 : -327-->   1291.jpg
20-08-04 18:37:57.097 : -328-->   1292.jpg
20-08-04 18:37:57.103 : -329-->   1293.jpg
20-08-04 18:37:57.110 : -330-->   1294.jpg
20-08-04 18:37:57.116 : -331-->   1295.jpg
20-08-04 18:37:57.122 : -332-->   1296.jpg
20-08-04 18:37:57.129 : -333-->   1297.jpg
20-08-04 18:37:57.135 : -334-->   1298.jpg
20-08-04 18:37:57.141 : -335-->   1299.jpg
20-08-04 18:37:57.148 : -336-->     13.jpg
20-08-04 18:37:57.155 : -337-->    130.jpg
20-08-04 18:37:57.162 : -338-->   1300.jpg
20-08-04 18:37:57.168 : -339-->   1301.jpg
20-08-04 18:37:57.174 : -340-->   1302.jpg
20-08-04 18:37:57.183 : -341-->   1303.jpg
20-08-04 18:37:57.191 : -342-->   1304.jpg
20-08-04 18:37:57.198 : -343-->   1305.jpg
20-08-04 18:37:57.204 : -344-->   1306.jpg
20-08-04 18:37:57.209 : -345-->   1307.jpg
20-08-04 18:37:57.219 : -346-->   1308.jpg
20-08-04 18:37:57.227 : -347-->   1309.jpg
20-08-04 18:37:57.234 : -348-->    131.jpg
20-08-04 18:37:57.242 : -349-->   1310.jpg
20-08-04 18:37:57.251 : -350-->   1311.jpg
20-08-04 18:37:57.257 : -351-->   1312.jpg
20-08-04 18:37:57.266 : -352-->   1313.jpg
20-08-04 18:37:57.274 : -353-->   1314.jpg
20-08-04 18:37:57.282 : -354-->   1315.jpg
20-08-04 18:37:57.290 : -355-->   1316.jpg
20-08-04 18:37:57.298 : -356-->   1317.jpg
20-08-04 18:37:57.304 : -357-->   1318.jpg
20-08-04 18:37:57.311 : -358-->   1319.jpg
20-08-04 18:37:57.317 : -359-->    132.jpg
20-08-04 18:37:57.324 : -360-->   1320.jpg
20-08-04 18:37:57.331 : -361-->   1321.jpg
20-08-04 18:37:57.336 : -362-->   1322.jpg
20-08-04 18:37:57.341 : -363-->   1323.jpg
20-08-04 18:37:57.348 : -364-->   1324.jpg
20-08-04 18:37:57.355 : -365-->   1325.jpg
20-08-04 18:37:57.361 : -366-->   1326.jpg
20-08-04 18:37:57.368 : -367-->   1327.jpg
20-08-04 18:37:57.374 : -368-->   1328.jpg
20-08-04 18:37:57.380 : -369-->   1329.jpg
20-08-04 18:37:57.387 : -370-->    133.jpg
20-08-04 18:37:57.396 : -371-->   1330.jpg
20-08-04 18:37:57.402 : -372-->   1331.jpg
20-08-04 18:37:57.407 : -373-->   1332.jpg
20-08-04 18:37:57.413 : -374-->   1333.jpg
20-08-04 18:37:57.419 : -375-->   1334.jpg
20-08-04 18:37:57.424 : -376-->   1335.jpg
20-08-04 18:37:57.433 : -377-->   1336.jpg
20-08-04 18:37:57.440 : -378-->   1337.jpg
20-08-04 18:37:57.450 : -379-->   1338.jpg
20-08-04 18:37:57.457 : -380-->   1339.jpg
20-08-04 18:37:57.464 : -381-->    134.jpg
20-08-04 18:37:57.473 : -382-->   1340.jpg
20-08-04 18:37:57.481 : -383-->   1341.jpg
20-08-04 18:37:57.487 : -384-->   1342.jpg
20-08-04 18:37:57.494 : -385-->   1343.jpg
20-08-04 18:37:57.500 : -386-->   1344.jpg
20-08-04 18:37:57.506 : -387-->   1345.jpg
20-08-04 18:37:57.513 : -388-->   1346.jpg
20-08-04 18:37:57.519 : -389-->   1347.jpg
20-08-04 18:37:57.526 : -390-->   1348.jpg
20-08-04 18:37:57.534 : -391-->   1349.jpg
20-08-04 18:37:57.541 : -392-->    135.jpg
20-08-04 18:37:57.551 : -393-->   1350.jpg
20-08-04 18:37:57.558 : -394-->   1351.jpg
20-08-04 18:37:57.565 : -395-->   1352.jpg
20-08-04 18:37:57.570 : -396-->   1353.jpg
20-08-04 18:37:57.576 : -397-->   1354.jpg
20-08-04 18:37:57.582 : -398-->   1355.jpg
20-08-04 18:37:57.588 : -399-->   1356.jpg
20-08-04 18:37:57.594 : -400-->   1357.jpg
20-08-04 18:37:57.600 : -401-->   1358.jpg
20-08-04 18:37:57.608 : -402-->   1359.jpg
20-08-04 18:37:57.615 : -403-->    136.jpg
20-08-04 18:37:57.623 : -404-->   1360.jpg
20-08-04 18:37:57.629 : -405-->   1361.jpg
20-08-04 18:37:57.636 : -406-->   1362.jpg
20-08-04 18:37:57.642 : -407-->   1363.jpg
20-08-04 18:37:57.647 : -408-->   1364.jpg
20-08-04 18:37:57.654 : -409-->   1365.jpg
20-08-04 18:37:57.659 : -410-->   1366.jpg
20-08-04 18:37:57.664 : -411-->   1367.jpg
20-08-04 18:37:57.671 : -412-->   1368.jpg
20-08-04 18:37:57.676 : -413-->   1369.jpg
20-08-04 18:37:57.681 : -414-->    137.jpg
20-08-04 18:37:57.688 : -415-->   1370.jpg
20-08-04 18:37:57.694 : -416-->   1371.jpg
20-08-04 18:37:57.700 : -417-->   1372.jpg
20-08-04 18:37:57.707 : -418-->   1373.jpg
20-08-04 18:37:57.713 : -419-->   1374.jpg
20-08-04 18:37:57.719 : -420-->   1375.jpg
20-08-04 18:37:57.726 : -421-->   1376.jpg
20-08-04 18:37:57.731 : -422-->   1377.jpg
20-08-04 18:37:57.736 : -423-->   1378.jpg
20-08-04 18:37:57.743 : -424-->   1379.jpg
20-08-04 18:37:57.748 : -425-->    138.jpg
20-08-04 18:37:57.754 : -426-->   1380.jpg
20-08-04 18:37:57.759 : -427-->   1381.jpg
20-08-04 18:37:57.767 : -428-->   1382.jpg
20-08-04 18:37:57.773 : -429-->   1383.jpg
20-08-04 18:37:57.782 : -430-->   1384.jpg
20-08-04 18:37:57.790 : -431-->   1385.jpg
20-08-04 18:37:57.796 : -432-->   1386.jpg
20-08-04 18:37:57.803 : -433-->   1387.jpg
20-08-04 18:37:57.810 : -434-->   1388.jpg
20-08-04 18:37:57.816 : -435-->   1389.jpg
20-08-04 18:37:57.822 : -436-->    139.jpg
20-08-04 18:37:57.831 : -437-->   1390.jpg
20-08-04 18:37:57.837 : -438-->   1391.jpg
20-08-04 18:37:57.843 : -439-->   1392.jpg
20-08-04 18:37:57.848 : -440-->   1393.jpg
20-08-04 18:37:57.855 : -441-->   1394.jpg
20-08-04 18:37:57.861 : -442-->   1395.jpg
20-08-04 18:37:57.866 : -443-->   1396.jpg
20-08-04 18:37:57.873 : -444-->   1397.jpg
20-08-04 18:37:57.878 : -445-->   1398.jpg
20-08-04 18:37:57.883 : -446-->   1399.jpg
20-08-04 18:37:57.890 : -447-->     14.jpg
20-08-04 18:37:57.898 : -448-->    140.jpg
20-08-04 18:37:57.904 : -449-->   1400.jpg
20-08-04 18:37:57.910 : -450-->   1401.jpg
20-08-04 18:37:57.915 : -451-->   1402.jpg
20-08-04 18:37:57.923 : -452-->   1403.jpg
20-08-04 18:37:57.931 : -453-->   1404.jpg
20-08-04 18:37:57.938 : -454-->   1405.jpg
20-08-04 18:37:57.944 : -455-->   1406.jpg
20-08-04 18:37:57.951 : -456-->   1407.jpg
20-08-04 18:37:57.958 : -457-->   1408.jpg
20-08-04 18:37:57.964 : -458-->   1409.jpg
20-08-04 18:37:57.969 : -459-->    141.jpg
20-08-04 18:37:57.976 : -460-->   1410.jpg
20-08-04 18:37:57.981 : -461-->   1411.jpg
20-08-04 18:37:57.988 : -462-->   1412.jpg
20-08-04 18:37:57.993 : -463-->   1413.jpg
20-08-04 18:37:57.999 : -464-->   1414.jpg
20-08-04 18:37:58.007 : -465-->   1415.jpg
20-08-04 18:37:58.014 : -466-->   1416.jpg
20-08-04 18:37:58.020 : -467-->   1417.jpg
20-08-04 18:37:58.028 : -468-->   1418.jpg
20-08-04 18:37:58.034 : -469-->   1419.jpg
20-08-04 18:37:58.039 : -470-->    142.jpg
20-08-04 18:37:58.046 : -471-->   1420.jpg
20-08-04 18:37:58.053 : -472-->   1421.jpg
20-08-04 18:37:58.060 : -473-->   1422.jpg
20-08-04 18:37:58.066 : -474-->   1423.jpg
20-08-04 18:37:58.072 : -475-->   1424.jpg
20-08-04 18:37:58.083 : -476-->   1425.jpg
20-08-04 18:37:58.094 : -477-->   1426.jpg
20-08-04 18:37:58.105 : -478-->   1427.jpg
20-08-04 18:37:58.112 : -479-->   1428.jpg
20-08-04 18:37:58.119 : -480-->   1429.jpg
20-08-04 18:37:58.129 : -481-->    143.jpg
20-08-04 18:37:58.138 : -482-->   1430.jpg
20-08-04 18:37:58.144 : -483-->   1431.jpg
20-08-04 18:37:58.151 : -484-->   1432.jpg
20-08-04 18:37:58.159 : -485-->   1433.jpg
20-08-04 18:37:58.165 : -486-->   1434.jpg
20-08-04 18:37:58.175 : -487-->   1435.jpg
20-08-04 18:37:58.183 : -488-->   1436.jpg
20-08-04 18:37:58.191 : -489-->   1437.jpg
20-08-04 18:37:58.198 : -490-->   1438.jpg
20-08-04 18:37:58.205 : -491-->   1439.jpg
20-08-04 18:37:58.212 : -492-->    144.jpg
20-08-04 18:37:58.221 : -493-->   1440.jpg
20-08-04 18:37:58.228 : -494-->   1441.jpg
20-08-04 18:37:58.235 : -495-->   1442.jpg
20-08-04 18:37:58.241 : -496-->   1443.jpg
20-08-04 18:37:58.247 : -497-->   1444.jpg
20-08-04 18:37:58.254 : -498-->   1445.jpg
20-08-04 18:37:58.262 : -499-->   1446.jpg
20-08-04 18:37:58.271 : -500-->   1447.jpg
20-08-04 18:37:58.277 : -501-->   1448.jpg
20-08-04 18:37:58.283 : -502-->   1449.jpg
20-08-04 18:37:58.288 : -503-->    145.jpg
20-08-04 18:37:58.295 : -504-->   1450.jpg
20-08-04 18:37:58.304 : -505-->   1451.jpg
20-08-04 18:37:58.313 : -506-->   1452.jpg
20-08-04 18:37:58.320 : -507-->   1453.jpg
20-08-04 18:37:58.325 : -508-->   1454.jpg
20-08-04 18:37:58.329 : -509-->    146.jpg
20-08-04 18:37:58.338 : -510-->    147.jpg
20-08-04 18:37:58.345 : -511-->    148.jpg
20-08-04 18:37:58.353 : -512-->    149.jpg
20-08-04 18:37:58.360 : -513-->     15.jpg
20-08-04 18:37:58.367 : -514-->    150.jpg
20-08-04 18:37:58.374 : -515-->    151.jpg
20-08-04 18:37:58.382 : -516-->    152.jpg
20-08-04 18:37:58.392 : -517-->    153.jpg
20-08-04 18:37:58.404 : -518-->    154.jpg
20-08-04 18:37:58.413 : -519-->    155.jpg
20-08-04 18:37:58.423 : -520-->    156.jpg
20-08-04 18:37:58.431 : -521-->    157.jpg
20-08-04 18:37:58.442 : -522-->    158.jpg
20-08-04 18:37:58.449 : -523-->    159.jpg
20-08-04 18:37:58.456 : -524-->     16.jpg
20-08-04 18:37:58.464 : -525-->    160.jpg
20-08-04 18:37:58.471 : -526-->    161.jpg
20-08-04 18:37:58.478 : -527-->    162.jpg
20-08-04 18:37:58.484 : -528-->    163.jpg
20-08-04 18:37:58.493 : -529-->    164.jpg
20-08-04 18:37:58.502 : -530-->    165.jpg
20-08-04 18:37:58.513 : -531-->    166.jpg
20-08-04 18:37:58.522 : -532-->    167.jpg
20-08-04 18:37:58.530 : -533-->    168.jpg
20-08-04 18:37:58.538 : -534-->    169.jpg
20-08-04 18:37:58.545 : -535-->     17.jpg
20-08-04 18:37:58.553 : -536-->    170.jpg
20-08-04 18:37:58.560 : -537-->    171.jpg
20-08-04 18:37:58.569 : -538-->    172.jpg
20-08-04 18:37:58.576 : -539-->    173.jpg
20-08-04 18:37:58.586 : -540-->    174.jpg
20-08-04 18:37:58.593 : -541-->    175.jpg
20-08-04 18:37:58.601 : -542-->    176.jpg
20-08-04 18:37:58.605 : -543-->    177.jpg
20-08-04 18:37:58.610 : -544-->    178.jpg
20-08-04 18:37:58.615 : -545-->    179.jpg
20-08-04 18:37:58.620 : -546-->     18.jpg
20-08-04 18:37:58.626 : -547-->    180.jpg
20-08-04 18:37:58.633 : -548-->    181.jpg
20-08-04 18:37:58.639 : -549-->    182.jpg
20-08-04 18:37:58.644 : -550-->    183.jpg
20-08-04 18:37:58.651 : -551-->    184.jpg
20-08-04 18:37:58.656 : -552-->    185.jpg
20-08-04 18:37:58.661 : -553-->    186.jpg
20-08-04 18:37:58.668 : -554-->    187.jpg
20-08-04 18:37:58.673 : -555-->    188.jpg
20-08-04 18:37:58.680 : -556-->    189.jpg
20-08-04 18:37:58.686 : -557-->     19.jpg
20-08-04 18:37:58.694 : -558-->    190.jpg
20-08-04 18:37:58.700 : -559-->    191.jpg
20-08-04 18:37:58.705 : -560-->    192.jpg
20-08-04 18:37:58.710 : -561-->    193.jpg
20-08-04 18:37:58.716 : -562-->    194.jpg
20-08-04 18:37:58.723 : -563-->    195.jpg
20-08-04 18:37:58.729 : -564-->    196.jpg
20-08-04 18:37:58.735 : -565-->    197.jpg
20-08-04 18:37:58.740 : -566-->    198.jpg
20-08-04 18:37:58.747 : -567-->    199.jpg
20-08-04 18:37:58.752 : -568-->      2.jpg
20-08-04 18:37:58.758 : -569-->     20.jpg
20-08-04 18:37:58.765 : -570-->    200.jpg
20-08-04 18:37:58.772 : -571-->    201.jpg
20-08-04 18:37:58.777 : -572-->    202.jpg
20-08-04 18:37:58.782 : -573-->    203.jpg
20-08-04 18:37:58.787 : -574-->    204.jpg
20-08-04 18:37:58.793 : -575-->    205.jpg
20-08-04 18:37:58.798 : -576-->    206.jpg
20-08-04 18:37:58.803 : -577-->    207.jpg
20-08-04 18:37:58.809 : -578-->    208.jpg
20-08-04 18:37:58.814 : -579-->    209.jpg
20-08-04 18:37:58.819 : -580-->     21.jpg
20-08-04 18:37:58.828 : -581-->    210.jpg
20-08-04 18:37:58.834 : -582-->    211.jpg
20-08-04 18:37:58.840 : -583-->    212.jpg
20-08-04 18:37:58.845 : -584-->    213.jpg
20-08-04 18:37:58.852 : -585-->    214.jpg
20-08-04 18:37:58.858 : -586-->    215.jpg
20-08-04 18:37:58.864 : -587-->    216.jpg
20-08-04 18:37:58.871 : -588-->    217.jpg
20-08-04 18:37:58.880 : -589-->    218.jpg
20-08-04 18:37:58.887 : -590-->    219.jpg
20-08-04 18:37:58.895 : -591-->     22.jpg
20-08-04 18:37:58.903 : -592-->    220.jpg
20-08-04 18:37:58.909 : -593-->    221.jpg
20-08-04 18:37:58.916 : -594-->    222.jpg
20-08-04 18:37:58.924 : -595-->    223.jpg
20-08-04 18:37:58.931 : -596-->    224.jpg
20-08-04 18:37:58.938 : -597-->    225.jpg
20-08-04 18:37:58.945 : -598-->    226.jpg
20-08-04 18:37:58.955 : -599-->    227.jpg
20-08-04 18:37:58.965 : -600-->    228.jpg
20-08-04 18:37:58.974 : -601-->    229.jpg
20-08-04 18:37:58.984 : -602-->     23.jpg
20-08-04 18:37:58.992 : -603-->    230.jpg
20-08-04 18:37:58.999 : -604-->    231.jpg
20-08-04 18:37:59.009 : -605-->    232.jpg
20-08-04 18:37:59.019 : -606-->    233.jpg
20-08-04 18:37:59.029 : -607-->    234.jpg
20-08-04 18:37:59.037 : -608-->    235.jpg
20-08-04 18:37:59.044 : -609-->    236.jpg
20-08-04 18:37:59.052 : -610-->    237.jpg
20-08-04 18:37:59.062 : -611-->    238.jpg
20-08-04 18:37:59.069 : -612-->    239.jpg
20-08-04 18:37:59.080 : -613-->     24.jpg
20-08-04 18:37:59.087 : -614-->    240.jpg
20-08-04 18:37:59.095 : -615-->    241.jpg
20-08-04 18:37:59.102 : -616-->    242.jpg
20-08-04 18:37:59.109 : -617-->    243.jpg
20-08-04 18:37:59.119 : -618-->    244.jpg
20-08-04 18:37:59.125 : -619-->    245.jpg
20-08-04 18:37:59.134 : -620-->    246.jpg
20-08-04 18:37:59.142 : -621-->    247.jpg
20-08-04 18:37:59.153 : -622-->    248.jpg
20-08-04 18:37:59.161 : -623-->    249.jpg
20-08-04 18:37:59.172 : -624-->     25.jpg
20-08-04 18:37:59.181 : -625-->    250.jpg
20-08-04 18:37:59.191 : -626-->    251.jpg
20-08-04 18:37:59.200 : -627-->    252.jpg
20-08-04 18:37:59.206 : -628-->    253.jpg
20-08-04 18:37:59.213 : -629-->    254.jpg
20-08-04 18:37:59.220 : -630-->    255.jpg
20-08-04 18:37:59.227 : -631-->    256.jpg
20-08-04 18:37:59.235 : -632-->    257.jpg
20-08-04 18:37:59.243 : -633-->    258.jpg
20-08-04 18:37:59.249 : -634-->    259.jpg
20-08-04 18:37:59.257 : -635-->     26.jpg
20-08-04 18:37:59.264 : -636-->    260.jpg
20-08-04 18:37:59.271 : -637-->    261.jpg
20-08-04 18:37:59.279 : -638-->    262.jpg
20-08-04 18:37:59.285 : -639-->    263.jpg
20-08-04 18:37:59.290 : -640-->    264.jpg
20-08-04 18:37:59.299 : -641-->    265.jpg
20-08-04 18:37:59.306 : -642-->    266.jpg
20-08-04 18:37:59.312 : -643-->    267.jpg
20-08-04 18:37:59.318 : -644-->    268.jpg
20-08-04 18:37:59.324 : -645-->    269.jpg
20-08-04 18:37:59.331 : -646-->     27.jpg
20-08-04 18:37:59.339 : -647-->    270.jpg
20-08-04 18:37:59.345 : -648-->    271.jpg
20-08-04 18:37:59.350 : -649-->    272.jpg
20-08-04 18:37:59.356 : -650-->    273.jpg
20-08-04 18:37:59.362 : -651-->    274.jpg
20-08-04 18:37:59.368 : -652-->    275.jpg
20-08-04 18:37:59.373 : -653-->    276.jpg
20-08-04 18:37:59.380 : -654-->    277.jpg
20-08-04 18:37:59.387 : -655-->    278.jpg
20-08-04 18:37:59.394 : -656-->    279.jpg
20-08-04 18:37:59.401 : -657-->     28.jpg
20-08-04 18:37:59.409 : -658-->    280.jpg
20-08-04 18:37:59.416 : -659-->    281.jpg
20-08-04 18:37:59.422 : -660-->    282.jpg
20-08-04 18:37:59.428 : -661-->    283.jpg
20-08-04 18:37:59.437 : -662-->    284.jpg
20-08-04 18:37:59.443 : -663-->    285.jpg
20-08-04 18:37:59.450 : -664-->    286.jpg
20-08-04 18:37:59.458 : -665-->    287.jpg
20-08-04 18:37:59.464 : -666-->    288.jpg
20-08-04 18:37:59.471 : -667-->    289.jpg
20-08-04 18:37:59.477 : -668-->     29.jpg
20-08-04 18:37:59.485 : -669-->    290.jpg
20-08-04 18:37:59.491 : -670-->    291.jpg
20-08-04 18:37:59.497 : -671-->    292.jpg
20-08-04 18:37:59.503 : -672-->    293.jpg
20-08-04 18:37:59.509 : -673-->    294.jpg
20-08-04 18:37:59.515 : -674-->    295.jpg
20-08-04 18:37:59.520 : -675-->    296.jpg
20-08-04 18:37:59.527 : -676-->    297.jpg
20-08-04 18:37:59.533 : -677-->    298.jpg
20-08-04 18:37:59.540 : -678-->    299.jpg
20-08-04 18:37:59.545 : -679-->      3.jpg
20-08-04 18:37:59.552 : -680-->     30.jpg
20-08-04 18:37:59.559 : -681-->    300.jpg
20-08-04 18:37:59.566 : -682-->    301.jpg
20-08-04 18:37:59.572 : -683-->    302.jpg
20-08-04 18:37:59.578 : -684-->    303.jpg
20-08-04 18:37:59.584 : -685-->    304.jpg
20-08-04 18:37:59.589 : -686-->    305.jpg
20-08-04 18:37:59.594 : -687-->    306.jpg
20-08-04 18:37:59.600 : -688-->    307.jpg
20-08-04 18:37:59.606 : -689-->    308.jpg
20-08-04 18:37:59.613 : -690-->    309.jpg
20-08-04 18:37:59.619 : -691-->     31.jpg
20-08-04 18:37:59.627 : -692-->    310.jpg
20-08-04 18:37:59.633 : -693-->    311.jpg
20-08-04 18:37:59.639 : -694-->    312.jpg
20-08-04 18:37:59.643 : -695-->    313.jpg
20-08-04 18:37:59.649 : -696-->    314.jpg
20-08-04 18:37:59.655 : -697-->    315.jpg
20-08-04 18:37:59.661 : -698-->    316.jpg
20-08-04 18:37:59.668 : -699-->    317.jpg
20-08-04 18:37:59.675 : -700-->    318.jpg
20-08-04 18:37:59.683 : -701-->    319.jpg
20-08-04 18:37:59.690 : -702-->     32.jpg
20-08-04 18:37:59.696 : -703-->    320.jpg
20-08-04 18:37:59.703 : -704-->    321.jpg
20-08-04 18:37:59.709 : -705-->    322.jpg
20-08-04 18:37:59.718 : -706-->    323.jpg
20-08-04 18:37:59.724 : -707-->    324.jpg
20-08-04 18:37:59.735 : -708-->    325.jpg
20-08-04 18:37:59.742 : -709-->    326.jpg
20-08-04 18:37:59.751 : -710-->    327.jpg
20-08-04 18:37:59.760 : -711-->    328.jpg
20-08-04 18:37:59.770 : -712-->    329.jpg
20-08-04 18:37:59.780 : -713-->     33.jpg
20-08-04 18:37:59.788 : -714-->    330.jpg
20-08-04 18:37:59.798 : -715-->    331.jpg
20-08-04 18:37:59.807 : -716-->    332.jpg
20-08-04 18:37:59.818 : -717-->    333.jpg
20-08-04 18:37:59.830 : -718-->    334.jpg
20-08-04 18:37:59.838 : -719-->    335.jpg
20-08-04 18:37:59.844 : -720-->    336.jpg
20-08-04 18:37:59.851 : -721-->    337.jpg
20-08-04 18:37:59.858 : -722-->    338.jpg
20-08-04 18:37:59.866 : -723-->    339.jpg
20-08-04 18:37:59.875 : -724-->     34.jpg
20-08-04 18:37:59.884 : -725-->    340.jpg
20-08-04 18:37:59.894 : -726-->    341.jpg
20-08-04 18:37:59.905 : -727-->    342.jpg
20-08-04 18:37:59.915 : -728-->    343.jpg
20-08-04 18:37:59.923 : -729-->    344.jpg
20-08-04 18:37:59.934 : -730-->    345.jpg
20-08-04 18:37:59.941 : -731-->    346.jpg
20-08-04 18:37:59.950 : -732-->    347.jpg
20-08-04 18:37:59.957 : -733-->    348.jpg
20-08-04 18:37:59.967 : -734-->    349.jpg
20-08-04 18:37:59.974 : -735-->     35.jpg
20-08-04 18:37:59.985 : -736-->    350.jpg
20-08-04 18:37:59.995 : -737-->    351.jpg
20-08-04 18:38:00.006 : -738-->    352.jpg
20-08-04 18:38:00.017 : -739-->    353.jpg
20-08-04 18:38:00.025 : -740-->    354.jpg
20-08-04 18:38:00.033 : -741-->    355.jpg
20-08-04 18:38:00.042 : -742-->    356.jpg
20-08-04 18:38:00.052 : -743-->    357.jpg
20-08-04 18:38:00.059 : -744-->    358.jpg
20-08-04 18:38:00.069 : -745-->    359.jpg
20-08-04 18:38:00.077 : -746-->     36.jpg
20-08-04 18:38:00.084 : -747-->    360.jpg
20-08-04 18:38:00.093 : -748-->    361.jpg
20-08-04 18:38:00.101 : -749-->    362.jpg
20-08-04 18:38:00.111 : -750-->    363.jpg
20-08-04 18:38:00.120 : -751-->    364.jpg
20-08-04 18:38:00.130 : -752-->    365.jpg
20-08-04 18:38:00.138 : -753-->    366.jpg
20-08-04 18:38:00.150 : -754-->    367.jpg
20-08-04 18:38:00.160 : -755-->    368.jpg
20-08-04 18:38:00.167 : -756-->    369.jpg
20-08-04 18:38:00.177 : -757-->     37.jpg
20-08-04 18:38:00.187 : -758-->    370.jpg
20-08-04 18:38:00.195 : -759-->    371.jpg
20-08-04 18:38:00.202 : -760-->    372.jpg
20-08-04 18:38:00.210 : -761-->    373.jpg
20-08-04 18:38:00.219 : -762-->    374.jpg
20-08-04 18:38:00.230 : -763-->    375.jpg
20-08-04 18:38:00.239 : -764-->    376.jpg
20-08-04 18:38:00.250 : -765-->    377.jpg
20-08-04 18:38:00.261 : -766-->    378.jpg
20-08-04 18:38:00.272 : -767-->    379.jpg
20-08-04 18:38:00.281 : -768-->     38.jpg
20-08-04 18:38:00.288 : -769-->    380.jpg
20-08-04 18:38:00.297 : -770-->    381.jpg
20-08-04 18:38:00.308 : -771-->    382.jpg
20-08-04 18:38:00.320 : -772-->    383.jpg
20-08-04 18:38:00.328 : -773-->    384.jpg
20-08-04 18:38:00.336 : -774-->    385.jpg
20-08-04 18:38:00.347 : -775-->    386.jpg
20-08-04 18:38:00.358 : -776-->    387.jpg
20-08-04 18:38:00.368 : -777-->    388.jpg
20-08-04 18:38:00.380 : -778-->    389.jpg
20-08-04 18:38:00.390 : -779-->     39.jpg
20-08-04 18:38:00.397 : -780-->    390.jpg
20-08-04 18:38:00.405 : -781-->    391.jpg
20-08-04 18:38:00.413 : -782-->    392.jpg
20-08-04 18:38:00.424 : -783-->    393.jpg
20-08-04 18:38:00.434 : -784-->    394.jpg
20-08-04 18:38:00.443 : -785-->    395.jpg
20-08-04 18:38:00.457 : -786-->    396.jpg
20-08-04 18:38:00.469 : -787-->    397.jpg
20-08-04 18:38:00.477 : -788-->    398.jpg
20-08-04 18:38:00.484 : -789-->    399.jpg
20-08-04 18:38:00.493 : -790-->      4.jpg
20-08-04 18:38:00.500 : -791-->     40.jpg
20-08-04 18:38:00.510 : -792-->    400.jpg
20-08-04 18:38:00.517 : -793-->    401.jpg
20-08-04 18:38:00.523 : -794-->    402.jpg
20-08-04 18:38:00.529 : -795-->    403.jpg
20-08-04 18:38:00.537 : -796-->    404.jpg
20-08-04 18:38:00.545 : -797-->    405.jpg
20-08-04 18:38:00.552 : -798-->    406.jpg
20-08-04 18:38:00.560 : -799-->    407.jpg
20-08-04 18:38:00.569 : -800-->    408.jpg
20-08-04 18:38:00.577 : -801-->    409.jpg
20-08-04 18:38:00.583 : -802-->     41.jpg
20-08-04 18:38:00.590 : -803-->    410.jpg
20-08-04 18:38:00.597 : -804-->    411.jpg
20-08-04 18:38:00.603 : -805-->    412.jpg
20-08-04 18:38:00.610 : -806-->    413.jpg
20-08-04 18:38:00.616 : -807-->    414.jpg
20-08-04 18:38:00.625 : -808-->    415.jpg
20-08-04 18:38:00.631 : -809-->    416.jpg
20-08-04 18:38:00.638 : -810-->    417.jpg
20-08-04 18:38:00.643 : -811-->    418.jpg
20-08-04 18:38:00.650 : -812-->    419.jpg
20-08-04 18:38:00.655 : -813-->     42.jpg
20-08-04 18:38:00.663 : -814-->    420.jpg
20-08-04 18:38:00.670 : -815-->    421.jpg
20-08-04 18:38:00.675 : -816-->    422.jpg
20-08-04 18:38:00.681 : -817-->    423.jpg
20-08-04 18:38:00.687 : -818-->    424.jpg
20-08-04 18:38:00.693 : -819-->    425.jpg
20-08-04 18:38:00.699 : -820-->    426.jpg
20-08-04 18:38:00.705 : -821-->    427.jpg
20-08-04 18:38:00.711 : -822-->    428.jpg
20-08-04 18:38:00.717 : -823-->    429.jpg
20-08-04 18:38:00.723 : -824-->     43.jpg
20-08-04 18:38:00.729 : -825-->    430.jpg
20-08-04 18:38:00.736 : -826-->    431.jpg
20-08-04 18:38:00.742 : -827-->    432.jpg
20-08-04 18:38:00.749 : -828-->    433.jpg
20-08-04 18:38:00.755 : -829-->    434.jpg
20-08-04 18:38:00.760 : -830-->    435.jpg
20-08-04 18:38:00.767 : -831-->    436.jpg
20-08-04 18:38:00.774 : -832-->    437.jpg
20-08-04 18:38:00.780 : -833-->    438.jpg
20-08-04 18:38:00.787 : -834-->    439.jpg
20-08-04 18:38:00.792 : -835-->     44.jpg
20-08-04 18:38:00.801 : -836-->    440.jpg
20-08-04 18:38:00.807 : -837-->    441.jpg
20-08-04 18:38:00.812 : -838-->    442.jpg
20-08-04 18:38:00.819 : -839-->    443.jpg
20-08-04 18:38:00.826 : -840-->    444.jpg
20-08-04 18:38:00.833 : -841-->    445.jpg
20-08-04 18:38:00.840 : -842-->    446.jpg
20-08-04 18:38:00.846 : -843-->    447.jpg
20-08-04 18:38:00.853 : -844-->    448.jpg
20-08-04 18:38:00.861 : -845-->    449.jpg
20-08-04 18:38:00.868 : -846-->     45.jpg
20-08-04 18:38:00.874 : -847-->    450.jpg
20-08-04 18:38:00.881 : -848-->    451.jpg
20-08-04 18:38:00.887 : -849-->    452.jpg
20-08-04 18:38:00.894 : -850-->    453.jpg
20-08-04 18:38:00.901 : -851-->    454.jpg
20-08-04 18:38:00.907 : -852-->    455.jpg
20-08-04 18:38:00.913 : -853-->    456.jpg
20-08-04 18:38:00.919 : -854-->    457.jpg
20-08-04 18:38:00.925 : -855-->    458.jpg
20-08-04 18:38:00.932 : -856-->    459.jpg
20-08-04 18:38:00.938 : -857-->     46.jpg
20-08-04 18:38:00.945 : -858-->    460.jpg
20-08-04 18:38:00.951 : -859-->    461.jpg
20-08-04 18:38:00.957 : -860-->    462.jpg
20-08-04 18:38:00.962 : -861-->    463.jpg
20-08-04 18:38:00.968 : -862-->    464.jpg
20-08-04 18:38:00.974 : -863-->    465.jpg
20-08-04 18:38:00.980 : -864-->    466.jpg
20-08-04 18:38:00.989 : -865-->    467.jpg
20-08-04 18:38:00.996 : -866-->    468.jpg
20-08-04 18:38:01.005 : -867-->    469.jpg
20-08-04 18:38:01.013 : -868-->     47.jpg
20-08-04 18:38:01.020 : -869-->    470.jpg
20-08-04 18:38:01.030 : -870-->    471.jpg
20-08-04 18:38:01.039 : -871-->    472.jpg
20-08-04 18:38:01.051 : -872-->    473.jpg
20-08-04 18:38:01.060 : -873-->    474.jpg
20-08-04 18:38:01.070 : -874-->    475.jpg
20-08-04 18:38:01.077 : -875-->    476.jpg
20-08-04 18:38:01.086 : -876-->    477.jpg
20-08-04 18:38:01.095 : -877-->    478.jpg
20-08-04 18:38:01.106 : -878-->    479.jpg
20-08-04 18:38:01.114 : -879-->     48.jpg
20-08-04 18:38:01.122 : -880-->    480.jpg
20-08-04 18:38:01.130 : -881-->    481.jpg
20-08-04 18:38:01.138 : -882-->    482.jpg
20-08-04 18:38:01.147 : -883-->    483.jpg
20-08-04 18:38:01.156 : -884-->    484.jpg
20-08-04 18:38:01.162 : -885-->    485.jpg
20-08-04 18:38:01.173 : -886-->    486.jpg
20-08-04 18:38:01.183 : -887-->    487.jpg
20-08-04 18:38:01.193 : -888-->    488.jpg
20-08-04 18:38:01.203 : -889-->    489.jpg
20-08-04 18:38:01.215 : -890-->     49.jpg
20-08-04 18:38:01.221 : -891-->    490.jpg
20-08-04 18:38:01.228 : -892-->    491.jpg
20-08-04 18:38:01.237 : -893-->    492.jpg
20-08-04 18:38:01.245 : -894-->    493.jpg
20-08-04 18:38:01.254 : -895-->    494.jpg
20-08-04 18:38:01.261 : -896-->    495.jpg
20-08-04 18:38:01.271 : -897-->    496.jpg
20-08-04 18:38:01.278 : -898-->    497.jpg
20-08-04 18:38:01.286 : -899-->    498.jpg
20-08-04 18:38:01.294 : -900-->    499.jpg
20-08-04 18:38:01.303 : -901-->      5.jpg
20-08-04 18:38:01.310 : -902-->     50.jpg
20-08-04 18:38:01.315 : -903-->    500.jpg
20-08-04 18:38:01.323 : -904-->    501.jpg
20-08-04 18:38:01.331 : -905-->    502.jpg
20-08-04 18:38:01.340 : -906-->    503.jpg
20-08-04 18:38:01.347 : -907-->    504.jpg
20-08-04 18:38:01.353 : -908-->    505.jpg
20-08-04 18:38:01.361 : -909-->    506.jpg
20-08-04 18:38:01.367 : -910-->    507.jpg
20-08-04 18:38:01.376 : -911-->    508.jpg
20-08-04 18:38:01.383 : -912-->    509.jpg
20-08-04 18:38:01.391 : -913-->     51.jpg
20-08-04 18:38:01.399 : -914-->    510.jpg
20-08-04 18:38:01.406 : -915-->    511.jpg
20-08-04 18:38:01.414 : -916-->    512.jpg
20-08-04 18:38:01.421 : -917-->    513.jpg
20-08-04 18:38:01.429 : -918-->    514.jpg
20-08-04 18:38:01.437 : -919-->    515.jpg
20-08-04 18:38:01.445 : -920-->    516.jpg
20-08-04 18:38:01.451 : -921-->    517.jpg
20-08-04 18:38:01.458 : -922-->    518.jpg
20-08-04 18:38:01.464 : -923-->    519.jpg
20-08-04 18:38:01.470 : -924-->     52.jpg
20-08-04 18:38:01.478 : -925-->    520.jpg
20-08-04 18:38:01.484 : -926-->    521.jpg
20-08-04 18:38:01.490 : -927-->    522.jpg
20-08-04 18:38:01.497 : -928-->    523.jpg
20-08-04 18:38:01.503 : -929-->    524.jpg
20-08-04 18:38:01.509 : -930-->    525.jpg
20-08-04 18:38:01.516 : -931-->    526.jpg
20-08-04 18:38:01.522 : -932-->    527.jpg
20-08-04 18:38:01.528 : -933-->    528.jpg
20-08-04 18:38:01.534 : -934-->    529.jpg
20-08-04 18:38:01.541 : -935-->     53.jpg
20-08-04 18:38:01.548 : -936-->    530.jpg
20-08-04 18:38:01.555 : -937-->    531.jpg
20-08-04 18:38:01.563 : -938-->    532.jpg
20-08-04 18:38:01.569 : -939-->    533.jpg
20-08-04 18:38:01.576 : -940-->    534.jpg
20-08-04 18:38:01.582 : -941-->    535.jpg
20-08-04 18:38:01.590 : -942-->    536.jpg
20-08-04 18:38:01.595 : -943-->    537.jpg
20-08-04 18:38:01.603 : -944-->    538.jpg
20-08-04 18:38:01.609 : -945-->    539.jpg
20-08-04 18:38:01.616 : -946-->     54.jpg
20-08-04 18:38:01.625 : -947-->    540.jpg
20-08-04 18:38:01.632 : -948-->    541.jpg
20-08-04 18:38:01.639 : -949-->    542.jpg
20-08-04 18:38:01.645 : -950-->    543.jpg
20-08-04 18:38:01.651 : -951-->    544.jpg
20-08-04 18:38:01.656 : -952-->    545.jpg
20-08-04 18:38:01.661 : -953-->    546.jpg
20-08-04 18:38:01.667 : -954-->    547.jpg
20-08-04 18:38:01.672 : -955-->    548.jpg
20-08-04 18:38:01.678 : -956-->    549.jpg
20-08-04 18:38:01.683 : -957-->     55.jpg
20-08-04 18:38:01.691 : -958-->    550.jpg
20-08-04 18:38:01.698 : -959-->    551.jpg
20-08-04 18:38:01.704 : -960-->    552.jpg
20-08-04 18:38:01.711 : -961-->    553.jpg
20-08-04 18:38:01.718 : -962-->    554.jpg
20-08-04 18:38:01.726 : -963-->    555.jpg
20-08-04 18:38:01.731 : -964-->    556.jpg
20-08-04 18:38:01.738 : -965-->    557.jpg
20-08-04 18:38:01.744 : -966-->    558.jpg
20-08-04 18:38:01.750 : -967-->    559.jpg
20-08-04 18:38:01.756 : -968-->     56.jpg
20-08-04 18:38:01.764 : -969-->    560.jpg
20-08-04 18:38:01.770 : -970-->    561.jpg
20-08-04 18:38:01.775 : -971-->    562.jpg
20-08-04 18:38:01.781 : -972-->    563.jpg
20-08-04 18:38:01.788 : -973-->    564.jpg
20-08-04 18:38:01.793 : -974-->    565.jpg
20-08-04 18:38:01.801 : -975-->    566.jpg
20-08-04 18:38:01.808 : -976-->    567.jpg
20-08-04 18:38:01.817 : -977-->    568.jpg
20-08-04 18:38:01.824 : -978-->    569.jpg
20-08-04 18:38:01.831 : -979-->     57.jpg
20-08-04 18:38:01.837 : -980-->    570.jpg
20-08-04 18:38:01.845 : -981-->    571.jpg
20-08-04 18:38:01.852 : -982-->    572.jpg
20-08-04 18:38:01.860 : -983-->    573.jpg
20-08-04 18:38:01.866 : -984-->    574.jpg
20-08-04 18:38:01.873 : -985-->    575.jpg
20-08-04 18:38:01.882 : -986-->    576.jpg
20-08-04 18:38:01.891 : -987-->    577.jpg
20-08-04 18:38:01.898 : -988-->    578.jpg
20-08-04 18:38:01.907 : -989-->    579.jpg
20-08-04 18:38:01.914 : -990-->     58.jpg
20-08-04 18:38:01.921 : -991-->    580.jpg
20-08-04 18:38:01.931 : -992-->    581.jpg
20-08-04 18:38:01.937 : -993-->    582.jpg
20-08-04 18:38:01.946 : -994-->    583.jpg
20-08-04 18:38:01.953 : -995-->    584.jpg
20-08-04 18:38:01.960 : -996-->    585.jpg
20-08-04 18:38:01.969 : -997-->    586.jpg
20-08-04 18:38:01.978 : -998-->    587.jpg
20-08-04 18:38:01.984 : -999-->    588.jpg
20-08-04 18:38:01.992 : 1000-->    589.jpg
20-08-04 18:38:02.000 : 1001-->     59.jpg
20-08-04 18:38:02.006 : 1002-->    590.jpg
20-08-04 18:38:02.014 : 1003-->    591.jpg
20-08-04 18:38:02.023 : 1004-->    592.jpg
20-08-04 18:38:02.030 : 1005-->    593.jpg
20-08-04 18:38:02.039 : 1006-->    594.jpg
20-08-04 18:38:02.047 : 1007-->    595.jpg
20-08-04 18:38:02.055 : 1008-->    596.jpg
20-08-04 18:38:02.061 : 1009-->    597.jpg
20-08-04 18:38:02.071 : 1010-->    598.jpg
20-08-04 18:38:02.077 : 1011-->    599.jpg
20-08-04 18:38:02.086 : 1012-->      6.jpg
20-08-04 18:38:02.094 : 1013-->     60.jpg
20-08-04 18:38:02.103 : 1014-->    600.jpg
20-08-04 18:38:02.112 : 1015-->    601.jpg
20-08-04 18:38:02.120 : 1016-->    602.jpg
20-08-04 18:38:02.129 : 1017-->    603.jpg
20-08-04 18:38:02.139 : 1018-->    604.jpg
20-08-04 18:38:02.146 : 1019-->    605.jpg
20-08-04 18:38:02.156 : 1020-->    606.jpg
20-08-04 18:38:02.165 : 1021-->    607.jpg
20-08-04 18:38:02.175 : 1022-->    608.jpg
20-08-04 18:38:02.187 : 1023-->    609.jpg
20-08-04 18:38:02.196 : 1024-->     61.jpg
20-08-04 18:38:02.202 : 1025-->    610.jpg
20-08-04 18:38:02.212 : 1026-->    611.jpg
20-08-04 18:38:02.224 : 1027-->    612.jpg
20-08-04 18:38:02.234 : 1028-->    613.jpg
20-08-04 18:38:02.244 : 1029-->    614.jpg
20-08-04 18:38:02.255 : 1030-->    615.jpg
20-08-04 18:38:02.267 : 1031-->    616.jpg
20-08-04 18:38:02.274 : 1032-->    617.jpg
20-08-04 18:38:02.285 : 1033-->    618.jpg
20-08-04 18:38:02.291 : 1034-->    619.jpg
20-08-04 18:38:02.303 : 1035-->     62.jpg
20-08-04 18:38:02.315 : 1036-->    620.jpg
20-08-04 18:38:02.322 : 1037-->    621.jpg
20-08-04 18:38:02.330 : 1038-->    622.jpg
20-08-04 18:38:02.338 : 1039-->    623.jpg
20-08-04 18:38:02.348 : 1040-->    624.jpg
20-08-04 18:38:02.356 : 1041-->    625.jpg
20-08-04 18:38:02.366 : 1042-->    626.jpg
20-08-04 18:38:02.374 : 1043-->    627.jpg
20-08-04 18:38:02.383 : 1044-->    628.jpg
20-08-04 18:38:02.390 : 1045-->    629.jpg
20-08-04 18:38:02.399 : 1046-->     63.jpg
20-08-04 18:38:02.405 : 1047-->    630.jpg
20-08-04 18:38:02.412 : 1048-->    631.jpg
20-08-04 18:38:02.421 : 1049-->    632.jpg
20-08-04 18:38:02.426 : 1050-->    633.jpg
20-08-04 18:38:02.437 : 1051-->    634.jpg
20-08-04 18:38:02.444 : 1052-->    635.jpg
20-08-04 18:38:02.453 : 1053-->    636.jpg
20-08-04 18:38:02.460 : 1054-->    637.jpg
20-08-04 18:38:02.468 : 1055-->    638.jpg
20-08-04 18:38:02.476 : 1056-->    639.jpg
20-08-04 18:38:02.484 : 1057-->     64.jpg
20-08-04 18:38:02.494 : 1058-->    640.jpg
20-08-04 18:38:02.500 : 1059-->    641.jpg
20-08-04 18:38:02.508 : 1060-->    642.jpg
20-08-04 18:38:02.513 : 1061-->    643.jpg
20-08-04 18:38:02.520 : 1062-->    644.jpg
20-08-04 18:38:02.525 : 1063-->    645.jpg
20-08-04 18:38:02.532 : 1064-->    646.jpg
20-08-04 18:38:02.538 : 1065-->    647.jpg
20-08-04 18:38:02.544 : 1066-->    648.jpg
20-08-04 18:38:02.549 : 1067-->    649.jpg
20-08-04 18:38:02.555 : 1068-->     65.jpg
20-08-04 18:38:02.562 : 1069-->    650.jpg
20-08-04 18:38:02.567 : 1070-->    651.jpg
20-08-04 18:38:02.572 : 1071-->    652.jpg
20-08-04 18:38:02.578 : 1072-->    653.jpg
20-08-04 18:38:02.584 : 1073-->    654.jpg
20-08-04 18:38:02.589 : 1074-->    655.jpg
20-08-04 18:38:02.597 : 1075-->    656.jpg
20-08-04 18:38:02.605 : 1076-->    657.jpg
20-08-04 18:38:02.610 : 1077-->    658.jpg
20-08-04 18:38:02.618 : 1078-->    659.jpg
20-08-04 18:38:02.624 : 1079-->     66.jpg
20-08-04 18:38:02.632 : 1080-->    660.jpg
20-08-04 18:38:02.640 : 1081-->    661.jpg
20-08-04 18:38:02.646 : 1082-->    662.jpg
20-08-04 18:38:02.653 : 1083-->    663.jpg
20-08-04 18:38:02.659 : 1084-->    664.jpg
20-08-04 18:38:02.666 : 1085-->    665.jpg
20-08-04 18:38:02.672 : 1086-->    666.jpg
20-08-04 18:38:02.680 : 1087-->    667.jpg
20-08-04 18:38:02.688 : 1088-->    668.jpg
20-08-04 18:38:02.693 : 1089-->    669.jpg
20-08-04 18:38:02.701 : 1090-->     67.jpg
20-08-04 18:38:02.707 : 1091-->    670.jpg
20-08-04 18:38:02.714 : 1092-->    671.jpg
20-08-04 18:38:02.721 : 1093-->    672.jpg
20-08-04 18:38:02.728 : 1094-->    673.jpg
20-08-04 18:38:02.736 : 1095-->    674.jpg
20-08-04 18:38:02.744 : 1096-->    675.jpg
20-08-04 18:38:02.751 : 1097-->    676.jpg
20-08-04 18:38:02.760 : 1098-->    677.jpg
20-08-04 18:38:02.770 : 1099-->    678.jpg
20-08-04 18:38:02.776 : 1100-->    679.jpg
20-08-04 18:38:02.784 : 1101-->     68.jpg
20-08-04 18:38:02.792 : 1102-->    680.jpg
20-08-04 18:38:02.799 : 1103-->    681.jpg
20-08-04 18:38:02.806 : 1104-->    682.jpg
20-08-04 18:38:02.812 : 1105-->    683.jpg
20-08-04 18:38:02.818 : 1106-->    684.jpg
20-08-04 18:38:02.825 : 1107-->    685.jpg
20-08-04 18:38:02.833 : 1108-->    686.jpg
20-08-04 18:38:02.839 : 1109-->    687.jpg
20-08-04 18:38:02.846 : 1110-->    688.jpg
20-08-04 18:38:02.852 : 1111-->    689.jpg
20-08-04 18:38:02.860 : 1112-->     69.jpg
20-08-04 18:38:02.865 : 1113-->    690.jpg
20-08-04 18:38:02.872 : 1114-->    691.jpg
20-08-04 18:38:02.879 : 1115-->    692.jpg
20-08-04 18:38:02.886 : 1116-->    693.jpg
20-08-04 18:38:02.892 : 1117-->    694.jpg
20-08-04 18:38:02.898 : 1118-->    695.jpg
20-08-04 18:38:02.905 : 1119-->    696.jpg
20-08-04 18:38:02.913 : 1120-->    697.jpg
20-08-04 18:38:02.923 : 1121-->    698.jpg
20-08-04 18:38:02.933 : 1122-->    699.jpg
20-08-04 18:38:02.940 : 1123-->      7.jpg
20-08-04 18:38:02.946 : 1124-->     70.jpg
20-08-04 18:38:02.956 : 1125-->    700.jpg
20-08-04 18:38:02.963 : 1126-->    701.jpg
20-08-04 18:38:02.971 : 1127-->    702.jpg
20-08-04 18:38:02.978 : 1128-->    703.jpg
20-08-04 18:38:02.987 : 1129-->    704.jpg
20-08-04 18:38:02.994 : 1130-->    705.jpg
20-08-04 18:38:03.003 : 1131-->    706.jpg
20-08-04 18:38:03.010 : 1132-->    707.jpg
20-08-04 18:38:03.018 : 1133-->    708.jpg
20-08-04 18:38:03.026 : 1134-->    709.jpg
20-08-04 18:38:03.036 : 1135-->     71.jpg
20-08-04 18:38:03.043 : 1136-->    710.jpg
20-08-04 18:38:03.050 : 1137-->    711.jpg
20-08-04 18:38:03.057 : 1138-->    712.jpg
20-08-04 18:38:03.065 : 1139-->    713.jpg
20-08-04 18:38:03.072 : 1140-->    714.jpg
20-08-04 18:38:03.080 : 1141-->    715.jpg
20-08-04 18:38:03.088 : 1142-->    716.jpg
20-08-04 18:38:03.095 : 1143-->    717.jpg
20-08-04 18:38:03.102 : 1144-->    718.jpg
20-08-04 18:38:03.108 : 1145-->    719.jpg
20-08-04 18:38:03.114 : 1146-->     72.jpg
20-08-04 18:38:03.122 : 1147-->    720.jpg
20-08-04 18:38:03.127 : 1148-->    721.jpg
20-08-04 18:38:03.133 : 1149-->    722.jpg
20-08-04 18:38:03.139 : 1150-->    723.jpg
20-08-04 18:38:03.147 : 1151-->    724.jpg
20-08-04 18:38:03.153 : 1152-->    725.jpg
20-08-04 18:38:03.160 : 1153-->    726.jpg
20-08-04 18:38:03.167 : 1154-->    727.jpg
20-08-04 18:38:03.173 : 1155-->    728.jpg
20-08-04 18:38:03.179 : 1156-->    729.jpg
20-08-04 18:38:03.185 : 1157-->     73.jpg
20-08-04 18:38:03.190 : 1158-->    730.jpg
20-08-04 18:38:03.197 : 1159-->    731.jpg
20-08-04 18:38:03.204 : 1160-->    732.jpg
20-08-04 18:38:03.211 : 1161-->    733.jpg
20-08-04 18:38:03.218 : 1162-->    734.jpg
20-08-04 18:38:03.225 : 1163-->    735.jpg
20-08-04 18:38:03.231 : 1164-->    736.jpg
20-08-04 18:38:03.236 : 1165-->    737.jpg
20-08-04 18:38:03.242 : 1166-->    738.jpg
20-08-04 18:38:03.247 : 1167-->    739.jpg
20-08-04 18:38:03.256 : 1168-->     74.jpg
20-08-04 18:38:03.262 : 1169-->    740.jpg
20-08-04 18:38:03.269 : 1170-->    741.jpg
20-08-04 18:38:03.277 : 1171-->    742.jpg
20-08-04 18:38:03.284 : 1172-->    743.jpg
20-08-04 18:38:03.291 : 1173-->    744.jpg
20-08-04 18:38:03.297 : 1174-->    745.jpg
20-08-04 18:38:03.306 : 1175-->    746.jpg
20-08-04 18:38:03.311 : 1176-->    747.jpg
20-08-04 18:38:03.319 : 1177-->    748.jpg
20-08-04 18:38:03.324 : 1178-->    749.jpg
20-08-04 18:38:03.331 : 1179-->     75.jpg
20-08-04 18:38:03.338 : 1180-->    750.jpg
20-08-04 18:38:03.343 : 1181-->    751.jpg
20-08-04 18:38:03.350 : 1182-->    752.jpg
20-08-04 18:38:03.356 : 1183-->    753.jpg
20-08-04 18:38:03.362 : 1184-->    754.jpg
20-08-04 18:38:03.369 : 1185-->    755.jpg
20-08-04 18:38:03.376 : 1186-->    756.jpg
20-08-04 18:38:03.383 : 1187-->    757.jpg
20-08-04 18:38:03.390 : 1188-->    758.jpg
20-08-04 18:38:03.396 : 1189-->    759.jpg
20-08-04 18:38:03.404 : 1190-->     76.jpg
20-08-04 18:38:03.412 : 1191-->    760.jpg
20-08-04 18:38:03.420 : 1192-->    761.jpg
20-08-04 18:38:03.426 : 1193-->    762.jpg
20-08-04 18:38:03.433 : 1194-->    763.jpg
20-08-04 18:38:03.439 : 1195-->    764.jpg
20-08-04 18:38:03.445 : 1196-->    765.jpg
20-08-04 18:38:03.453 : 1197-->    766.jpg
20-08-04 18:38:03.461 : 1198-->    767.jpg
20-08-04 18:38:03.470 : 1199-->    768.jpg
20-08-04 18:38:03.477 : 1200-->    769.jpg
20-08-04 18:38:03.486 : 1201-->     77.jpg
20-08-04 18:38:03.494 : 1202-->    770.jpg
20-08-04 18:38:03.501 : 1203-->    771.jpg
20-08-04 18:38:03.510 : 1204-->    772.jpg
20-08-04 18:38:03.517 : 1205-->    773.jpg
20-08-04 18:38:03.525 : 1206-->    774.jpg
20-08-04 18:38:03.531 : 1207-->    775.jpg
20-08-04 18:38:03.539 : 1208-->    776.jpg
20-08-04 18:38:03.546 : 1209-->    777.jpg
20-08-04 18:38:03.555 : 1210-->    778.jpg
20-08-04 18:38:03.561 : 1211-->    779.jpg
20-08-04 18:38:03.570 : 1212-->     78.jpg
20-08-04 18:38:03.576 : 1213-->    780.jpg
20-08-04 18:38:03.583 : 1214-->    781.jpg
20-08-04 18:38:03.592 : 1215-->    782.jpg
20-08-04 18:38:03.599 : 1216-->    783.jpg
20-08-04 18:38:03.608 : 1217-->    784.jpg
20-08-04 18:38:03.615 : 1218-->    785.jpg
20-08-04 18:38:03.627 : 1219-->    786.jpg
20-08-04 18:38:03.634 : 1220-->    787.jpg
20-08-04 18:38:03.647 : 1221-->    788.jpg
20-08-04 18:38:03.654 : 1222-->    789.jpg
20-08-04 18:38:03.665 : 1223-->     79.jpg
20-08-04 18:38:03.676 : 1224-->    790.jpg
20-08-04 18:38:03.687 : 1225-->    791.jpg
20-08-04 18:38:03.701 : 1226-->    792.jpg
20-08-04 18:38:03.712 : 1227-->    793.jpg
20-08-04 18:38:03.724 : 1228-->    794.jpg
20-08-04 18:38:03.735 : 1229-->    795.jpg
20-08-04 18:38:03.747 : 1230-->    796.jpg
20-08-04 18:38:03.757 : 1231-->    797.jpg
20-08-04 18:38:03.768 : 1232-->    798.jpg
20-08-04 18:38:03.776 : 1233-->    799.jpg
20-08-04 18:38:03.785 : 1234-->      8.jpg
20-08-04 18:38:03.794 : 1235-->     80.jpg
20-08-04 18:38:03.802 : 1236-->    800.jpg
20-08-04 18:38:03.809 : 1237-->    801.jpg
20-08-04 18:38:03.820 : 1238-->    802.jpg
20-08-04 18:38:03.828 : 1239-->    803.jpg
20-08-04 18:38:03.836 : 1240-->    804.jpg
20-08-04 18:38:03.844 : 1241-->    805.jpg
20-08-04 18:38:03.854 : 1242-->    806.jpg
20-08-04 18:38:03.860 : 1243-->    807.jpg
20-08-04 18:38:03.868 : 1244-->    808.jpg
20-08-04 18:38:03.876 : 1245-->    809.jpg
20-08-04 18:38:03.887 : 1246-->     81.jpg
20-08-04 18:38:03.896 : 1247-->    810.jpg
20-08-04 18:38:03.904 : 1248-->    811.jpg
20-08-04 18:38:03.917 : 1249-->    812.jpg
20-08-04 18:38:03.924 : 1250-->    813.jpg
20-08-04 18:38:03.933 : 1251-->    814.jpg
20-08-04 18:38:03.939 : 1252-->    815.jpg
20-08-04 18:38:03.946 : 1253-->    816.jpg
20-08-04 18:38:03.952 : 1254-->    817.jpg
20-08-04 18:38:03.958 : 1255-->    818.jpg
20-08-04 18:38:03.964 : 1256-->    819.jpg
20-08-04 18:38:03.971 : 1257-->     82.jpg
20-08-04 18:38:03.977 : 1258-->    820.jpg
20-08-04 18:38:03.983 : 1259-->    821.jpg
20-08-04 18:38:03.990 : 1260-->    822.jpg
20-08-04 18:38:03.995 : 1261-->    823.jpg
20-08-04 18:38:04.001 : 1262-->    824.jpg
20-08-04 18:38:04.008 : 1263-->    825.jpg
20-08-04 18:38:04.014 : 1264-->    826.jpg
20-08-04 18:38:04.020 : 1265-->    827.jpg
20-08-04 18:38:04.025 : 1266-->    828.jpg
20-08-04 18:38:04.030 : 1267-->    829.jpg
20-08-04 18:38:04.036 : 1268-->     83.jpg
20-08-04 18:38:04.043 : 1269-->    830.jpg
20-08-04 18:38:04.050 : 1270-->    831.jpg
20-08-04 18:38:04.055 : 1271-->    832.jpg
20-08-04 18:38:04.060 : 1272-->    833.jpg
20-08-04 18:38:04.066 : 1273-->    834.jpg
20-08-04 18:38:04.072 : 1274-->    835.jpg
20-08-04 18:38:04.077 : 1275-->    836.jpg
20-08-04 18:38:04.083 : 1276-->    837.jpg
20-08-04 18:38:04.090 : 1277-->    838.jpg
20-08-04 18:38:04.096 : 1278-->    839.jpg
20-08-04 18:38:04.102 : 1279-->     84.jpg
20-08-04 18:38:04.111 : 1280-->    840.jpg
20-08-04 18:38:04.117 : 1281-->    841.jpg
20-08-04 18:38:04.123 : 1282-->    842.jpg
20-08-04 18:38:04.131 : 1283-->    843.jpg
20-08-04 18:38:04.137 : 1284-->    844.jpg
20-08-04 18:38:04.143 : 1285-->    845.jpg
20-08-04 18:38:04.152 : 1286-->    846.jpg
20-08-04 18:38:04.159 : 1287-->    847.jpg
20-08-04 18:38:04.165 : 1288-->    848.jpg
20-08-04 18:38:04.172 : 1289-->    849.jpg
20-08-04 18:38:04.180 : 1290-->     85.jpg
20-08-04 18:38:04.189 : 1291-->    850.jpg
20-08-04 18:38:04.196 : 1292-->    851.jpg
20-08-04 18:38:04.202 : 1293-->    852.jpg
20-08-04 18:38:04.209 : 1294-->    853.jpg
20-08-04 18:38:04.215 : 1295-->    854.jpg
20-08-04 18:38:04.221 : 1296-->    855.jpg
20-08-04 18:38:04.228 : 1297-->    856.jpg
20-08-04 18:38:04.233 : 1298-->    857.jpg
20-08-04 18:38:04.239 : 1299-->    858.jpg
20-08-04 18:38:04.245 : 1300-->    859.jpg
20-08-04 18:38:04.252 : 1301-->     86.jpg
20-08-04 18:38:04.259 : 1302-->    860.jpg
20-08-04 18:38:04.266 : 1303-->    861.jpg
20-08-04 18:38:04.277 : 1304-->    862.jpg
20-08-04 18:38:04.284 : 1305-->    863.jpg
20-08-04 18:38:04.294 : 1306-->    864.jpg
20-08-04 18:38:04.301 : 1307-->    865.jpg
20-08-04 18:38:04.309 : 1308-->    866.jpg
20-08-04 18:38:04.317 : 1309-->    867.jpg
20-08-04 18:38:04.326 : 1310-->    868.jpg
20-08-04 18:38:04.333 : 1311-->    869.jpg
20-08-04 18:38:04.342 : 1312-->     87.jpg
20-08-04 18:38:04.350 : 1313-->    870.jpg
20-08-04 18:38:04.357 : 1314-->    871.jpg
20-08-04 18:38:04.366 : 1315-->    872.jpg
20-08-04 18:38:04.373 : 1316-->    873.jpg
20-08-04 18:38:04.380 : 1317-->    874.jpg
20-08-04 18:38:04.386 : 1318-->    875.jpg
20-08-04 18:38:04.392 : 1319-->    876.jpg
20-08-04 18:38:04.401 : 1320-->    877.jpg
20-08-04 18:38:04.410 : 1321-->    878.jpg
20-08-04 18:38:04.418 : 1322-->    879.jpg
20-08-04 18:38:04.427 : 1323-->     88.jpg
20-08-04 18:38:04.434 : 1324-->    880.jpg
20-08-04 18:38:04.442 : 1325-->    881.jpg
20-08-04 18:38:04.451 : 1326-->    882.jpg
20-08-04 18:38:04.458 : 1327-->    883.jpg
20-08-04 18:38:04.466 : 1328-->    884.jpg
20-08-04 18:38:04.473 : 1329-->    885.jpg
20-08-04 18:38:04.482 : 1330-->    886.jpg
20-08-04 18:38:04.490 : 1331-->    887.jpg
20-08-04 18:38:04.499 : 1332-->    888.jpg
20-08-04 18:38:04.507 : 1333-->    889.jpg
20-08-04 18:38:04.518 : 1334-->     89.jpg
20-08-04 18:38:04.531 : 1335-->    890.jpg
20-08-04 18:38:04.539 : 1336-->    891.jpg
20-08-04 18:38:04.545 : 1337-->    892.jpg
20-08-04 18:38:04.552 : 1338-->    893.jpg
20-08-04 18:38:04.559 : 1339-->    894.jpg
20-08-04 18:38:04.568 : 1340-->    895.jpg
20-08-04 18:38:04.575 : 1341-->    896.jpg
20-08-04 18:38:04.585 : 1342-->    897.jpg
20-08-04 18:38:04.593 : 1343-->    898.jpg
20-08-04 18:38:04.600 : 1344-->    899.jpg
20-08-04 18:38:04.608 : 1345-->      9.jpg
20-08-04 18:38:04.615 : 1346-->     90.jpg
20-08-04 18:38:04.621 : 1347-->    900.jpg
20-08-04 18:38:04.630 : 1348-->    901.jpg
20-08-04 18:38:04.636 : 1349-->    902.jpg
20-08-04 18:38:04.644 : 1350-->    903.jpg
20-08-04 18:38:04.653 : 1351-->    904.jpg
20-08-04 18:38:04.660 : 1352-->    905.jpg
20-08-04 18:38:04.671 : 1353-->    906.jpg
20-08-04 18:38:04.679 : 1354-->    907.jpg
20-08-04 18:38:04.688 : 1355-->    908.jpg
20-08-04 18:38:04.694 : 1356-->    909.jpg
20-08-04 18:38:04.703 : 1357-->     91.jpg
20-08-04 18:38:04.716 : 1358-->    910.jpg
20-08-04 18:38:04.721 : 1359-->    911.jpg
20-08-04 18:38:04.728 : 1360-->    912.jpg
20-08-04 18:38:04.734 : 1361-->    913.jpg
20-08-04 18:38:04.740 : 1362-->    914.jpg
20-08-04 18:38:04.745 : 1363-->    915.jpg
20-08-04 18:38:04.750 : 1364-->    916.jpg
20-08-04 18:38:04.758 : 1365-->    917.jpg
20-08-04 18:38:04.763 : 1366-->    918.jpg
20-08-04 18:38:04.770 : 1367-->    919.jpg
20-08-04 18:38:04.777 : 1368-->     92.jpg
20-08-04 18:38:04.784 : 1369-->    920.jpg
20-08-04 18:38:04.793 : 1370-->    921.jpg
20-08-04 18:38:04.799 : 1371-->    922.jpg
20-08-04 18:38:04.807 : 1372-->    923.jpg
20-08-04 18:38:04.813 : 1373-->    924.jpg
20-08-04 18:38:04.819 : 1374-->    925.jpg
20-08-04 18:38:04.826 : 1375-->    926.jpg
20-08-04 18:38:04.832 : 1376-->    927.jpg
20-08-04 18:38:04.838 : 1377-->    928.jpg
20-08-04 18:38:04.844 : 1378-->    929.jpg
20-08-04 18:38:04.850 : 1379-->     93.jpg
20-08-04 18:38:04.859 : 1380-->    930.jpg
20-08-04 18:38:04.866 : 1381-->    931.jpg
20-08-04 18:38:04.872 : 1382-->    932.jpg
20-08-04 18:38:04.878 : 1383-->    933.jpg
20-08-04 18:38:04.884 : 1384-->    934.jpg
20-08-04 18:38:04.892 : 1385-->    935.jpg
20-08-04 18:38:04.899 : 1386-->    936.jpg
20-08-04 18:38:04.907 : 1387-->    937.jpg
20-08-04 18:38:04.914 : 1388-->    938.jpg
20-08-04 18:38:04.920 : 1389-->    939.jpg
20-08-04 18:38:04.926 : 1390-->     94.jpg
20-08-04 18:38:04.933 : 1391-->    940.jpg
20-08-04 18:38:04.939 : 1392-->    941.jpg
20-08-04 18:38:04.945 : 1393-->    942.jpg
20-08-04 18:38:04.951 : 1394-->    943.jpg
20-08-04 18:38:04.957 : 1395-->    944.jpg
20-08-04 18:38:04.962 : 1396-->    945.jpg
20-08-04 18:38:04.968 : 1397-->    946.jpg
20-08-04 18:38:04.974 : 1398-->    947.jpg
20-08-04 18:38:04.981 : 1399-->    948.jpg
20-08-04 18:38:04.987 : 1400-->    949.jpg
20-08-04 18:38:04.995 : 1401-->     95.jpg
20-08-04 18:38:05.001 : 1402-->    950.jpg
20-08-04 18:38:05.007 : 1403-->    951.jpg
20-08-04 18:38:05.014 : 1404-->    952.jpg
20-08-04 18:38:05.020 : 1405-->    953.jpg
20-08-04 18:38:05.027 : 1406-->    954.jpg
20-08-04 18:38:05.033 : 1407-->    955.jpg
20-08-04 18:38:05.045 : 1408-->    956.jpg
20-08-04 18:38:05.051 : 1409-->    957.jpg
20-08-04 18:38:05.058 : 1410-->    958.jpg
20-08-04 18:38:05.064 : 1411-->    959.jpg
20-08-04 18:38:05.070 : 1412-->     96.jpg
20-08-04 18:38:05.079 : 1413-->    960.jpg
20-08-04 18:38:05.087 : 1414-->    961.jpg
20-08-04 18:38:05.095 : 1415-->    962.jpg
20-08-04 18:38:05.101 : 1416-->    963.jpg
20-08-04 18:38:05.110 : 1417-->    964.jpg
20-08-04 18:38:05.118 : 1418-->    965.jpg
20-08-04 18:38:05.126 : 1419-->    966.jpg
20-08-04 18:38:05.133 : 1420-->    967.jpg
20-08-04 18:38:05.141 : 1421-->    968.jpg
20-08-04 18:38:05.152 : 1422-->    969.jpg
20-08-04 18:38:05.160 : 1423-->     97.jpg
20-08-04 18:38:05.168 : 1424-->    970.jpg
20-08-04 18:38:05.176 : 1425-->    971.jpg
20-08-04 18:38:05.186 : 1426-->    972.jpg
20-08-04 18:38:05.193 : 1427-->    973.jpg
20-08-04 18:38:05.203 : 1428-->    974.jpg
20-08-04 18:38:05.209 : 1429-->    975.jpg
20-08-04 18:38:05.216 : 1430-->    976.jpg
20-08-04 18:38:05.223 : 1431-->    977.jpg
20-08-04 18:38:05.231 : 1432-->    978.jpg
20-08-04 18:38:05.239 : 1433-->    979.jpg
20-08-04 18:38:05.246 : 1434-->     98.jpg
20-08-04 18:38:05.255 : 1435-->    980.jpg
20-08-04 18:38:05.263 : 1436-->    981.jpg
20-08-04 18:38:05.271 : 1437-->    982.jpg
20-08-04 18:38:05.278 : 1438-->    983.jpg
20-08-04 18:38:05.285 : 1439-->    984.jpg
20-08-04 18:38:05.295 : 1440-->    985.jpg
20-08-04 18:38:05.304 : 1441-->    986.jpg
20-08-04 18:38:05.313 : 1442-->    987.jpg
20-08-04 18:38:05.321 : 1443-->    988.jpg
20-08-04 18:38:05.330 : 1444-->    989.jpg
20-08-04 18:38:05.337 : 1445-->     99.jpg
20-08-04 18:38:05.347 : 1446-->    990.jpg
20-08-04 18:38:05.354 : 1447-->    991.jpg
20-08-04 18:38:05.363 : 1448-->    992.jpg
20-08-04 18:38:05.372 : 1449-->    993.jpg
20-08-04 18:38:05.380 : 1450-->    994.jpg
20-08-04 18:38:05.387 : 1451-->    995.jpg
20-08-04 18:38:05.396 : 1452-->    996.jpg
20-08-04 18:38:05.406 : 1453-->    997.jpg
20-08-04 18:38:05.412 : 1454-->    998.jpg
20-08-04 18:38:05.421 : 1455-->    999.jpg
