20-08-04 18:36:52.861 : testsets\data-1
20-08-04 18:36:52.870 : ---1-->      0.jpg
20-08-04 18:36:53.668 : ---2-->      1.jpg
20-08-04 18:36:53.675 : ---3-->     10.jpg
20-08-04 18:36:53.681 : ---4-->    100.jpg
20-08-04 18:36:53.691 : ---5-->   1000.jpg
20-08-04 18:36:53.703 : ---6-->   1001.jpg
20-08-04 18:36:53.711 : ---7-->   1002.jpg
20-08-04 18:36:53.719 : ---8-->   1003.jpg
20-08-04 18:36:53.730 : ---9-->   1004.jpg
20-08-04 18:36:53.740 : --10-->   1005.jpg
20-08-04 18:36:53.748 : --11-->   1006.jpg
20-08-04 18:36:53.760 : --12-->   1007.jpg
20-08-04 18:36:53.767 : --13-->   1008.jpg
20-08-04 18:36:53.778 : --14-->   1009.jpg
20-08-04 18:36:53.786 : --15-->    101.jpg
20-08-04 18:36:53.799 : --16-->   1010.jpg
20-08-04 18:36:53.808 : --17-->   1011.jpg
20-08-04 18:36:53.815 : --18-->   1012.jpg
20-08-04 18:36:53.824 : --19-->   1013.jpg
20-08-04 18:36:53.832 : --20-->   1014.jpg
20-08-04 18:36:53.840 : --21-->   1015.jpg
20-08-04 18:36:53.848 : --22-->   1016.jpg
20-08-04 18:36:53.858 : --23-->   1017.jpg
20-08-04 18:36:53.868 : --24-->   1018.jpg
20-08-04 18:36:53.878 : --25-->   1019.jpg
20-08-04 18:36:53.887 : --26-->    102.jpg
20-08-04 18:36:53.903 : --27-->   1020.jpg
20-08-04 18:36:53.911 : --28-->   1021.jpg
20-08-04 18:36:53.921 : --29-->   1022.jpg
20-08-04 18:36:53.928 : --30-->   1023.jpg
20-08-04 18:36:53.938 : --31-->   1024.jpg
20-08-04 18:36:53.945 : --32-->   1025.jpg
20-08-04 18:36:53.954 : --33-->   1026.jpg
20-08-04 18:36:53.961 : --34-->   1027.jpg
20-08-04 18:36:53.969 : --35-->   1028.jpg
20-08-04 18:36:53.978 : --36-->   1029.jpg
20-08-04 18:36:53.985 : --37-->    103.jpg
20-08-04 18:36:53.995 : --38-->   1030.jpg
20-08-04 18:36:54.006 : --39-->   1031.jpg
20-08-04 18:36:54.013 : --40-->   1032.jpg
20-08-04 18:36:54.022 : --41-->   1033.jpg
20-08-04 18:36:54.030 : --42-->   1034.jpg
20-08-04 18:36:54.037 : --43-->   1035.jpg
20-08-04 18:36:54.047 : --44-->   1036.jpg
20-08-04 18:36:54.054 : --45-->   1037.jpg
20-08-04 18:36:54.062 : --46-->   1038.jpg
20-08-04 18:36:54.069 : --47-->   1039.jpg
20-08-04 18:36:54.076 : --48-->    104.jpg
20-08-04 18:36:54.084 : --49-->   1040.jpg
20-08-04 18:36:54.092 : --50-->   1041.jpg
20-08-04 18:36:54.102 : --51-->   1042.jpg
20-08-04 18:36:54.107 : --52-->   1043.jpg
20-08-04 18:36:54.116 : --53-->   1044.jpg
20-08-04 18:36:54.122 : --54-->   1045.jpg
20-08-04 18:36:54.130 : --55-->   1046.jpg
20-08-04 18:36:54.137 : --56-->   1047.jpg
20-08-04 18:36:54.146 : --57-->   1048.jpg
20-08-04 18:36:54.152 : --58-->   1049.jpg
20-08-04 18:36:54.159 : --59-->    105.jpg
20-08-04 18:36:54.166 : --60-->   1050.jpg
20-08-04 18:36:54.172 : --61-->   1051.jpg
20-08-04 18:36:54.178 : --62-->   1052.jpg
20-08-04 18:36:54.185 : --63-->   1053.jpg
20-08-04 18:36:54.192 : --64-->   1054.jpg
20-08-04 18:36:54.200 : --65-->   1055.jpg
20-08-04 18:36:54.208 : --66-->   1056.jpg
20-08-04 18:36:54.217 : --67-->   1057.jpg
20-08-04 18:36:54.226 : --68-->   1058.jpg
20-08-04 18:36:54.233 : --69-->   1059.jpg
20-08-04 18:36:54.240 : --70-->    106.jpg
20-08-04 18:36:54.248 : --71-->   1060.jpg
20-08-04 18:36:54.256 : --72-->   1061.jpg
20-08-04 18:36:54.265 : --73-->   1062.jpg
20-08-04 18:36:54.274 : --74-->   1063.jpg
20-08-04 18:36:54.281 : --75-->   1064.jpg
20-08-04 18:36:54.291 : --76-->   1065.jpg
20-08-04 18:36:54.300 : --77-->   1066.jpg
20-08-04 18:36:54.319 : --78-->   1067.jpg
20-08-04 18:36:54.333 : --79-->   1068.jpg
20-08-04 18:36:54.341 : --80-->   1069.jpg
20-08-04 18:36:54.350 : --81-->    107.jpg
20-08-04 18:36:54.356 : --82-->   1070.jpg
20-08-04 18:36:54.364 : --83-->   1071.jpg
20-08-04 18:36:54.372 : --84-->   1072.jpg
20-08-04 18:36:54.379 : --85-->   1073.jpg
20-08-04 18:36:54.388 : --86-->   1074.jpg
20-08-04 18:36:54.398 : --87-->   1075.jpg
20-08-04 18:36:54.408 : --88-->   1076.jpg
20-08-04 18:36:54.416 : --89-->   1077.jpg
20-08-04 18:36:54.426 : --90-->   1078.jpg
20-08-04 18:36:54.434 : --91-->   1079.jpg
20-08-04 18:36:54.444 : --92-->    108.jpg
20-08-04 18:36:54.455 : --93-->   1080.jpg
20-08-04 18:36:54.464 : --94-->   1081.jpg
20-08-04 18:36:54.472 : --95-->   1082.jpg
20-08-04 18:36:54.480 : --96-->   1083.jpg
20-08-04 18:36:54.489 : --97-->   1084.jpg
20-08-04 18:36:54.498 : --98-->   1085.jpg
20-08-04 18:36:54.508 : --99-->   1086.jpg
20-08-04 18:36:54.516 : -100-->   1087.jpg
20-08-04 18:36:54.524 : -101-->   1088.jpg
20-08-04 18:36:54.532 : -102-->   1089.jpg
20-08-04 18:36:54.542 : -103-->    109.jpg
20-08-04 18:36:54.549 : -104-->   1090.jpg
20-08-04 18:36:54.559 : -105-->   1091.jpg
20-08-04 18:36:54.567 : -106-->   1092.jpg
20-08-04 18:36:54.573 : -107-->   1093.jpg
20-08-04 18:36:54.582 : -108-->   1094.jpg
20-08-04 18:36:54.590 : -109-->   1095.jpg
20-08-04 18:36:54.599 : -110-->   1096.jpg
20-08-04 18:36:54.605 : -111-->   1097.jpg
20-08-04 18:36:54.612 : -112-->   1098.jpg
20-08-04 18:36:54.622 : -113-->   1099.jpg
20-08-04 18:36:54.632 : -114-->     11.jpg
20-08-04 18:36:54.640 : -115-->    110.jpg
20-08-04 18:36:54.649 : -116-->   1100.jpg
20-08-04 18:36:54.671 : -117-->   1101.jpg
20-08-04 18:36:54.685 : -118-->   1102.jpg
20-08-04 18:36:54.693 : -119-->   1103.jpg
20-08-04 18:36:54.707 : -120-->   1104.jpg
20-08-04 18:36:54.715 : -121-->   1105.jpg
20-08-04 18:36:54.723 : -122-->   1106.jpg
20-08-04 18:36:54.730 : -123-->   1107.jpg
20-08-04 18:36:54.740 : -124-->   1108.jpg
20-08-04 18:36:54.747 : -125-->   1109.jpg
20-08-04 18:36:54.757 : -126-->    111.jpg
20-08-04 18:36:54.766 : -127-->   1110.jpg
20-08-04 18:36:54.773 : -128-->   1111.jpg
20-08-04 18:36:54.785 : -129-->   1112.jpg
20-08-04 18:36:54.792 : -130-->   1113.jpg
20-08-04 18:36:54.801 : -131-->   1114.jpg
20-08-04 18:36:54.810 : -132-->   1115.jpg
20-08-04 18:36:54.817 : -133-->   1116.jpg
20-08-04 18:36:54.826 : -134-->   1117.jpg
20-08-04 18:36:54.838 : -135-->   1118.jpg
20-08-04 18:36:54.846 : -136-->   1119.jpg
20-08-04 18:36:54.861 : -137-->    112.jpg
20-08-04 18:36:54.871 : -138-->   1120.jpg
20-08-04 18:36:54.879 : -139-->   1121.jpg
20-08-04 18:36:54.889 : -140-->   1122.jpg
20-08-04 18:36:54.896 : -141-->   1123.jpg
20-08-04 18:36:54.907 : -142-->   1124.jpg
20-08-04 18:36:54.916 : -143-->   1125.jpg
20-08-04 18:36:54.928 : -144-->   1126.jpg
20-08-04 18:36:54.936 : -145-->   1127.jpg
20-08-04 18:36:54.944 : -146-->   1128.jpg
20-08-04 18:36:54.951 : -147-->   1129.jpg
20-08-04 18:36:54.964 : -148-->    113.jpg
20-08-04 18:36:54.972 : -149-->   1130.jpg
20-08-04 18:36:54.982 : -150-->   1131.jpg
20-08-04 18:36:54.993 : -151-->   1132.jpg
20-08-04 18:36:55.003 : -152-->   1133.jpg
20-08-04 18:36:55.017 : -153-->   1134.jpg
20-08-04 18:36:55.028 : -154-->   1135.jpg
20-08-04 18:36:55.041 : -155-->   1136.jpg
20-08-04 18:36:55.050 : -156-->   1137.jpg
20-08-04 18:36:55.060 : -157-->   1138.jpg
20-08-04 18:36:55.070 : -158-->   1139.jpg
20-08-04 18:36:55.079 : -159-->    114.jpg
20-08-04 18:36:55.089 : -160-->   1140.jpg
20-08-04 18:36:55.099 : -161-->   1141.jpg
20-08-04 18:36:55.107 : -162-->   1142.jpg
20-08-04 18:36:55.118 : -163-->   1143.jpg
20-08-04 18:36:55.127 : -164-->   1144.jpg
20-08-04 18:36:55.140 : -165-->   1145.jpg
20-08-04 18:36:55.161 : -166-->   1146.jpg
20-08-04 18:36:55.169 : -167-->   1147.jpg
20-08-04 18:36:55.175 : -168-->   1148.jpg
20-08-04 18:36:55.183 : -169-->   1149.jpg
20-08-04 18:36:55.195 : -170-->    115.jpg
20-08-04 18:36:55.207 : -171-->   1150.jpg
20-08-04 18:36:55.216 : -172-->   1151.jpg
20-08-04 18:36:55.225 : -173-->   1152.jpg
20-08-04 18:36:55.235 : -174-->   1153.jpg
20-08-04 18:36:55.242 : -175-->   1154.jpg
20-08-04 18:36:55.250 : -176-->   1155.jpg
20-08-04 18:36:55.260 : -177-->   1156.jpg
20-08-04 18:36:55.266 : -178-->   1157.jpg
20-08-04 18:36:55.275 : -179-->   1158.jpg
20-08-04 18:36:55.283 : -180-->   1159.jpg
20-08-04 18:36:55.293 : -181-->    116.jpg
20-08-04 18:36:55.302 : -182-->   1160.jpg
20-08-04 18:36:55.310 : -183-->   1161.jpg
20-08-04 18:36:55.317 : -184-->   1162.jpg
20-08-04 18:36:55.327 : -185-->   1163.jpg
20-08-04 18:36:55.333 : -186-->   1164.jpg
20-08-04 18:36:55.338 : -187-->   1165.jpg
20-08-04 18:36:55.349 : -188-->   1166.jpg
20-08-04 18:36:55.357 : -189-->   1167.jpg
20-08-04 18:36:55.368 : -190-->   1168.jpg
20-08-04 18:36:55.386 : -191-->   1169.jpg
20-08-04 18:36:55.394 : -192-->    117.jpg
20-08-04 18:36:55.406 : -193-->   1170.jpg
20-08-04 18:36:55.423 : -194-->   1171.jpg
20-08-04 18:36:55.433 : -195-->   1172.jpg
20-08-04 18:36:55.440 : -196-->   1173.jpg
20-08-04 18:36:55.447 : -197-->   1174.jpg
20-08-04 18:36:55.459 : -198-->   1175.jpg
20-08-04 18:36:55.467 : -199-->   1176.jpg
20-08-04 18:36:55.478 : -200-->   1177.jpg
20-08-04 18:36:55.489 : -201-->   1178.jpg
20-08-04 18:36:55.498 : -202-->   1179.jpg
20-08-04 18:36:55.507 : -203-->    118.jpg
20-08-04 18:36:55.516 : -204-->   1180.jpg
20-08-04 18:36:55.525 : -205-->   1181.jpg
20-08-04 18:36:55.534 : -206-->   1182.jpg
20-08-04 18:36:55.542 : -207-->   1183.jpg
20-08-04 18:36:55.551 : -208-->   1184.jpg
20-08-04 18:36:55.559 : -209-->   1185.jpg
20-08-04 18:36:55.567 : -210-->   1186.jpg
20-08-04 18:36:55.578 : -211-->   1187.jpg
20-08-04 18:36:55.587 : -212-->   1188.jpg
20-08-04 18:36:55.598 : -213-->   1189.jpg
20-08-04 18:36:55.610 : -214-->    119.jpg
20-08-04 18:36:55.617 : -215-->   1190.jpg
20-08-04 18:36:55.625 : -216-->   1191.jpg
20-08-04 18:36:55.632 : -217-->   1192.jpg
20-08-04 18:36:55.639 : -218-->   1193.jpg
20-08-04 18:36:55.645 : -219-->   1194.jpg
20-08-04 18:36:55.651 : -220-->   1195.jpg
20-08-04 18:36:55.660 : -221-->   1196.jpg
20-08-04 18:36:55.668 : -222-->   1197.jpg
20-08-04 18:36:55.675 : -223-->   1198.jpg
20-08-04 18:36:55.680 : -224-->   1199.jpg
20-08-04 18:36:55.686 : -225-->     12.jpg
20-08-04 18:36:55.695 : -226-->    120.jpg
20-08-04 18:36:55.704 : -227-->   1200.jpg
20-08-04 18:36:55.712 : -228-->   1201.jpg
20-08-04 18:36:55.718 : -229-->   1202.jpg
20-08-04 18:36:55.724 : -230-->   1203.jpg
20-08-04 18:36:55.730 : -231-->   1204.jpg
20-08-04 18:36:55.740 : -232-->   1205.jpg
20-08-04 18:36:55.748 : -233-->   1206.jpg
20-08-04 18:36:55.754 : -234-->   1207.jpg
20-08-04 18:36:55.759 : -235-->   1208.jpg
20-08-04 18:36:55.767 : -236-->   1209.jpg
20-08-04 18:36:55.773 : -237-->    121.jpg
20-08-04 18:36:55.782 : -238-->   1210.jpg
20-08-04 18:36:55.788 : -239-->   1211.jpg
20-08-04 18:36:55.798 : -240-->   1212.jpg
20-08-04 18:36:55.806 : -241-->   1213.jpg
20-08-04 18:36:55.816 : -242-->   1214.jpg
20-08-04 18:36:55.823 : -243-->   1215.jpg
20-08-04 18:36:55.829 : -244-->   1216.jpg
20-08-04 18:36:55.836 : -245-->   1217.jpg
20-08-04 18:36:55.843 : -246-->   1218.jpg
20-08-04 18:36:55.850 : -247-->   1219.jpg
20-08-04 18:36:55.856 : -248-->    122.jpg
20-08-04 18:36:55.868 : -249-->   1220.jpg
20-08-04 18:36:55.877 : -250-->   1221.jpg
20-08-04 18:36:55.884 : -251-->   1222.jpg
20-08-04 18:36:55.890 : -252-->   1223.jpg
20-08-04 18:36:55.896 : -253-->   1224.jpg
20-08-04 18:36:55.906 : -254-->   1225.jpg
20-08-04 18:36:55.916 : -255-->   1226.jpg
20-08-04 18:36:55.924 : -256-->   1227.jpg
20-08-04 18:36:55.931 : -257-->   1228.jpg
20-08-04 18:36:55.938 : -258-->   1229.jpg
20-08-04 18:36:55.946 : -259-->    123.jpg
20-08-04 18:36:55.956 : -260-->   1230.jpg
20-08-04 18:36:55.964 : -261-->   1231.jpg
20-08-04 18:36:55.970 : -262-->   1232.jpg
20-08-04 18:36:55.978 : -263-->   1233.jpg
20-08-04 18:36:55.987 : -264-->   1234.jpg
20-08-04 18:36:55.995 : -265-->   1235.jpg
20-08-04 18:36:56.002 : -266-->   1236.jpg
20-08-04 18:36:56.009 : -267-->   1237.jpg
20-08-04 18:36:56.016 : -268-->   1238.jpg
20-08-04 18:36:56.027 : -269-->   1239.jpg
20-08-04 18:36:56.035 : -270-->    124.jpg
20-08-04 18:36:56.046 : -271-->   1240.jpg
20-08-04 18:36:56.055 : -272-->   1241.jpg
20-08-04 18:36:56.063 : -273-->   1242.jpg
20-08-04 18:36:56.070 : -274-->   1243.jpg
20-08-04 18:36:56.080 : -275-->   1244.jpg
20-08-04 18:36:56.087 : -276-->   1245.jpg
20-08-04 18:36:56.095 : -277-->   1246.jpg
20-08-04 18:36:56.105 : -278-->   1247.jpg
20-08-04 18:36:56.112 : -279-->   1248.jpg
20-08-04 18:36:56.119 : -280-->   1249.jpg
20-08-04 18:36:56.129 : -281-->    125.jpg
20-08-04 18:36:56.141 : -282-->   1250.jpg
20-08-04 18:36:56.150 : -283-->   1251.jpg
20-08-04 18:36:56.160 : -284-->   1252.jpg
20-08-04 18:36:56.168 : -285-->   1253.jpg
20-08-04 18:36:56.174 : -286-->   1254.jpg
20-08-04 18:36:56.181 : -287-->   1255.jpg
20-08-04 18:36:56.189 : -288-->   1256.jpg
20-08-04 18:36:56.196 : -289-->   1257.jpg
20-08-04 18:36:56.203 : -290-->   1258.jpg
20-08-04 18:36:56.211 : -291-->   1259.jpg
20-08-04 18:36:56.218 : -292-->    126.jpg
20-08-04 18:36:56.227 : -293-->   1260.jpg
20-08-04 18:36:56.233 : -294-->   1261.jpg
20-08-04 18:36:56.242 : -295-->   1262.jpg
20-08-04 18:36:56.248 : -296-->   1263.jpg
20-08-04 18:36:56.255 : -297-->   1264.jpg
20-08-04 18:36:56.263 : -298-->   1265.jpg
20-08-04 18:36:56.270 : -299-->   1266.jpg
20-08-04 18:36:56.276 : -300-->   1267.jpg
20-08-04 18:36:56.284 : -301-->   1268.jpg
20-08-04 18:36:56.290 : -302-->   1269.jpg
20-08-04 18:36:56.298 : -303-->    127.jpg
20-08-04 18:36:56.308 : -304-->   1270.jpg
20-08-04 18:36:56.319 : -305-->   1271.jpg
20-08-04 18:36:56.326 : -306-->   1272.jpg
20-08-04 18:36:56.336 : -307-->   1273.jpg
20-08-04 18:36:56.344 : -308-->   1274.jpg
20-08-04 18:36:56.351 : -309-->   1275.jpg
20-08-04 18:36:56.357 : -310-->   1276.jpg
20-08-04 18:36:56.369 : -311-->   1277.jpg
20-08-04 18:36:56.375 : -312-->   1278.jpg
20-08-04 18:36:56.385 : -313-->   1279.jpg
20-08-04 18:36:56.394 : -314-->    128.jpg
20-08-04 18:36:56.403 : -315-->   1280.jpg
20-08-04 18:36:56.409 : -316-->   1281.jpg
20-08-04 18:36:56.415 : -317-->   1282.jpg
20-08-04 18:36:56.423 : -318-->   1283.jpg
20-08-04 18:36:56.430 : -319-->   1284.jpg
20-08-04 18:36:56.436 : -320-->   1285.jpg
20-08-04 18:36:56.446 : -321-->   1286.jpg
20-08-04 18:36:56.452 : -322-->   1287.jpg
20-08-04 18:36:56.460 : -323-->   1288.jpg
20-08-04 18:36:56.467 : -324-->   1289.jpg
20-08-04 18:36:56.475 : -325-->    129.jpg
20-08-04 18:36:56.484 : -326-->   1290.jpg
20-08-04 18:36:56.492 : -327-->   1291.jpg
20-08-04 18:36:56.498 : -328-->   1292.jpg
20-08-04 18:36:56.505 : -329-->   1293.jpg
20-08-04 18:36:56.514 : -330-->   1294.jpg
20-08-04 18:36:56.520 : -331-->   1295.jpg
20-08-04 18:36:56.527 : -332-->   1296.jpg
20-08-04 18:36:56.534 : -333-->   1297.jpg
20-08-04 18:36:56.541 : -334-->   1298.jpg
20-08-04 18:36:56.547 : -335-->   1299.jpg
20-08-04 18:36:56.556 : -336-->     13.jpg
20-08-04 18:36:56.566 : -337-->    130.jpg
20-08-04 18:36:56.573 : -338-->   1300.jpg
20-08-04 18:36:56.581 : -339-->   1301.jpg
20-08-04 18:36:56.587 : -340-->   1302.jpg
20-08-04 18:36:56.597 : -341-->   1303.jpg
20-08-04 18:36:56.607 : -342-->   1304.jpg
20-08-04 18:36:56.615 : -343-->   1305.jpg
20-08-04 18:36:56.621 : -344-->   1306.jpg
20-08-04 18:36:56.627 : -345-->   1307.jpg
20-08-04 18:36:56.637 : -346-->   1308.jpg
20-08-04 18:36:56.647 : -347-->   1309.jpg
20-08-04 18:36:56.654 : -348-->    131.jpg
20-08-04 18:36:56.664 : -349-->   1310.jpg
20-08-04 18:36:56.674 : -350-->   1311.jpg
20-08-04 18:36:56.681 : -351-->   1312.jpg
20-08-04 18:36:56.689 : -352-->   1313.jpg
20-08-04 18:36:56.698 : -353-->   1314.jpg
20-08-04 18:36:56.707 : -354-->   1315.jpg
20-08-04 18:36:56.714 : -355-->   1316.jpg
20-08-04 18:36:56.723 : -356-->   1317.jpg
20-08-04 18:36:56.730 : -357-->   1318.jpg
20-08-04 18:36:56.738 : -358-->   1319.jpg
20-08-04 18:36:56.745 : -359-->    132.jpg
20-08-04 18:36:56.753 : -360-->   1320.jpg
20-08-04 18:36:56.760 : -361-->   1321.jpg
20-08-04 18:36:56.766 : -362-->   1322.jpg
20-08-04 18:36:56.771 : -363-->   1323.jpg
20-08-04 18:36:56.779 : -364-->   1324.jpg
20-08-04 18:36:56.787 : -365-->   1325.jpg
20-08-04 18:36:56.793 : -366-->   1326.jpg
20-08-04 18:36:56.801 : -367-->   1327.jpg
20-08-04 18:36:56.807 : -368-->   1328.jpg
20-08-04 18:36:56.813 : -369-->   1329.jpg
20-08-04 18:36:56.820 : -370-->    133.jpg
20-08-04 18:36:56.831 : -371-->   1330.jpg
20-08-04 18:36:56.837 : -372-->   1331.jpg
20-08-04 18:36:56.844 : -373-->   1332.jpg
20-08-04 18:36:56.853 : -374-->   1333.jpg
20-08-04 18:36:56.861 : -375-->   1334.jpg
20-08-04 18:36:56.868 : -376-->   1335.jpg
20-08-04 18:36:56.879 : -377-->   1336.jpg
20-08-04 18:36:56.887 : -378-->   1337.jpg
20-08-04 18:36:56.897 : -379-->   1338.jpg
20-08-04 18:36:56.906 : -380-->   1339.jpg
20-08-04 18:36:56.914 : -381-->    134.jpg
20-08-04 18:36:56.927 : -382-->   1340.jpg
20-08-04 18:36:56.939 : -383-->   1341.jpg
20-08-04 18:36:56.947 : -384-->   1342.jpg
20-08-04 18:36:56.956 : -385-->   1343.jpg
20-08-04 18:36:56.963 : -386-->   1344.jpg
20-08-04 18:36:56.970 : -387-->   1345.jpg
20-08-04 18:36:56.979 : -388-->   1346.jpg
20-08-04 18:36:56.988 : -389-->   1347.jpg
20-08-04 18:36:56.998 : -390-->   1348.jpg
20-08-04 18:36:57.007 : -391-->   1349.jpg
20-08-04 18:36:57.014 : -392-->    135.jpg
20-08-04 18:36:57.027 : -393-->   1350.jpg
20-08-04 18:36:57.036 : -394-->   1351.jpg
20-08-04 18:36:57.043 : -395-->   1352.jpg
20-08-04 18:36:57.048 : -396-->   1353.jpg
20-08-04 18:36:57.054 : -397-->   1354.jpg
20-08-04 18:36:57.063 : -398-->   1355.jpg
20-08-04 18:36:57.069 : -399-->   1356.jpg
20-08-04 18:36:57.076 : -400-->   1357.jpg
20-08-04 18:36:57.082 : -401-->   1358.jpg
20-08-04 18:36:57.091 : -402-->   1359.jpg
20-08-04 18:36:57.097 : -403-->    136.jpg
20-08-04 18:36:57.108 : -404-->   1360.jpg
20-08-04 18:36:57.116 : -405-->   1361.jpg
20-08-04 18:36:57.123 : -406-->   1362.jpg
20-08-04 18:36:57.129 : -407-->   1363.jpg
20-08-04 18:36:57.135 : -408-->   1364.jpg
20-08-04 18:36:57.143 : -409-->   1365.jpg
20-08-04 18:36:57.149 : -410-->   1366.jpg
20-08-04 18:36:57.156 : -411-->   1367.jpg
20-08-04 18:36:57.163 : -412-->   1368.jpg
20-08-04 18:36:57.169 : -413-->   1369.jpg
20-08-04 18:36:57.175 : -414-->    137.jpg
20-08-04 18:36:57.183 : -415-->   1370.jpg
20-08-04 18:36:57.190 : -416-->   1371.jpg
20-08-04 18:36:57.197 : -417-->   1372.jpg
20-08-04 18:36:57.205 : -418-->   1373.jpg
20-08-04 18:36:57.213 : -419-->   1374.jpg
20-08-04 18:36:57.222 : -420-->   1375.jpg
20-08-04 18:36:57.229 : -421-->   1376.jpg
20-08-04 18:36:57.235 : -422-->   1377.jpg
20-08-04 18:36:57.241 : -423-->   1378.jpg
20-08-04 18:36:57.249 : -424-->   1379.jpg
20-08-04 18:36:57.254 : -425-->    138.jpg
20-08-04 18:36:57.261 : -426-->   1380.jpg
20-08-04 18:36:57.267 : -427-->   1381.jpg
20-08-04 18:36:57.275 : -428-->   1382.jpg
20-08-04 18:36:57.282 : -429-->   1383.jpg
20-08-04 18:36:57.291 : -430-->   1384.jpg
20-08-04 18:36:57.299 : -431-->   1385.jpg
20-08-04 18:36:57.307 : -432-->   1386.jpg
20-08-04 18:36:57.315 : -433-->   1387.jpg
20-08-04 18:36:57.323 : -434-->   1388.jpg
20-08-04 18:36:57.329 : -435-->   1389.jpg
20-08-04 18:36:57.335 : -436-->    139.jpg
20-08-04 18:36:57.345 : -437-->   1390.jpg
20-08-04 18:36:57.354 : -438-->   1391.jpg
20-08-04 18:36:57.361 : -439-->   1392.jpg
20-08-04 18:36:57.368 : -440-->   1393.jpg
20-08-04 18:36:57.377 : -441-->   1394.jpg
20-08-04 18:36:57.383 : -442-->   1395.jpg
20-08-04 18:36:57.388 : -443-->   1396.jpg
20-08-04 18:36:57.396 : -444-->   1397.jpg
20-08-04 18:36:57.402 : -445-->   1398.jpg
20-08-04 18:36:57.409 : -446-->   1399.jpg
20-08-04 18:36:57.417 : -447-->     14.jpg
20-08-04 18:36:57.426 : -448-->    140.jpg
20-08-04 18:36:57.433 : -449-->   1400.jpg
20-08-04 18:36:57.440 : -450-->   1401.jpg
20-08-04 18:36:57.446 : -451-->   1402.jpg
20-08-04 18:36:57.455 : -452-->   1403.jpg
20-08-04 18:36:57.464 : -453-->   1404.jpg
20-08-04 18:36:57.474 : -454-->   1405.jpg
20-08-04 18:36:57.481 : -455-->   1406.jpg
20-08-04 18:36:57.489 : -456-->   1407.jpg
20-08-04 18:36:57.496 : -457-->   1408.jpg
20-08-04 18:36:57.502 : -458-->   1409.jpg
20-08-04 18:36:57.508 : -459-->    141.jpg
20-08-04 18:36:57.516 : -460-->   1410.jpg
20-08-04 18:36:57.522 : -461-->   1411.jpg
20-08-04 18:36:57.531 : -462-->   1412.jpg
20-08-04 18:36:57.538 : -463-->   1413.jpg
20-08-04 18:36:57.544 : -464-->   1414.jpg
20-08-04 18:36:57.555 : -465-->   1415.jpg
20-08-04 18:36:57.564 : -466-->   1416.jpg
20-08-04 18:36:57.571 : -467-->   1417.jpg
20-08-04 18:36:57.580 : -468-->   1418.jpg
20-08-04 18:36:57.587 : -469-->   1419.jpg
20-08-04 18:36:57.594 : -470-->    142.jpg
20-08-04 18:36:57.603 : -471-->   1420.jpg
20-08-04 18:36:57.611 : -472-->   1421.jpg
20-08-04 18:36:57.618 : -473-->   1422.jpg
20-08-04 18:36:57.625 : -474-->   1423.jpg
20-08-04 18:36:57.631 : -475-->   1424.jpg
20-08-04 18:36:57.649 : -476-->   1425.jpg
20-08-04 18:36:57.668 : -477-->   1426.jpg
20-08-04 18:36:57.682 : -478-->   1427.jpg
20-08-04 18:36:57.693 : -479-->   1428.jpg
20-08-04 18:36:57.702 : -480-->   1429.jpg
20-08-04 18:36:57.712 : -481-->    143.jpg
20-08-04 18:36:57.723 : -482-->   1430.jpg
20-08-04 18:36:57.730 : -483-->   1431.jpg
20-08-04 18:36:57.738 : -484-->   1432.jpg
20-08-04 18:36:57.748 : -485-->   1433.jpg
20-08-04 18:36:57.756 : -486-->   1434.jpg
20-08-04 18:36:57.767 : -487-->   1435.jpg
20-08-04 18:36:57.776 : -488-->   1436.jpg
20-08-04 18:36:57.790 : -489-->   1437.jpg
20-08-04 18:36:57.799 : -490-->   1438.jpg
20-08-04 18:36:57.805 : -491-->   1439.jpg
20-08-04 18:36:57.812 : -492-->    144.jpg
20-08-04 18:36:57.823 : -493-->   1440.jpg
20-08-04 18:36:57.830 : -494-->   1441.jpg
20-08-04 18:36:57.836 : -495-->   1442.jpg
20-08-04 18:36:57.842 : -496-->   1443.jpg
20-08-04 18:36:57.849 : -497-->   1444.jpg
20-08-04 18:36:57.855 : -498-->   1445.jpg
20-08-04 18:36:57.862 : -499-->   1446.jpg
20-08-04 18:36:57.868 : -500-->   1447.jpg
20-08-04 18:36:57.874 : -501-->   1448.jpg
20-08-04 18:36:57.881 : -502-->   1449.jpg
20-08-04 18:36:57.886 : -503-->    145.jpg
20-08-04 18:36:57.893 : -504-->   1450.jpg
20-08-04 18:36:57.899 : -505-->   1451.jpg
20-08-04 18:36:57.909 : -506-->   1452.jpg
20-08-04 18:36:57.916 : -507-->   1453.jpg
20-08-04 18:36:57.922 : -508-->   1454.jpg
20-08-04 18:36:57.927 : -509-->    146.jpg
20-08-04 18:36:57.936 : -510-->    147.jpg
20-08-04 18:36:57.944 : -511-->    148.jpg
20-08-04 18:36:57.953 : -512-->    149.jpg
20-08-04 18:36:57.961 : -513-->     15.jpg
20-08-04 18:36:57.968 : -514-->    150.jpg
20-08-04 18:36:57.978 : -515-->    151.jpg
20-08-04 18:36:57.986 : -516-->    152.jpg
20-08-04 18:36:57.995 : -517-->    153.jpg
20-08-04 18:36:58.003 : -518-->    154.jpg
20-08-04 18:36:58.012 : -519-->    155.jpg
20-08-04 18:36:58.022 : -520-->    156.jpg
20-08-04 18:36:58.030 : -521-->    157.jpg
20-08-04 18:36:58.041 : -522-->    158.jpg
20-08-04 18:36:58.048 : -523-->    159.jpg
20-08-04 18:36:58.055 : -524-->     16.jpg
20-08-04 18:36:58.063 : -525-->    160.jpg
20-08-04 18:36:58.070 : -526-->    161.jpg
20-08-04 18:36:58.078 : -527-->    162.jpg
20-08-04 18:36:58.085 : -528-->    163.jpg
20-08-04 18:36:58.094 : -529-->    164.jpg
20-08-04 18:36:58.103 : -530-->    165.jpg
20-08-04 18:36:58.113 : -531-->    166.jpg
20-08-04 18:36:58.122 : -532-->    167.jpg
20-08-04 18:36:58.131 : -533-->    168.jpg
20-08-04 18:36:58.140 : -534-->    169.jpg
20-08-04 18:36:58.149 : -535-->     17.jpg
20-08-04 18:36:58.158 : -536-->    170.jpg
20-08-04 18:36:58.165 : -537-->    171.jpg
20-08-04 18:36:58.176 : -538-->    172.jpg
20-08-04 18:36:58.184 : -539-->    173.jpg
20-08-04 18:36:58.194 : -540-->    174.jpg
20-08-04 18:36:58.202 : -541-->    175.jpg
20-08-04 18:36:58.212 : -542-->    176.jpg
20-08-04 18:36:58.217 : -543-->    177.jpg
20-08-04 18:36:58.222 : -544-->    178.jpg
20-08-04 18:36:58.227 : -545-->    179.jpg
20-08-04 18:36:58.233 : -546-->     18.jpg
20-08-04 18:36:58.240 : -547-->    180.jpg
20-08-04 18:36:58.247 : -548-->    181.jpg
20-08-04 18:36:58.253 : -549-->    182.jpg
20-08-04 18:36:58.259 : -550-->    183.jpg
20-08-04 18:36:58.267 : -551-->    184.jpg
20-08-04 18:36:58.274 : -552-->    185.jpg
20-08-04 18:36:58.279 : -553-->    186.jpg
20-08-04 18:36:58.287 : -554-->    187.jpg
20-08-04 18:36:58.294 : -555-->    188.jpg
20-08-04 18:36:58.303 : -556-->    189.jpg
20-08-04 18:36:58.310 : -557-->     19.jpg
20-08-04 18:36:58.318 : -558-->    190.jpg
20-08-04 18:36:58.325 : -559-->    191.jpg
20-08-04 18:36:58.331 : -560-->    192.jpg
20-08-04 18:36:58.337 : -561-->    193.jpg
20-08-04 18:36:58.344 : -562-->    194.jpg
20-08-04 18:36:58.352 : -563-->    195.jpg
20-08-04 18:36:58.358 : -564-->    196.jpg
20-08-04 18:36:58.366 : -565-->    197.jpg
20-08-04 18:36:58.372 : -566-->    198.jpg
20-08-04 18:36:58.381 : -567-->    199.jpg
20-08-04 18:36:58.386 : -568-->      2.jpg
20-08-04 18:36:58.394 : -569-->     20.jpg
20-08-04 18:36:58.402 : -570-->    200.jpg
20-08-04 18:36:58.410 : -571-->    201.jpg
20-08-04 18:36:58.414 : -572-->    202.jpg
20-08-04 18:36:58.421 : -573-->    203.jpg
20-08-04 18:36:58.427 : -574-->    204.jpg
20-08-04 18:36:58.433 : -575-->    205.jpg
20-08-04 18:36:58.438 : -576-->    206.jpg
20-08-04 18:36:58.445 : -577-->    207.jpg
20-08-04 18:36:58.451 : -578-->    208.jpg
20-08-04 18:36:58.458 : -579-->    209.jpg
20-08-04 18:36:58.463 : -580-->     21.jpg
20-08-04 18:36:58.472 : -581-->    210.jpg
20-08-04 18:36:58.478 : -582-->    211.jpg
20-08-04 18:36:58.486 : -583-->    212.jpg
20-08-04 18:36:58.492 : -584-->    213.jpg
20-08-04 18:36:58.500 : -585-->    214.jpg
20-08-04 18:36:58.506 : -586-->    215.jpg
20-08-04 18:36:58.513 : -587-->    216.jpg
20-08-04 18:36:58.522 : -588-->    217.jpg
20-08-04 18:36:58.532 : -589-->    218.jpg
20-08-04 18:36:58.540 : -590-->    219.jpg
20-08-04 18:36:58.550 : -591-->     22.jpg
20-08-04 18:36:58.558 : -592-->    220.jpg
20-08-04 18:36:58.566 : -593-->    221.jpg
20-08-04 18:36:58.573 : -594-->    222.jpg
20-08-04 18:36:58.581 : -595-->    223.jpg
20-08-04 18:36:58.590 : -596-->    224.jpg
20-08-04 18:36:58.597 : -597-->    225.jpg
20-08-04 18:36:58.605 : -598-->    226.jpg
20-08-04 18:36:58.614 : -599-->    227.jpg
20-08-04 18:36:58.624 : -600-->    228.jpg
20-08-04 18:36:58.633 : -601-->    229.jpg
20-08-04 18:36:58.644 : -602-->     23.jpg
20-08-04 18:36:58.653 : -603-->    230.jpg
20-08-04 18:36:58.661 : -604-->    231.jpg
20-08-04 18:36:58.673 : -605-->    232.jpg
20-08-04 18:36:58.685 : -606-->    233.jpg
20-08-04 18:36:58.696 : -607-->    234.jpg
20-08-04 18:36:58.703 : -608-->    235.jpg
20-08-04 18:36:58.713 : -609-->    236.jpg
20-08-04 18:36:58.725 : -610-->    237.jpg
20-08-04 18:36:58.736 : -611-->    238.jpg
20-08-04 18:36:58.747 : -612-->    239.jpg
20-08-04 18:36:58.757 : -613-->     24.jpg
20-08-04 18:36:58.767 : -614-->    240.jpg
20-08-04 18:36:58.775 : -615-->    241.jpg
20-08-04 18:36:58.782 : -616-->    242.jpg
20-08-04 18:36:58.788 : -617-->    243.jpg
20-08-04 18:36:58.796 : -618-->    244.jpg
20-08-04 18:36:58.802 : -619-->    245.jpg
20-08-04 18:36:58.811 : -620-->    246.jpg
20-08-04 18:36:58.821 : -621-->    247.jpg
20-08-04 18:36:58.830 : -622-->    248.jpg
20-08-04 18:36:58.838 : -623-->    249.jpg
20-08-04 18:36:58.849 : -624-->     25.jpg
20-08-04 18:36:58.863 : -625-->    250.jpg
20-08-04 18:36:58.871 : -626-->    251.jpg
20-08-04 18:36:58.879 : -627-->    252.jpg
20-08-04 18:36:58.886 : -628-->    253.jpg
20-08-04 18:36:58.894 : -629-->    254.jpg
20-08-04 18:36:58.900 : -630-->    255.jpg
20-08-04 18:36:58.908 : -631-->    256.jpg
20-08-04 18:36:58.916 : -632-->    257.jpg
20-08-04 18:36:58.924 : -633-->    258.jpg
20-08-04 18:36:58.931 : -634-->    259.jpg
20-08-04 18:36:58.940 : -635-->     26.jpg
20-08-04 18:36:58.948 : -636-->    260.jpg
20-08-04 18:36:58.956 : -637-->    261.jpg
20-08-04 18:36:58.972 : -638-->    262.jpg
20-08-04 18:36:58.984 : -639-->    263.jpg
20-08-04 18:36:58.993 : -640-->    264.jpg
20-08-04 18:36:59.003 : -641-->    265.jpg
20-08-04 18:36:59.011 : -642-->    266.jpg
20-08-04 18:36:59.017 : -643-->    267.jpg
20-08-04 18:36:59.023 : -644-->    268.jpg
20-08-04 18:36:59.030 : -645-->    269.jpg
20-08-04 18:36:59.036 : -646-->     27.jpg
20-08-04 18:36:59.047 : -647-->    270.jpg
20-08-04 18:36:59.053 : -648-->    271.jpg
20-08-04 18:36:59.059 : -649-->    272.jpg
20-08-04 18:36:59.065 : -650-->    273.jpg
20-08-04 18:36:59.071 : -651-->    274.jpg
20-08-04 18:36:59.077 : -652-->    275.jpg
20-08-04 18:36:59.082 : -653-->    276.jpg
20-08-04 18:36:59.089 : -654-->    277.jpg
20-08-04 18:36:59.096 : -655-->    278.jpg
20-08-04 18:36:59.104 : -656-->    279.jpg
20-08-04 18:36:59.111 : -657-->     28.jpg
20-08-04 18:36:59.119 : -658-->    280.jpg
20-08-04 18:36:59.127 : -659-->    281.jpg
20-08-04 18:36:59.134 : -660-->    282.jpg
20-08-04 18:36:59.141 : -661-->    283.jpg
20-08-04 18:36:59.151 : -662-->    284.jpg
20-08-04 18:36:59.157 : -663-->    285.jpg
20-08-04 18:36:59.165 : -664-->    286.jpg
20-08-04 18:36:59.173 : -665-->    287.jpg
20-08-04 18:36:59.180 : -666-->    288.jpg
20-08-04 18:36:59.188 : -667-->    289.jpg
20-08-04 18:36:59.195 : -668-->     29.jpg
20-08-04 18:36:59.206 : -669-->    290.jpg
20-08-04 18:36:59.213 : -670-->    291.jpg
20-08-04 18:36:59.220 : -671-->    292.jpg
20-08-04 18:36:59.227 : -672-->    293.jpg
20-08-04 18:36:59.235 : -673-->    294.jpg
20-08-04 18:36:59.242 : -674-->    295.jpg
20-08-04 18:36:59.248 : -675-->    296.jpg
20-08-04 18:36:59.255 : -676-->    297.jpg
20-08-04 18:36:59.262 : -677-->    298.jpg
20-08-04 18:36:59.269 : -678-->    299.jpg
20-08-04 18:36:59.275 : -679-->      3.jpg
20-08-04 18:36:59.284 : -680-->     30.jpg
20-08-04 18:36:59.293 : -681-->    300.jpg
20-08-04 18:36:59.300 : -682-->    301.jpg
20-08-04 18:36:59.306 : -683-->    302.jpg
20-08-04 18:36:59.314 : -684-->    303.jpg
20-08-04 18:36:59.321 : -685-->    304.jpg
20-08-04 18:36:59.327 : -686-->    305.jpg
20-08-04 18:36:59.333 : -687-->    306.jpg
20-08-04 18:36:59.340 : -688-->    307.jpg
20-08-04 18:36:59.345 : -689-->    308.jpg
20-08-04 18:36:59.353 : -690-->    309.jpg
20-08-04 18:36:59.360 : -691-->     31.jpg
20-08-04 18:36:59.370 : -692-->    310.jpg
20-08-04 18:36:59.377 : -693-->    311.jpg
20-08-04 18:36:59.384 : -694-->    312.jpg
20-08-04 18:36:59.391 : -695-->    313.jpg
20-08-04 18:36:59.398 : -696-->    314.jpg
20-08-04 18:36:59.405 : -697-->    315.jpg
20-08-04 18:36:59.413 : -698-->    316.jpg
20-08-04 18:36:59.421 : -699-->    317.jpg
20-08-04 18:36:59.430 : -700-->    318.jpg
20-08-04 18:36:59.440 : -701-->    319.jpg
20-08-04 18:36:59.447 : -702-->     32.jpg
20-08-04 18:36:59.454 : -703-->    320.jpg
20-08-04 18:36:59.462 : -704-->    321.jpg
20-08-04 18:36:59.469 : -705-->    322.jpg
20-08-04 18:36:59.480 : -706-->    323.jpg
20-08-04 18:36:59.487 : -707-->    324.jpg
20-08-04 18:36:59.501 : -708-->    325.jpg
20-08-04 18:36:59.511 : -709-->    326.jpg
20-08-04 18:36:59.522 : -710-->    327.jpg
20-08-04 18:36:59.532 : -711-->    328.jpg
20-08-04 18:36:59.544 : -712-->    329.jpg
20-08-04 18:36:59.555 : -713-->     33.jpg
20-08-04 18:36:59.568 : -714-->    330.jpg
20-08-04 18:36:59.583 : -715-->    331.jpg
20-08-04 18:36:59.593 : -716-->    332.jpg
20-08-04 18:36:59.606 : -717-->    333.jpg
20-08-04 18:36:59.620 : -718-->    334.jpg
20-08-04 18:36:59.630 : -719-->    335.jpg
20-08-04 18:36:59.639 : -720-->    336.jpg
20-08-04 18:36:59.649 : -721-->    337.jpg
20-08-04 18:36:59.659 : -722-->    338.jpg
20-08-04 18:36:59.669 : -723-->    339.jpg
20-08-04 18:36:59.682 : -724-->     34.jpg
20-08-04 18:36:59.692 : -725-->    340.jpg
20-08-04 18:36:59.702 : -726-->    341.jpg
20-08-04 18:36:59.710 : -727-->    342.jpg
20-08-04 18:36:59.720 : -728-->    343.jpg
20-08-04 18:36:59.728 : -729-->    344.jpg
20-08-04 18:36:59.739 : -730-->    345.jpg
20-08-04 18:36:59.747 : -731-->    346.jpg
20-08-04 18:36:59.757 : -732-->    347.jpg
20-08-04 18:36:59.764 : -733-->    348.jpg
20-08-04 18:36:59.778 : -734-->    349.jpg
20-08-04 18:36:59.785 : -735-->     35.jpg
20-08-04 18:36:59.799 : -736-->    350.jpg
20-08-04 18:36:59.811 : -737-->    351.jpg
20-08-04 18:36:59.821 : -738-->    352.jpg
20-08-04 18:36:59.832 : -739-->    353.jpg
20-08-04 18:36:59.840 : -740-->    354.jpg
20-08-04 18:36:59.849 : -741-->    355.jpg
20-08-04 18:36:59.856 : -742-->    356.jpg
20-08-04 18:36:59.866 : -743-->    357.jpg
20-08-04 18:36:59.873 : -744-->    358.jpg
20-08-04 18:36:59.882 : -745-->    359.jpg
20-08-04 18:36:59.889 : -746-->     36.jpg
20-08-04 18:36:59.895 : -747-->    360.jpg
20-08-04 18:36:59.907 : -748-->    361.jpg
20-08-04 18:36:59.916 : -749-->    362.jpg
20-08-04 18:36:59.926 : -750-->    363.jpg
20-08-04 18:36:59.934 : -751-->    364.jpg
20-08-04 18:36:59.943 : -752-->    365.jpg
20-08-04 18:36:59.950 : -753-->    366.jpg
20-08-04 18:36:59.961 : -754-->    367.jpg
20-08-04 18:36:59.969 : -755-->    368.jpg
20-08-04 18:36:59.977 : -756-->    369.jpg
20-08-04 18:36:59.987 : -757-->     37.jpg
20-08-04 18:37:00.002 : -758-->    370.jpg
20-08-04 18:37:00.013 : -759-->    371.jpg
20-08-04 18:37:00.020 : -760-->    372.jpg
20-08-04 18:37:00.029 : -761-->    373.jpg
20-08-04 18:37:00.039 : -762-->    374.jpg
20-08-04 18:37:00.050 : -763-->    375.jpg
20-08-04 18:37:00.058 : -764-->    376.jpg
20-08-04 18:37:00.070 : -765-->    377.jpg
20-08-04 18:37:00.079 : -766-->    378.jpg
20-08-04 18:37:00.088 : -767-->    379.jpg
20-08-04 18:37:00.096 : -768-->     38.jpg
20-08-04 18:37:00.105 : -769-->    380.jpg
20-08-04 18:37:00.115 : -770-->    381.jpg
20-08-04 18:37:00.128 : -771-->    382.jpg
20-08-04 18:37:00.142 : -772-->    383.jpg
20-08-04 18:37:00.150 : -773-->    384.jpg
20-08-04 18:37:00.160 : -774-->    385.jpg
20-08-04 18:37:00.173 : -775-->    386.jpg
20-08-04 18:37:00.185 : -776-->    387.jpg
20-08-04 18:37:00.192 : -777-->    388.jpg
20-08-04 18:37:00.207 : -778-->    389.jpg
20-08-04 18:37:00.221 : -779-->     39.jpg
20-08-04 18:37:00.232 : -780-->    390.jpg
20-08-04 18:37:00.244 : -781-->    391.jpg
20-08-04 18:37:00.253 : -782-->    392.jpg
20-08-04 18:37:00.268 : -783-->    393.jpg
20-08-04 18:37:00.279 : -784-->    394.jpg
20-08-04 18:37:00.290 : -785-->    395.jpg
20-08-04 18:37:00.309 : -786-->    396.jpg
20-08-04 18:37:00.325 : -787-->    397.jpg
20-08-04 18:37:00.339 : -788-->    398.jpg
20-08-04 18:37:00.352 : -789-->    399.jpg
20-08-04 18:37:00.367 : -790-->      4.jpg
20-08-04 18:37:00.378 : -791-->     40.jpg
20-08-04 18:37:00.389 : -792-->    400.jpg
20-08-04 18:37:00.400 : -793-->    401.jpg
20-08-04 18:37:00.411 : -794-->    402.jpg
20-08-04 18:37:00.421 : -795-->    403.jpg
20-08-04 18:37:00.432 : -796-->    404.jpg
20-08-04 18:37:00.444 : -797-->    405.jpg
20-08-04 18:37:00.454 : -798-->    406.jpg
20-08-04 18:37:00.465 : -799-->    407.jpg
20-08-04 18:37:00.477 : -800-->    408.jpg
20-08-04 18:37:00.487 : -801-->    409.jpg
20-08-04 18:37:00.495 : -802-->     41.jpg
20-08-04 18:37:00.502 : -803-->    410.jpg
20-08-04 18:37:00.510 : -804-->    411.jpg
20-08-04 18:37:00.518 : -805-->    412.jpg
20-08-04 18:37:00.527 : -806-->    413.jpg
20-08-04 18:37:00.533 : -807-->    414.jpg
20-08-04 18:37:00.544 : -808-->    415.jpg
20-08-04 18:37:00.551 : -809-->    416.jpg
20-08-04 18:37:00.559 : -810-->    417.jpg
20-08-04 18:37:00.566 : -811-->    418.jpg
20-08-04 18:37:00.573 : -812-->    419.jpg
20-08-04 18:37:00.578 : -813-->     42.jpg
20-08-04 18:37:00.588 : -814-->    420.jpg
20-08-04 18:37:00.595 : -815-->    421.jpg
20-08-04 18:37:00.601 : -816-->    422.jpg
20-08-04 18:37:00.609 : -817-->    423.jpg
20-08-04 18:37:00.616 : -818-->    424.jpg
20-08-04 18:37:00.623 : -819-->    425.jpg
20-08-04 18:37:00.629 : -820-->    426.jpg
20-08-04 18:37:00.637 : -821-->    427.jpg
20-08-04 18:37:00.643 : -822-->    428.jpg
20-08-04 18:37:00.650 : -823-->    429.jpg
20-08-04 18:37:00.657 : -824-->     43.jpg
20-08-04 18:37:00.664 : -825-->    430.jpg
20-08-04 18:37:00.672 : -826-->    431.jpg
20-08-04 18:37:00.679 : -827-->    432.jpg
20-08-04 18:37:00.688 : -828-->    433.jpg
20-08-04 18:37:00.694 : -829-->    434.jpg
20-08-04 18:37:00.701 : -830-->    435.jpg
20-08-04 18:37:00.707 : -831-->    436.jpg
20-08-04 18:37:00.714 : -832-->    437.jpg
20-08-04 18:37:00.721 : -833-->    438.jpg
20-08-04 18:37:00.728 : -834-->    439.jpg
20-08-04 18:37:00.734 : -835-->     44.jpg
20-08-04 18:37:00.744 : -836-->    440.jpg
20-08-04 18:37:00.751 : -837-->    441.jpg
20-08-04 18:37:00.756 : -838-->    442.jpg
20-08-04 18:37:00.764 : -839-->    443.jpg
20-08-04 18:37:00.771 : -840-->    444.jpg
20-08-04 18:37:00.779 : -841-->    445.jpg
20-08-04 18:37:00.786 : -842-->    446.jpg
20-08-04 18:37:00.794 : -843-->    447.jpg
20-08-04 18:37:00.800 : -844-->    448.jpg
20-08-04 18:37:00.807 : -845-->    449.jpg
20-08-04 18:37:00.814 : -846-->     45.jpg
20-08-04 18:37:00.821 : -847-->    450.jpg
20-08-04 18:37:00.828 : -848-->    451.jpg
20-08-04 18:37:00.835 : -849-->    452.jpg
20-08-04 18:37:00.843 : -850-->    453.jpg
20-08-04 18:37:00.850 : -851-->    454.jpg
20-08-04 18:37:00.857 : -852-->    455.jpg
20-08-04 18:37:00.864 : -853-->    456.jpg
20-08-04 18:37:00.870 : -854-->    457.jpg
20-08-04 18:37:00.877 : -855-->    458.jpg
20-08-04 18:37:00.884 : -856-->    459.jpg
20-08-04 18:37:00.891 : -857-->     46.jpg
20-08-04 18:37:00.897 : -858-->    460.jpg
20-08-04 18:37:00.904 : -859-->    461.jpg
20-08-04 18:37:00.910 : -860-->    462.jpg
20-08-04 18:37:00.916 : -861-->    463.jpg
20-08-04 18:37:00.923 : -862-->    464.jpg
20-08-04 18:37:00.929 : -863-->    465.jpg
20-08-04 18:37:00.936 : -864-->    466.jpg
20-08-04 18:37:00.946 : -865-->    467.jpg
20-08-04 18:37:00.952 : -866-->    468.jpg
20-08-04 18:37:00.961 : -867-->    469.jpg
20-08-04 18:37:00.969 : -868-->     47.jpg
20-08-04 18:37:00.977 : -869-->    470.jpg
20-08-04 18:37:00.986 : -870-->    471.jpg
20-08-04 18:37:00.994 : -871-->    472.jpg
20-08-04 18:37:01.003 : -872-->    473.jpg
20-08-04 18:37:01.011 : -873-->    474.jpg
20-08-04 18:37:01.021 : -874-->    475.jpg
20-08-04 18:37:01.029 : -875-->    476.jpg
20-08-04 18:37:01.038 : -876-->    477.jpg
20-08-04 18:37:01.047 : -877-->    478.jpg
20-08-04 18:37:01.056 : -878-->    479.jpg
20-08-04 18:37:01.067 : -879-->     48.jpg
20-08-04 18:37:01.075 : -880-->    480.jpg
20-08-04 18:37:01.083 : -881-->    481.jpg
20-08-04 18:37:01.092 : -882-->    482.jpg
20-08-04 18:37:01.100 : -883-->    483.jpg
20-08-04 18:37:01.108 : -884-->    484.jpg
20-08-04 18:37:01.115 : -885-->    485.jpg
20-08-04 18:37:01.124 : -886-->    486.jpg
20-08-04 18:37:01.133 : -887-->    487.jpg
20-08-04 18:37:01.143 : -888-->    488.jpg
20-08-04 18:37:01.152 : -889-->    489.jpg
20-08-04 18:37:01.161 : -890-->     49.jpg
20-08-04 18:37:01.168 : -891-->    490.jpg
20-08-04 18:37:01.175 : -892-->    491.jpg
20-08-04 18:37:01.184 : -893-->    492.jpg
20-08-04 18:37:01.193 : -894-->    493.jpg
20-08-04 18:37:01.204 : -895-->    494.jpg
20-08-04 18:37:01.212 : -896-->    495.jpg
20-08-04 18:37:01.222 : -897-->    496.jpg
20-08-04 18:37:01.230 : -898-->    497.jpg
20-08-04 18:37:01.241 : -899-->    498.jpg
20-08-04 18:37:01.250 : -900-->    499.jpg
20-08-04 18:37:01.260 : -901-->      5.jpg
20-08-04 18:37:01.267 : -902-->     50.jpg
20-08-04 18:37:01.274 : -903-->    500.jpg
20-08-04 18:37:01.282 : -904-->    501.jpg
20-08-04 18:37:01.292 : -905-->    502.jpg
20-08-04 18:37:01.302 : -906-->    503.jpg
20-08-04 18:37:01.310 : -907-->    504.jpg
20-08-04 18:37:01.317 : -908-->    505.jpg
20-08-04 18:37:01.326 : -909-->    506.jpg
20-08-04 18:37:01.335 : -910-->    507.jpg
20-08-04 18:37:01.344 : -911-->    508.jpg
20-08-04 18:37:01.352 : -912-->    509.jpg
20-08-04 18:37:01.362 : -913-->     51.jpg
20-08-04 18:37:01.371 : -914-->    510.jpg
20-08-04 18:37:01.379 : -915-->    511.jpg
20-08-04 18:37:01.388 : -916-->    512.jpg
20-08-04 18:37:01.396 : -917-->    513.jpg
20-08-04 18:37:01.407 : -918-->    514.jpg
20-08-04 18:37:01.416 : -919-->    515.jpg
20-08-04 18:37:01.426 : -920-->    516.jpg
20-08-04 18:37:01.433 : -921-->    517.jpg
20-08-04 18:37:01.440 : -922-->    518.jpg
20-08-04 18:37:01.446 : -923-->    519.jpg
20-08-04 18:37:01.453 : -924-->     52.jpg
20-08-04 18:37:01.463 : -925-->    520.jpg
20-08-04 18:37:01.470 : -926-->    521.jpg
20-08-04 18:37:01.478 : -927-->    522.jpg
20-08-04 18:37:01.485 : -928-->    523.jpg
20-08-04 18:37:01.493 : -929-->    524.jpg
20-08-04 18:37:01.500 : -930-->    525.jpg
20-08-04 18:37:01.508 : -931-->    526.jpg
20-08-04 18:37:01.515 : -932-->    527.jpg
20-08-04 18:37:01.521 : -933-->    528.jpg
20-08-04 18:37:01.528 : -934-->    529.jpg
20-08-04 18:37:01.536 : -935-->     53.jpg
20-08-04 18:37:01.545 : -936-->    530.jpg
20-08-04 18:37:01.552 : -937-->    531.jpg
20-08-04 18:37:01.560 : -938-->    532.jpg
20-08-04 18:37:01.567 : -939-->    533.jpg
20-08-04 18:37:01.575 : -940-->    534.jpg
20-08-04 18:37:01.582 : -941-->    535.jpg
20-08-04 18:37:01.591 : -942-->    536.jpg
20-08-04 18:37:01.598 : -943-->    537.jpg
20-08-04 18:37:01.606 : -944-->    538.jpg
20-08-04 18:37:01.614 : -945-->    539.jpg
20-08-04 18:37:01.620 : -946-->     54.jpg
20-08-04 18:37:01.631 : -947-->    540.jpg
20-08-04 18:37:01.638 : -948-->    541.jpg
20-08-04 18:37:01.646 : -949-->    542.jpg
20-08-04 18:37:01.653 : -950-->    543.jpg
20-08-04 18:37:01.669 : -951-->    544.jpg
20-08-04 18:37:01.680 : -952-->    545.jpg
20-08-04 18:37:01.689 : -953-->    546.jpg
20-08-04 18:37:01.696 : -954-->    547.jpg
20-08-04 18:37:01.702 : -955-->    548.jpg
20-08-04 18:37:01.708 : -956-->    549.jpg
20-08-04 18:37:01.714 : -957-->     55.jpg
20-08-04 18:37:01.722 : -958-->    550.jpg
20-08-04 18:37:01.730 : -959-->    551.jpg
20-08-04 18:37:01.738 : -960-->    552.jpg
20-08-04 18:37:01.746 : -961-->    553.jpg
20-08-04 18:37:01.753 : -962-->    554.jpg
20-08-04 18:37:01.759 : -963-->    555.jpg
20-08-04 18:37:01.766 : -964-->    556.jpg
20-08-04 18:37:01.774 : -965-->    557.jpg
20-08-04 18:37:01.782 : -966-->    558.jpg
20-08-04 18:37:01.788 : -967-->    559.jpg
20-08-04 18:37:01.794 : -968-->     56.jpg
20-08-04 18:37:01.802 : -969-->    560.jpg
20-08-04 18:37:01.809 : -970-->    561.jpg
20-08-04 18:37:01.815 : -971-->    562.jpg
20-08-04 18:37:01.822 : -972-->    563.jpg
20-08-04 18:37:01.829 : -973-->    564.jpg
20-08-04 18:37:01.835 : -974-->    565.jpg
20-08-04 18:37:01.843 : -975-->    566.jpg
20-08-04 18:37:01.851 : -976-->    567.jpg
20-08-04 18:37:01.861 : -977-->    568.jpg
20-08-04 18:37:01.871 : -978-->    569.jpg
20-08-04 18:37:01.878 : -979-->     57.jpg
20-08-04 18:37:01.885 : -980-->    570.jpg
20-08-04 18:37:01.894 : -981-->    571.jpg
20-08-04 18:37:01.902 : -982-->    572.jpg
20-08-04 18:37:01.912 : -983-->    573.jpg
20-08-04 18:37:01.919 : -984-->    574.jpg
20-08-04 18:37:01.927 : -985-->    575.jpg
20-08-04 18:37:01.936 : -986-->    576.jpg
20-08-04 18:37:01.945 : -987-->    577.jpg
20-08-04 18:37:01.954 : -988-->    578.jpg
20-08-04 18:37:01.964 : -989-->    579.jpg
20-08-04 18:37:01.973 : -990-->     58.jpg
20-08-04 18:37:01.981 : -991-->    580.jpg
20-08-04 18:37:01.990 : -992-->    581.jpg
20-08-04 18:37:01.998 : -993-->    582.jpg
20-08-04 18:37:02.007 : -994-->    583.jpg
20-08-04 18:37:02.016 : -995-->    584.jpg
20-08-04 18:37:02.023 : -996-->    585.jpg
20-08-04 18:37:02.031 : -997-->    586.jpg
20-08-04 18:37:02.041 : -998-->    587.jpg
20-08-04 18:37:02.048 : -999-->    588.jpg
20-08-04 18:37:02.057 : 1000-->    589.jpg
20-08-04 18:37:02.066 : 1001-->     59.jpg
20-08-04 18:37:02.072 : 1002-->    590.jpg
20-08-04 18:37:02.080 : 1003-->    591.jpg
20-08-04 18:37:02.089 : 1004-->    592.jpg
20-08-04 18:37:02.096 : 1005-->    593.jpg
20-08-04 18:37:02.108 : 1006-->    594.jpg
20-08-04 18:37:02.116 : 1007-->    595.jpg
20-08-04 18:37:02.125 : 1008-->    596.jpg
20-08-04 18:37:02.131 : 1009-->    597.jpg
20-08-04 18:37:02.142 : 1010-->    598.jpg
20-08-04 18:37:02.149 : 1011-->    599.jpg
20-08-04 18:37:02.158 : 1012-->      6.jpg
20-08-04 18:37:02.166 : 1013-->     60.jpg
20-08-04 18:37:02.178 : 1014-->    600.jpg
20-08-04 18:37:02.187 : 1015-->    601.jpg
20-08-04 18:37:02.197 : 1016-->    602.jpg
20-08-04 18:37:02.209 : 1017-->    603.jpg
20-08-04 18:37:02.220 : 1018-->    604.jpg
20-08-04 18:37:02.228 : 1019-->    605.jpg
20-08-04 18:37:02.242 : 1020-->    606.jpg
20-08-04 18:37:02.252 : 1021-->    607.jpg
20-08-04 18:37:02.264 : 1022-->    608.jpg
20-08-04 18:37:02.277 : 1023-->    609.jpg
20-08-04 18:37:02.290 : 1024-->     61.jpg
20-08-04 18:37:02.299 : 1025-->    610.jpg
20-08-04 18:37:02.310 : 1026-->    611.jpg
20-08-04 18:37:02.323 : 1027-->    612.jpg
20-08-04 18:37:02.335 : 1028-->    613.jpg
20-08-04 18:37:02.347 : 1029-->    614.jpg
20-08-04 18:37:02.358 : 1030-->    615.jpg
20-08-04 18:37:02.371 : 1031-->    616.jpg
20-08-04 18:37:02.379 : 1032-->    617.jpg
20-08-04 18:37:02.390 : 1033-->    618.jpg
20-08-04 18:37:02.397 : 1034-->    619.jpg
20-08-04 18:37:02.408 : 1035-->     62.jpg
20-08-04 18:37:02.423 : 1036-->    620.jpg
20-08-04 18:37:02.430 : 1037-->    621.jpg
20-08-04 18:37:02.440 : 1038-->    622.jpg
20-08-04 18:37:02.446 : 1039-->    623.jpg
20-08-04 18:37:02.456 : 1040-->    624.jpg
20-08-04 18:37:02.466 : 1041-->    625.jpg
20-08-04 18:37:02.476 : 1042-->    626.jpg
20-08-04 18:37:02.485 : 1043-->    627.jpg
20-08-04 18:37:02.493 : 1044-->    628.jpg
20-08-04 18:37:02.500 : 1045-->    629.jpg
20-08-04 18:37:02.510 : 1046-->     63.jpg
20-08-04 18:37:02.517 : 1047-->    630.jpg
20-08-04 18:37:02.524 : 1048-->    631.jpg
20-08-04 18:37:02.532 : 1049-->    632.jpg
20-08-04 18:37:02.540 : 1050-->    633.jpg
20-08-04 18:37:02.551 : 1051-->    634.jpg
20-08-04 18:37:02.561 : 1052-->    635.jpg
20-08-04 18:37:02.568 : 1053-->    636.jpg
20-08-04 18:37:02.576 : 1054-->    637.jpg
20-08-04 18:37:02.586 : 1055-->    638.jpg
20-08-04 18:37:02.595 : 1056-->    639.jpg
20-08-04 18:37:02.602 : 1057-->     64.jpg
20-08-04 18:37:02.613 : 1058-->    640.jpg
20-08-04 18:37:02.619 : 1059-->    641.jpg
20-08-04 18:37:02.626 : 1060-->    642.jpg
20-08-04 18:37:02.632 : 1061-->    643.jpg
20-08-04 18:37:02.640 : 1062-->    644.jpg
20-08-04 18:37:02.646 : 1063-->    645.jpg
20-08-04 18:37:02.654 : 1064-->    646.jpg
20-08-04 18:37:02.661 : 1065-->    647.jpg
20-08-04 18:37:02.668 : 1066-->    648.jpg
20-08-04 18:37:02.674 : 1067-->    649.jpg
20-08-04 18:37:02.681 : 1068-->     65.jpg
20-08-04 18:37:02.689 : 1069-->    650.jpg
20-08-04 18:37:02.694 : 1070-->    651.jpg
20-08-04 18:37:02.702 : 1071-->    652.jpg
20-08-04 18:37:02.708 : 1072-->    653.jpg
20-08-04 18:37:02.714 : 1073-->    654.jpg
20-08-04 18:37:02.720 : 1074-->    655.jpg
20-08-04 18:37:02.730 : 1075-->    656.jpg
20-08-04 18:37:02.738 : 1076-->    657.jpg
20-08-04 18:37:02.743 : 1077-->    658.jpg
20-08-04 18:37:02.751 : 1078-->    659.jpg
20-08-04 18:37:02.758 : 1079-->     66.jpg
20-08-04 18:37:02.766 : 1080-->    660.jpg
20-08-04 18:37:02.775 : 1081-->    661.jpg
20-08-04 18:37:02.782 : 1082-->    662.jpg
20-08-04 18:37:02.791 : 1083-->    663.jpg
20-08-04 18:37:02.798 : 1084-->    664.jpg
20-08-04 18:37:02.807 : 1085-->    665.jpg
20-08-04 18:37:02.813 : 1086-->    666.jpg
20-08-04 18:37:02.821 : 1087-->    667.jpg
20-08-04 18:37:02.830 : 1088-->    668.jpg
20-08-04 18:37:02.836 : 1089-->    669.jpg
20-08-04 18:37:02.845 : 1090-->     67.jpg
20-08-04 18:37:02.853 : 1091-->    670.jpg
20-08-04 18:37:02.861 : 1092-->    671.jpg
20-08-04 18:37:02.869 : 1093-->    672.jpg
20-08-04 18:37:02.875 : 1094-->    673.jpg
20-08-04 18:37:02.883 : 1095-->    674.jpg
20-08-04 18:37:02.893 : 1096-->    675.jpg
20-08-04 18:37:02.901 : 1097-->    676.jpg
20-08-04 18:37:02.912 : 1098-->    677.jpg
20-08-04 18:37:02.923 : 1099-->    678.jpg
20-08-04 18:37:02.932 : 1100-->    679.jpg
20-08-04 18:37:02.942 : 1101-->     68.jpg
20-08-04 18:37:02.952 : 1102-->    680.jpg
20-08-04 18:37:02.960 : 1103-->    681.jpg
20-08-04 18:37:02.969 : 1104-->    682.jpg
20-08-04 18:37:02.977 : 1105-->    683.jpg
20-08-04 18:37:02.983 : 1106-->    684.jpg
20-08-04 18:37:02.991 : 1107-->    685.jpg
20-08-04 18:37:03.000 : 1108-->    686.jpg
20-08-04 18:37:03.007 : 1109-->    687.jpg
20-08-04 18:37:03.016 : 1110-->    688.jpg
20-08-04 18:37:03.023 : 1111-->    689.jpg
20-08-04 18:37:03.034 : 1112-->     69.jpg
20-08-04 18:37:03.040 : 1113-->    690.jpg
20-08-04 18:37:03.049 : 1114-->    691.jpg
20-08-04 18:37:03.056 : 1115-->    692.jpg
20-08-04 18:37:03.066 : 1116-->    693.jpg
20-08-04 18:37:03.072 : 1117-->    694.jpg
20-08-04 18:37:03.078 : 1118-->    695.jpg
20-08-04 18:37:03.086 : 1119-->    696.jpg
20-08-04 18:37:03.095 : 1120-->    697.jpg
20-08-04 18:37:03.106 : 1121-->    698.jpg
20-08-04 18:37:03.116 : 1122-->    699.jpg
20-08-04 18:37:03.124 : 1123-->      7.jpg
20-08-04 18:37:03.133 : 1124-->     70.jpg
20-08-04 18:37:03.143 : 1125-->    700.jpg
20-08-04 18:37:03.151 : 1126-->    701.jpg
20-08-04 18:37:03.160 : 1127-->    702.jpg
20-08-04 18:37:03.168 : 1128-->    703.jpg
20-08-04 18:37:03.177 : 1129-->    704.jpg
20-08-04 18:37:03.186 : 1130-->    705.jpg
20-08-04 18:37:03.195 : 1131-->    706.jpg
20-08-04 18:37:03.203 : 1132-->    707.jpg
20-08-04 18:37:03.213 : 1133-->    708.jpg
20-08-04 18:37:03.222 : 1134-->    709.jpg
20-08-04 18:37:03.232 : 1135-->     71.jpg
20-08-04 18:37:03.240 : 1136-->    710.jpg
20-08-04 18:37:03.248 : 1137-->    711.jpg
20-08-04 18:37:03.257 : 1138-->    712.jpg
20-08-04 18:37:03.265 : 1139-->    713.jpg
20-08-04 18:37:03.273 : 1140-->    714.jpg
20-08-04 18:37:03.282 : 1141-->    715.jpg
20-08-04 18:37:03.292 : 1142-->    716.jpg
20-08-04 18:37:03.300 : 1143-->    717.jpg
20-08-04 18:37:03.308 : 1144-->    718.jpg
20-08-04 18:37:03.315 : 1145-->    719.jpg
20-08-04 18:37:03.321 : 1146-->     72.jpg
20-08-04 18:37:03.330 : 1147-->    720.jpg
20-08-04 18:37:03.336 : 1148-->    721.jpg
20-08-04 18:37:03.342 : 1149-->    722.jpg
20-08-04 18:37:03.348 : 1150-->    723.jpg
20-08-04 18:37:03.356 : 1151-->    724.jpg
20-08-04 18:37:03.363 : 1152-->    725.jpg
20-08-04 18:37:03.371 : 1153-->    726.jpg
20-08-04 18:37:03.378 : 1154-->    727.jpg
20-08-04 18:37:03.386 : 1155-->    728.jpg
20-08-04 18:37:03.393 : 1156-->    729.jpg
20-08-04 18:37:03.399 : 1157-->     73.jpg
20-08-04 18:37:03.404 : 1158-->    730.jpg
20-08-04 18:37:03.411 : 1159-->    731.jpg
20-08-04 18:37:03.419 : 1160-->    732.jpg
20-08-04 18:37:03.426 : 1161-->    733.jpg
20-08-04 18:37:03.435 : 1162-->    734.jpg
20-08-04 18:37:03.443 : 1163-->    735.jpg
20-08-04 18:37:03.450 : 1164-->    736.jpg
20-08-04 18:37:03.456 : 1165-->    737.jpg
20-08-04 18:37:03.462 : 1166-->    738.jpg
20-08-04 18:37:03.468 : 1167-->    739.jpg
20-08-04 18:37:03.477 : 1168-->     74.jpg
20-08-04 18:37:03.484 : 1169-->    740.jpg
20-08-04 18:37:03.492 : 1170-->    741.jpg
20-08-04 18:37:03.500 : 1171-->    742.jpg
20-08-04 18:37:03.507 : 1172-->    743.jpg
20-08-04 18:37:03.516 : 1173-->    744.jpg
20-08-04 18:37:03.523 : 1174-->    745.jpg
20-08-04 18:37:03.532 : 1175-->    746.jpg
20-08-04 18:37:03.538 : 1176-->    747.jpg
20-08-04 18:37:03.546 : 1177-->    748.jpg
20-08-04 18:37:03.552 : 1178-->    749.jpg
20-08-04 18:37:03.560 : 1179-->     75.jpg
20-08-04 18:37:03.568 : 1180-->    750.jpg
20-08-04 18:37:03.573 : 1181-->    751.jpg
20-08-04 18:37:03.580 : 1182-->    752.jpg
20-08-04 18:37:03.587 : 1183-->    753.jpg
20-08-04 18:37:03.593 : 1184-->    754.jpg
20-08-04 18:37:03.601 : 1185-->    755.jpg
20-08-04 18:37:03.608 : 1186-->    756.jpg
20-08-04 18:37:03.615 : 1187-->    757.jpg
20-08-04 18:37:03.623 : 1188-->    758.jpg
20-08-04 18:37:03.628 : 1189-->    759.jpg
20-08-04 18:37:03.636 : 1190-->     76.jpg
20-08-04 18:37:03.646 : 1191-->    760.jpg
20-08-04 18:37:03.654 : 1192-->    761.jpg
20-08-04 18:37:03.662 : 1193-->    762.jpg
20-08-04 18:37:03.669 : 1194-->    763.jpg
20-08-04 18:37:03.677 : 1195-->    764.jpg
20-08-04 18:37:03.684 : 1196-->    765.jpg
20-08-04 18:37:03.692 : 1197-->    766.jpg
20-08-04 18:37:03.702 : 1198-->    767.jpg
20-08-04 18:37:03.710 : 1199-->    768.jpg
20-08-04 18:37:03.718 : 1200-->    769.jpg
20-08-04 18:37:03.727 : 1201-->     77.jpg
20-08-04 18:37:03.736 : 1202-->    770.jpg
20-08-04 18:37:03.745 : 1203-->    771.jpg
20-08-04 18:37:03.755 : 1204-->    772.jpg
20-08-04 18:37:03.763 : 1205-->    773.jpg
20-08-04 18:37:03.772 : 1206-->    774.jpg
20-08-04 18:37:03.782 : 1207-->    775.jpg
20-08-04 18:37:03.791 : 1208-->    776.jpg
20-08-04 18:37:03.799 : 1209-->    777.jpg
20-08-04 18:37:03.809 : 1210-->    778.jpg
20-08-04 18:37:03.816 : 1211-->    779.jpg
20-08-04 18:37:03.826 : 1212-->     78.jpg
20-08-04 18:37:03.833 : 1213-->    780.jpg
20-08-04 18:37:03.840 : 1214-->    781.jpg
20-08-04 18:37:03.851 : 1215-->    782.jpg
20-08-04 18:37:03.860 : 1216-->    783.jpg
20-08-04 18:37:03.870 : 1217-->    784.jpg
20-08-04 18:37:03.878 : 1218-->    785.jpg
20-08-04 18:37:03.890 : 1219-->    786.jpg
20-08-04 18:37:03.898 : 1220-->    787.jpg
20-08-04 18:37:03.911 : 1221-->    788.jpg
20-08-04 18:37:03.919 : 1222-->    789.jpg
20-08-04 18:37:03.930 : 1223-->     79.jpg
20-08-04 18:37:03.938 : 1224-->    790.jpg
20-08-04 18:37:03.946 : 1225-->    791.jpg
20-08-04 18:37:03.956 : 1226-->    792.jpg
20-08-04 18:37:03.965 : 1227-->    793.jpg
20-08-04 18:37:03.976 : 1228-->    794.jpg
20-08-04 18:37:03.985 : 1229-->    795.jpg
20-08-04 18:37:03.995 : 1230-->    796.jpg
20-08-04 18:37:04.003 : 1231-->    797.jpg
20-08-04 18:37:04.012 : 1232-->    798.jpg
20-08-04 18:37:04.021 : 1233-->    799.jpg
20-08-04 18:37:04.029 : 1234-->      8.jpg
20-08-04 18:37:04.037 : 1235-->     80.jpg
20-08-04 18:37:04.046 : 1236-->    800.jpg
20-08-04 18:37:04.053 : 1237-->    801.jpg
20-08-04 18:37:04.065 : 1238-->    802.jpg
20-08-04 18:37:04.073 : 1239-->    803.jpg
20-08-04 18:37:04.083 : 1240-->    804.jpg
20-08-04 18:37:04.091 : 1241-->    805.jpg
20-08-04 18:37:04.103 : 1242-->    806.jpg
20-08-04 18:37:04.110 : 1243-->    807.jpg
20-08-04 18:37:04.123 : 1244-->    808.jpg
20-08-04 18:37:04.133 : 1245-->    809.jpg
20-08-04 18:37:04.146 : 1246-->     81.jpg
20-08-04 18:37:04.155 : 1247-->    810.jpg
20-08-04 18:37:04.166 : 1248-->    811.jpg
20-08-04 18:37:04.178 : 1249-->    812.jpg
20-08-04 18:37:04.187 : 1250-->    813.jpg
20-08-04 18:37:04.195 : 1251-->    814.jpg
20-08-04 18:37:04.203 : 1252-->    815.jpg
20-08-04 18:37:04.210 : 1253-->    816.jpg
20-08-04 18:37:04.216 : 1254-->    817.jpg
20-08-04 18:37:04.223 : 1255-->    818.jpg
20-08-04 18:37:04.229 : 1256-->    819.jpg
20-08-04 18:37:04.236 : 1257-->     82.jpg
20-08-04 18:37:04.242 : 1258-->    820.jpg
20-08-04 18:37:04.248 : 1259-->    821.jpg
20-08-04 18:37:04.256 : 1260-->    822.jpg
20-08-04 18:37:04.262 : 1261-->    823.jpg
20-08-04 18:37:04.268 : 1262-->    824.jpg
20-08-04 18:37:04.276 : 1263-->    825.jpg
20-08-04 18:37:04.283 : 1264-->    826.jpg
20-08-04 18:37:04.289 : 1265-->    827.jpg
20-08-04 18:37:04.295 : 1266-->    828.jpg
20-08-04 18:37:04.301 : 1267-->    829.jpg
20-08-04 18:37:04.307 : 1268-->     83.jpg
20-08-04 18:37:04.317 : 1269-->    830.jpg
20-08-04 18:37:04.323 : 1270-->    831.jpg
20-08-04 18:37:04.329 : 1271-->    832.jpg
20-08-04 18:37:04.336 : 1272-->    833.jpg
20-08-04 18:37:04.342 : 1273-->    834.jpg
20-08-04 18:37:04.348 : 1274-->    835.jpg
20-08-04 18:37:04.354 : 1275-->    836.jpg
20-08-04 18:37:04.362 : 1276-->    837.jpg
20-08-04 18:37:04.369 : 1277-->    838.jpg
20-08-04 18:37:04.376 : 1278-->    839.jpg
20-08-04 18:37:04.383 : 1279-->     84.jpg
20-08-04 18:37:04.393 : 1280-->    840.jpg
20-08-04 18:37:04.399 : 1281-->    841.jpg
20-08-04 18:37:04.407 : 1282-->    842.jpg
20-08-04 18:37:04.413 : 1283-->    843.jpg
20-08-04 18:37:04.419 : 1284-->    844.jpg
20-08-04 18:37:04.426 : 1285-->    845.jpg
20-08-04 18:37:04.434 : 1286-->    846.jpg
20-08-04 18:37:04.441 : 1287-->    847.jpg
20-08-04 18:37:04.448 : 1288-->    848.jpg
20-08-04 18:37:04.455 : 1289-->    849.jpg
20-08-04 18:37:04.464 : 1290-->     85.jpg
20-08-04 18:37:04.473 : 1291-->    850.jpg
20-08-04 18:37:04.483 : 1292-->    851.jpg
20-08-04 18:37:04.490 : 1293-->    852.jpg
20-08-04 18:37:04.496 : 1294-->    853.jpg
20-08-04 18:37:04.502 : 1295-->    854.jpg
20-08-04 18:37:04.508 : 1296-->    855.jpg
20-08-04 18:37:04.515 : 1297-->    856.jpg
20-08-04 18:37:04.521 : 1298-->    857.jpg
20-08-04 18:37:04.527 : 1299-->    858.jpg
20-08-04 18:37:04.534 : 1300-->    859.jpg
20-08-04 18:37:04.542 : 1301-->     86.jpg
20-08-04 18:37:04.550 : 1302-->    860.jpg
20-08-04 18:37:04.558 : 1303-->    861.jpg
20-08-04 18:37:04.569 : 1304-->    862.jpg
20-08-04 18:37:04.577 : 1305-->    863.jpg
20-08-04 18:37:04.587 : 1306-->    864.jpg
20-08-04 18:37:04.595 : 1307-->    865.jpg
20-08-04 18:37:04.606 : 1308-->    866.jpg
20-08-04 18:37:04.614 : 1309-->    867.jpg
20-08-04 18:37:04.623 : 1310-->    868.jpg
20-08-04 18:37:04.632 : 1311-->    869.jpg
20-08-04 18:37:04.642 : 1312-->     87.jpg
20-08-04 18:37:04.651 : 1313-->    870.jpg
20-08-04 18:37:04.658 : 1314-->    871.jpg
20-08-04 18:37:04.668 : 1315-->    872.jpg
20-08-04 18:37:04.677 : 1316-->    873.jpg
20-08-04 18:37:04.686 : 1317-->    874.jpg
20-08-04 18:37:04.692 : 1318-->    875.jpg
20-08-04 18:37:04.698 : 1319-->    876.jpg
20-08-04 18:37:04.709 : 1320-->    877.jpg
20-08-04 18:37:04.718 : 1321-->    878.jpg
20-08-04 18:37:04.728 : 1322-->    879.jpg
20-08-04 18:37:04.737 : 1323-->     88.jpg
20-08-04 18:37:04.745 : 1324-->    880.jpg
20-08-04 18:37:04.753 : 1325-->    881.jpg
20-08-04 18:37:04.762 : 1326-->    882.jpg
20-08-04 18:37:04.770 : 1327-->    883.jpg
20-08-04 18:37:04.778 : 1328-->    884.jpg
20-08-04 18:37:04.786 : 1329-->    885.jpg
20-08-04 18:37:04.797 : 1330-->    886.jpg
20-08-04 18:37:04.804 : 1331-->    887.jpg
20-08-04 18:37:04.815 : 1332-->    888.jpg
20-08-04 18:37:04.824 : 1333-->    889.jpg
20-08-04 18:37:04.836 : 1334-->     89.jpg
20-08-04 18:37:04.853 : 1335-->    890.jpg
20-08-04 18:37:04.862 : 1336-->    891.jpg
20-08-04 18:37:04.869 : 1337-->    892.jpg
20-08-04 18:37:04.878 : 1338-->    893.jpg
20-08-04 18:37:04.885 : 1339-->    894.jpg
20-08-04 18:37:04.896 : 1340-->    895.jpg
20-08-04 18:37:04.905 : 1341-->    896.jpg
20-08-04 18:37:04.916 : 1342-->    897.jpg
20-08-04 18:37:04.926 : 1343-->    898.jpg
20-08-04 18:37:04.935 : 1344-->    899.jpg
20-08-04 18:37:04.944 : 1345-->      9.jpg
20-08-04 18:37:04.951 : 1346-->     90.jpg
20-08-04 18:37:04.958 : 1347-->    900.jpg
20-08-04 18:37:04.967 : 1348-->    901.jpg
20-08-04 18:37:04.975 : 1349-->    902.jpg
20-08-04 18:37:04.984 : 1350-->    903.jpg
20-08-04 18:37:04.992 : 1351-->    904.jpg
20-08-04 18:37:05.000 : 1352-->    905.jpg
20-08-04 18:37:05.011 : 1353-->    906.jpg
20-08-04 18:37:05.018 : 1354-->    907.jpg
20-08-04 18:37:05.026 : 1355-->    908.jpg
20-08-04 18:37:05.032 : 1356-->    909.jpg
20-08-04 18:37:05.042 : 1357-->     91.jpg
20-08-04 18:37:05.054 : 1358-->    910.jpg
20-08-04 18:37:05.062 : 1359-->    911.jpg
20-08-04 18:37:05.070 : 1360-->    912.jpg
20-08-04 18:37:05.076 : 1361-->    913.jpg
20-08-04 18:37:05.085 : 1362-->    914.jpg
20-08-04 18:37:05.092 : 1363-->    915.jpg
20-08-04 18:37:05.099 : 1364-->    916.jpg
20-08-04 18:37:05.110 : 1365-->    917.jpg
20-08-04 18:37:05.116 : 1366-->    918.jpg
20-08-04 18:37:05.125 : 1367-->    919.jpg
20-08-04 18:37:05.134 : 1368-->     92.jpg
20-08-04 18:37:05.141 : 1369-->    920.jpg
20-08-04 18:37:05.151 : 1370-->    921.jpg
20-08-04 18:37:05.159 : 1371-->    922.jpg
20-08-04 18:37:05.170 : 1372-->    923.jpg
20-08-04 18:37:05.177 : 1373-->    924.jpg
20-08-04 18:37:05.186 : 1374-->    925.jpg
20-08-04 18:37:05.195 : 1375-->    926.jpg
20-08-04 18:37:05.203 : 1376-->    927.jpg
20-08-04 18:37:05.211 : 1377-->    928.jpg
20-08-04 18:37:05.220 : 1378-->    929.jpg
20-08-04 18:37:05.227 : 1379-->     93.jpg
20-08-04 18:37:05.236 : 1380-->    930.jpg
20-08-04 18:37:05.244 : 1381-->    931.jpg
20-08-04 18:37:05.250 : 1382-->    932.jpg
20-08-04 18:37:05.258 : 1383-->    933.jpg
20-08-04 18:37:05.264 : 1384-->    934.jpg
20-08-04 18:37:05.272 : 1385-->    935.jpg
20-08-04 18:37:05.279 : 1386-->    936.jpg
20-08-04 18:37:05.287 : 1387-->    937.jpg
20-08-04 18:37:05.295 : 1388-->    938.jpg
20-08-04 18:37:05.302 : 1389-->    939.jpg
20-08-04 18:37:05.309 : 1390-->     94.jpg
20-08-04 18:37:05.316 : 1391-->    940.jpg
20-08-04 18:37:05.322 : 1392-->    941.jpg
20-08-04 18:37:05.330 : 1393-->    942.jpg
20-08-04 18:37:05.335 : 1394-->    943.jpg
20-08-04 18:37:05.343 : 1395-->    944.jpg
20-08-04 18:37:05.349 : 1396-->    945.jpg
20-08-04 18:37:05.355 : 1397-->    946.jpg
20-08-04 18:37:05.362 : 1398-->    947.jpg
20-08-04 18:37:05.369 : 1399-->    948.jpg
20-08-04 18:37:05.375 : 1400-->    949.jpg
20-08-04 18:37:05.383 : 1401-->     95.jpg
20-08-04 18:37:05.391 : 1402-->    950.jpg
20-08-04 18:37:05.398 : 1403-->    951.jpg
20-08-04 18:37:05.406 : 1404-->    952.jpg
20-08-04 18:37:05.412 : 1405-->    953.jpg
20-08-04 18:37:05.420 : 1406-->    954.jpg
20-08-04 18:37:05.428 : 1407-->    955.jpg
20-08-04 18:37:05.435 : 1408-->    956.jpg
20-08-04 18:37:05.442 : 1409-->    957.jpg
20-08-04 18:37:05.450 : 1410-->    958.jpg
20-08-04 18:37:05.458 : 1411-->    959.jpg
20-08-04 18:37:05.465 : 1412-->     96.jpg
20-08-04 18:37:05.474 : 1413-->    960.jpg
20-08-04 18:37:05.482 : 1414-->    961.jpg
20-08-04 18:37:05.494 : 1415-->    962.jpg
20-08-04 18:37:05.503 : 1416-->    963.jpg
20-08-04 18:37:05.514 : 1417-->    964.jpg
20-08-04 18:37:05.524 : 1418-->    965.jpg
20-08-04 18:37:05.535 : 1419-->    966.jpg
20-08-04 18:37:05.545 : 1420-->    967.jpg
20-08-04 18:37:05.555 : 1421-->    968.jpg
20-08-04 18:37:05.567 : 1422-->    969.jpg
20-08-04 18:37:05.578 : 1423-->     97.jpg
20-08-04 18:37:05.587 : 1424-->    970.jpg
20-08-04 18:37:05.598 : 1425-->    971.jpg
20-08-04 18:37:05.609 : 1426-->    972.jpg
20-08-04 18:37:05.618 : 1427-->    973.jpg
20-08-04 18:37:05.630 : 1428-->    974.jpg
20-08-04 18:37:05.638 : 1429-->    975.jpg
20-08-04 18:37:05.646 : 1430-->    976.jpg
20-08-04 18:37:05.660 : 1431-->    977.jpg
20-08-04 18:37:05.668 : 1432-->    978.jpg
20-08-04 18:37:05.677 : 1433-->    979.jpg
20-08-04 18:37:05.685 : 1434-->     98.jpg
20-08-04 18:37:05.693 : 1435-->    980.jpg
20-08-04 18:37:05.702 : 1436-->    981.jpg
20-08-04 18:37:05.710 : 1437-->    982.jpg
20-08-04 18:37:05.719 : 1438-->    983.jpg
20-08-04 18:37:05.727 : 1439-->    984.jpg
20-08-04 18:37:05.737 : 1440-->    985.jpg
20-08-04 18:37:05.745 : 1441-->    986.jpg
20-08-04 18:37:05.756 : 1442-->    987.jpg
20-08-04 18:37:05.765 : 1443-->    988.jpg
20-08-04 18:37:05.774 : 1444-->    989.jpg
20-08-04 18:37:05.780 : 1445-->     99.jpg
20-08-04 18:37:05.790 : 1446-->    990.jpg
20-08-04 18:37:05.799 : 1447-->    991.jpg
20-08-04 18:37:05.809 : 1448-->    992.jpg
20-08-04 18:37:05.819 : 1449-->    993.jpg
20-08-04 18:37:05.827 : 1450-->    994.jpg
20-08-04 18:37:05.835 : 1451-->    995.jpg
20-08-04 18:37:05.844 : 1452-->    996.jpg
20-08-04 18:37:05.855 : 1453-->    997.jpg
20-08-04 18:37:05.862 : 1454-->    998.jpg
20-08-04 18:37:05.872 : 1455-->    999.jpg
