20-08-04 18:36:22.488 : testsets\data-1
20-08-04 18:36:22.497 : ---1-->      0.jpg
20-08-04 18:36:23.285 : ---2-->      1.jpg
20-08-04 18:36:23.294 : ---3-->     10.jpg
20-08-04 18:36:23.301 : ---4-->    100.jpg
20-08-04 18:36:23.312 : ---5-->   1000.jpg
20-08-04 18:36:23.328 : ---6-->   1001.jpg
20-08-04 18:36:23.337 : ---7-->   1002.jpg
20-08-04 18:36:23.347 : ---8-->   1003.jpg
20-08-04 18:36:23.359 : ---9-->   1004.jpg
20-08-04 18:36:23.371 : --10-->   1005.jpg
20-08-04 18:36:23.381 : --11-->   1006.jpg
20-08-04 18:36:23.394 : --12-->   1007.jpg
20-08-04 18:36:23.403 : --13-->   1008.jpg
20-08-04 18:36:23.417 : --14-->   1009.jpg
20-08-04 18:36:23.425 : --15-->    101.jpg
20-08-04 18:36:23.442 : --16-->   1010.jpg
20-08-04 18:36:23.452 : --17-->   1011.jpg
20-08-04 18:36:23.459 : --18-->   1012.jpg
20-08-04 18:36:23.467 : --19-->   1013.jpg
20-08-04 18:36:23.475 : --20-->   1014.jpg
20-08-04 18:36:23.486 : --21-->   1015.jpg
20-08-04 18:36:23.497 : --22-->   1016.jpg
20-08-04 18:36:23.513 : --23-->   1017.jpg
20-08-04 18:36:23.524 : --24-->   1018.jpg
20-08-04 18:36:23.534 : --25-->   1019.jpg
20-08-04 18:36:23.545 : --26-->    102.jpg
20-08-04 18:36:23.568 : --27-->   1020.jpg
20-08-04 18:36:23.578 : --28-->   1021.jpg
20-08-04 18:36:23.590 : --29-->   1022.jpg
20-08-04 18:36:23.599 : --30-->   1023.jpg
20-08-04 18:36:23.610 : --31-->   1024.jpg
20-08-04 18:36:23.618 : --32-->   1025.jpg
20-08-04 18:36:23.629 : --33-->   1026.jpg
20-08-04 18:36:23.638 : --34-->   1027.jpg
20-08-04 18:36:23.651 : --35-->   1028.jpg
20-08-04 18:36:23.662 : --36-->   1029.jpg
20-08-04 18:36:23.670 : --37-->    103.jpg
20-08-04 18:36:23.682 : --38-->   1030.jpg
20-08-04 18:36:23.695 : --39-->   1031.jpg
20-08-04 18:36:23.704 : --40-->   1032.jpg
20-08-04 18:36:23.716 : --41-->   1033.jpg
20-08-04 18:36:23.727 : --42-->   1034.jpg
20-08-04 18:36:23.737 : --43-->   1035.jpg
20-08-04 18:36:23.747 : --44-->   1036.jpg
20-08-04 18:36:23.754 : --45-->   1037.jpg
20-08-04 18:36:23.762 : --46-->   1038.jpg
20-08-04 18:36:23.769 : --47-->   1039.jpg
20-08-04 18:36:23.775 : --48-->    104.jpg
20-08-04 18:36:23.786 : --49-->   1040.jpg
20-08-04 18:36:23.796 : --50-->   1041.jpg
20-08-04 18:36:23.808 : --51-->   1042.jpg
20-08-04 18:36:23.815 : --52-->   1043.jpg
20-08-04 18:36:23.827 : --53-->   1044.jpg
20-08-04 18:36:23.834 : --54-->   1045.jpg
20-08-04 18:36:23.845 : --55-->   1046.jpg
20-08-04 18:36:23.853 : --56-->   1047.jpg
20-08-04 18:36:23.864 : --57-->   1048.jpg
20-08-04 18:36:23.871 : --58-->   1049.jpg
20-08-04 18:36:23.879 : --59-->    105.jpg
20-08-04 18:36:23.888 : --60-->   1050.jpg
20-08-04 18:36:23.896 : --61-->   1051.jpg
20-08-04 18:36:23.903 : --62-->   1052.jpg
20-08-04 18:36:23.912 : --63-->   1053.jpg
20-08-04 18:36:23.920 : --64-->   1054.jpg
20-08-04 18:36:23.930 : --65-->   1055.jpg
20-08-04 18:36:23.940 : --66-->   1056.jpg
20-08-04 18:36:23.952 : --67-->   1057.jpg
20-08-04 18:36:23.963 : --68-->   1058.jpg
20-08-04 18:36:23.971 : --69-->   1059.jpg
20-08-04 18:36:23.980 : --70-->    106.jpg
20-08-04 18:36:23.990 : --71-->   1060.jpg
20-08-04 18:36:24.002 : --72-->   1061.jpg
20-08-04 18:36:24.013 : --73-->   1062.jpg
20-08-04 18:36:24.023 : --74-->   1063.jpg
20-08-04 18:36:24.035 : --75-->   1064.jpg
20-08-04 18:36:24.046 : --76-->   1065.jpg
20-08-04 18:36:24.058 : --77-->   1066.jpg
20-08-04 18:36:24.078 : --78-->   1067.jpg
20-08-04 18:36:24.095 : --79-->   1068.jpg
20-08-04 18:36:24.105 : --80-->   1069.jpg
20-08-04 18:36:24.116 : --81-->    107.jpg
20-08-04 18:36:24.124 : --82-->   1070.jpg
20-08-04 18:36:24.133 : --83-->   1071.jpg
20-08-04 18:36:24.144 : --84-->   1072.jpg
20-08-04 18:36:24.153 : --85-->   1073.jpg
20-08-04 18:36:24.164 : --86-->   1074.jpg
20-08-04 18:36:24.177 : --87-->   1075.jpg
20-08-04 18:36:24.190 : --88-->   1076.jpg
20-08-04 18:36:24.199 : --89-->   1077.jpg
20-08-04 18:36:24.212 : --90-->   1078.jpg
20-08-04 18:36:24.222 : --91-->   1079.jpg
20-08-04 18:36:24.233 : --92-->    108.jpg
20-08-04 18:36:24.248 : --93-->   1080.jpg
20-08-04 18:36:24.259 : --94-->   1081.jpg
20-08-04 18:36:24.271 : --95-->   1082.jpg
20-08-04 18:36:24.281 : --96-->   1083.jpg
20-08-04 18:36:24.294 : --97-->   1084.jpg
20-08-04 18:36:24.305 : --98-->   1085.jpg
20-08-04 18:36:24.318 : --99-->   1086.jpg
20-08-04 18:36:24.328 : -100-->   1087.jpg
20-08-04 18:36:24.338 : -101-->   1088.jpg
20-08-04 18:36:24.348 : -102-->   1089.jpg
20-08-04 18:36:24.361 : -103-->    109.jpg
20-08-04 18:36:24.370 : -104-->   1090.jpg
20-08-04 18:36:24.381 : -105-->   1091.jpg
20-08-04 18:36:24.392 : -106-->   1092.jpg
20-08-04 18:36:24.400 : -107-->   1093.jpg
20-08-04 18:36:24.411 : -108-->   1094.jpg
20-08-04 18:36:24.421 : -109-->   1095.jpg
20-08-04 18:36:24.431 : -110-->   1096.jpg
20-08-04 18:36:24.439 : -111-->   1097.jpg
20-08-04 18:36:24.448 : -112-->   1098.jpg
20-08-04 18:36:24.461 : -113-->   1099.jpg
20-08-04 18:36:24.472 : -114-->     11.jpg
20-08-04 18:36:24.482 : -115-->    110.jpg
20-08-04 18:36:24.494 : -116-->   1100.jpg
20-08-04 18:36:24.516 : -117-->   1101.jpg
20-08-04 18:36:24.531 : -118-->   1102.jpg
20-08-04 18:36:24.541 : -119-->   1103.jpg
20-08-04 18:36:24.558 : -120-->   1104.jpg
20-08-04 18:36:24.568 : -121-->   1105.jpg
20-08-04 18:36:24.583 : -122-->   1106.jpg
20-08-04 18:36:24.593 : -123-->   1107.jpg
20-08-04 18:36:24.604 : -124-->   1108.jpg
20-08-04 18:36:24.613 : -125-->   1109.jpg
20-08-04 18:36:24.628 : -126-->    111.jpg
20-08-04 18:36:24.637 : -127-->   1110.jpg
20-08-04 18:36:24.646 : -128-->   1111.jpg
20-08-04 18:36:24.662 : -129-->   1112.jpg
20-08-04 18:36:24.673 : -130-->   1113.jpg
20-08-04 18:36:24.687 : -131-->   1114.jpg
20-08-04 18:36:24.698 : -132-->   1115.jpg
20-08-04 18:36:24.709 : -133-->   1116.jpg
20-08-04 18:36:24.719 : -134-->   1117.jpg
20-08-04 18:36:24.734 : -135-->   1118.jpg
20-08-04 18:36:24.746 : -136-->   1119.jpg
20-08-04 18:36:24.765 : -137-->    112.jpg
20-08-04 18:36:24.777 : -138-->   1120.jpg
20-08-04 18:36:24.786 : -139-->   1121.jpg
20-08-04 18:36:24.797 : -140-->   1122.jpg
20-08-04 18:36:24.806 : -141-->   1123.jpg
20-08-04 18:36:24.820 : -142-->   1124.jpg
20-08-04 18:36:24.831 : -143-->   1125.jpg
20-08-04 18:36:24.846 : -144-->   1126.jpg
20-08-04 18:36:24.858 : -145-->   1127.jpg
20-08-04 18:36:24.869 : -146-->   1128.jpg
20-08-04 18:36:24.879 : -147-->   1129.jpg
20-08-04 18:36:24.892 : -148-->    113.jpg
20-08-04 18:36:24.902 : -149-->   1130.jpg
20-08-04 18:36:24.913 : -150-->   1131.jpg
20-08-04 18:36:24.927 : -151-->   1132.jpg
20-08-04 18:36:24.939 : -152-->   1133.jpg
20-08-04 18:36:24.952 : -153-->   1134.jpg
20-08-04 18:36:24.961 : -154-->   1135.jpg
20-08-04 18:36:24.972 : -155-->   1136.jpg
20-08-04 18:36:24.981 : -156-->   1137.jpg
20-08-04 18:36:24.993 : -157-->   1138.jpg
20-08-04 18:36:25.005 : -158-->   1139.jpg
20-08-04 18:36:25.016 : -159-->    114.jpg
20-08-04 18:36:25.028 : -160-->   1140.jpg
20-08-04 18:36:25.039 : -161-->   1141.jpg
20-08-04 18:36:25.050 : -162-->   1142.jpg
20-08-04 18:36:25.061 : -163-->   1143.jpg
20-08-04 18:36:25.071 : -164-->   1144.jpg
20-08-04 18:36:25.085 : -165-->   1145.jpg
20-08-04 18:36:25.104 : -166-->   1146.jpg
20-08-04 18:36:25.115 : -167-->   1147.jpg
20-08-04 18:36:25.121 : -168-->   1148.jpg
20-08-04 18:36:25.130 : -169-->   1149.jpg
20-08-04 18:36:25.145 : -170-->    115.jpg
20-08-04 18:36:25.157 : -171-->   1150.jpg
20-08-04 18:36:25.166 : -172-->   1151.jpg
20-08-04 18:36:25.175 : -173-->   1152.jpg
20-08-04 18:36:25.184 : -174-->   1153.jpg
20-08-04 18:36:25.192 : -175-->   1154.jpg
20-08-04 18:36:25.199 : -176-->   1155.jpg
20-08-04 18:36:25.208 : -177-->   1156.jpg
20-08-04 18:36:25.215 : -178-->   1157.jpg
20-08-04 18:36:25.223 : -179-->   1158.jpg
20-08-04 18:36:25.230 : -180-->   1159.jpg
20-08-04 18:36:25.240 : -181-->    116.jpg
20-08-04 18:36:25.249 : -182-->   1160.jpg
20-08-04 18:36:25.258 : -183-->   1161.jpg
20-08-04 18:36:25.266 : -184-->   1162.jpg
20-08-04 18:36:25.276 : -185-->   1163.jpg
20-08-04 18:36:25.282 : -186-->   1164.jpg
20-08-04 18:36:25.288 : -187-->   1165.jpg
20-08-04 18:36:25.300 : -188-->   1166.jpg
20-08-04 18:36:25.310 : -189-->   1167.jpg
20-08-04 18:36:25.323 : -190-->   1168.jpg
20-08-04 18:36:25.342 : -191-->   1169.jpg
20-08-04 18:36:25.351 : -192-->    117.jpg
20-08-04 18:36:25.364 : -193-->   1170.jpg
20-08-04 18:36:25.383 : -194-->   1171.jpg
20-08-04 18:36:25.396 : -195-->   1172.jpg
20-08-04 18:36:25.404 : -196-->   1173.jpg
20-08-04 18:36:25.411 : -197-->   1174.jpg
20-08-04 18:36:25.429 : -198-->   1175.jpg
20-08-04 18:36:25.439 : -199-->   1176.jpg
20-08-04 18:36:25.454 : -200-->   1177.jpg
20-08-04 18:36:25.465 : -201-->   1178.jpg
20-08-04 18:36:25.475 : -202-->   1179.jpg
20-08-04 18:36:25.487 : -203-->    118.jpg
20-08-04 18:36:25.498 : -204-->   1180.jpg
20-08-04 18:36:25.509 : -205-->   1181.jpg
20-08-04 18:36:25.519 : -206-->   1182.jpg
20-08-04 18:36:25.528 : -207-->   1183.jpg
20-08-04 18:36:25.538 : -208-->   1184.jpg
20-08-04 18:36:25.546 : -209-->   1185.jpg
20-08-04 18:36:25.555 : -210-->   1186.jpg
20-08-04 18:36:25.567 : -211-->   1187.jpg
20-08-04 18:36:25.575 : -212-->   1188.jpg
20-08-04 18:36:25.586 : -213-->   1189.jpg
20-08-04 18:36:25.598 : -214-->    119.jpg
20-08-04 18:36:25.605 : -215-->   1190.jpg
20-08-04 18:36:25.614 : -216-->   1191.jpg
20-08-04 18:36:25.621 : -217-->   1192.jpg
20-08-04 18:36:25.631 : -218-->   1193.jpg
20-08-04 18:36:25.637 : -219-->   1194.jpg
20-08-04 18:36:25.645 : -220-->   1195.jpg
20-08-04 18:36:25.655 : -221-->   1196.jpg
20-08-04 18:36:25.665 : -222-->   1197.jpg
20-08-04 18:36:25.673 : -223-->   1198.jpg
20-08-04 18:36:25.680 : -224-->   1199.jpg
20-08-04 18:36:25.686 : -225-->     12.jpg
20-08-04 18:36:25.696 : -226-->    120.jpg
20-08-04 18:36:25.708 : -227-->   1200.jpg
20-08-04 18:36:25.717 : -228-->   1201.jpg
20-08-04 18:36:25.724 : -229-->   1202.jpg
20-08-04 18:36:25.731 : -230-->   1203.jpg
20-08-04 18:36:25.738 : -231-->   1204.jpg
20-08-04 18:36:25.749 : -232-->   1205.jpg
20-08-04 18:36:25.759 : -233-->   1206.jpg
20-08-04 18:36:25.766 : -234-->   1207.jpg
20-08-04 18:36:25.774 : -235-->   1208.jpg
20-08-04 18:36:25.783 : -236-->   1209.jpg
20-08-04 18:36:25.790 : -237-->    121.jpg
20-08-04 18:36:25.801 : -238-->   1210.jpg
20-08-04 18:36:25.808 : -239-->   1211.jpg
20-08-04 18:36:25.820 : -240-->   1212.jpg
20-08-04 18:36:25.829 : -241-->   1213.jpg
20-08-04 18:36:25.840 : -242-->   1214.jpg
20-08-04 18:36:25.849 : -243-->   1215.jpg
20-08-04 18:36:25.857 : -244-->   1216.jpg
20-08-04 18:36:25.865 : -245-->   1217.jpg
20-08-04 18:36:25.875 : -246-->   1218.jpg
20-08-04 18:36:25.883 : -247-->   1219.jpg
20-08-04 18:36:25.889 : -248-->    122.jpg
20-08-04 18:36:25.907 : -249-->   1220.jpg
20-08-04 18:36:25.917 : -250-->   1221.jpg
20-08-04 18:36:25.928 : -251-->   1222.jpg
20-08-04 18:36:25.937 : -252-->   1223.jpg
20-08-04 18:36:25.946 : -253-->   1224.jpg
20-08-04 18:36:25.958 : -254-->   1225.jpg
20-08-04 18:36:25.970 : -255-->   1226.jpg
20-08-04 18:36:25.982 : -256-->   1227.jpg
20-08-04 18:36:25.993 : -257-->   1228.jpg
20-08-04 18:36:26.005 : -258-->   1229.jpg
20-08-04 18:36:26.016 : -259-->    123.jpg
20-08-04 18:36:26.033 : -260-->   1230.jpg
20-08-04 18:36:26.045 : -261-->   1231.jpg
20-08-04 18:36:26.055 : -262-->   1232.jpg
20-08-04 18:36:26.064 : -263-->   1233.jpg
20-08-04 18:36:26.076 : -264-->   1234.jpg
20-08-04 18:36:26.085 : -265-->   1235.jpg
20-08-04 18:36:26.096 : -266-->   1236.jpg
20-08-04 18:36:26.102 : -267-->   1237.jpg
20-08-04 18:36:26.112 : -268-->   1238.jpg
20-08-04 18:36:26.126 : -269-->   1239.jpg
20-08-04 18:36:26.136 : -270-->    124.jpg
20-08-04 18:36:26.150 : -271-->   1240.jpg
20-08-04 18:36:26.162 : -272-->   1241.jpg
20-08-04 18:36:26.172 : -273-->   1242.jpg
20-08-04 18:36:26.179 : -274-->   1243.jpg
20-08-04 18:36:26.192 : -275-->   1244.jpg
20-08-04 18:36:26.201 : -276-->   1245.jpg
20-08-04 18:36:26.211 : -277-->   1246.jpg
20-08-04 18:36:26.224 : -278-->   1247.jpg
20-08-04 18:36:26.232 : -279-->   1248.jpg
20-08-04 18:36:26.238 : -280-->   1249.jpg
20-08-04 18:36:26.248 : -281-->    125.jpg
20-08-04 18:36:26.260 : -282-->   1250.jpg
20-08-04 18:36:26.270 : -283-->   1251.jpg
20-08-04 18:36:26.281 : -284-->   1252.jpg
20-08-04 18:36:26.290 : -285-->   1253.jpg
20-08-04 18:36:26.298 : -286-->   1254.jpg
20-08-04 18:36:26.306 : -287-->   1255.jpg
20-08-04 18:36:26.316 : -288-->   1256.jpg
20-08-04 18:36:26.325 : -289-->   1257.jpg
20-08-04 18:36:26.333 : -290-->   1258.jpg
20-08-04 18:36:26.342 : -291-->   1259.jpg
20-08-04 18:36:26.351 : -292-->    126.jpg
20-08-04 18:36:26.362 : -293-->   1260.jpg
20-08-04 18:36:26.370 : -294-->   1261.jpg
20-08-04 18:36:26.379 : -295-->   1262.jpg
20-08-04 18:36:26.387 : -296-->   1263.jpg
20-08-04 18:36:26.395 : -297-->   1264.jpg
20-08-04 18:36:26.404 : -298-->   1265.jpg
20-08-04 18:36:26.412 : -299-->   1266.jpg
20-08-04 18:36:26.419 : -300-->   1267.jpg
20-08-04 18:36:26.429 : -301-->   1268.jpg
20-08-04 18:36:26.436 : -302-->   1269.jpg
20-08-04 18:36:26.444 : -303-->    127.jpg
20-08-04 18:36:26.458 : -304-->   1270.jpg
20-08-04 18:36:26.472 : -305-->   1271.jpg
20-08-04 18:36:26.480 : -306-->   1272.jpg
20-08-04 18:36:26.491 : -307-->   1273.jpg
20-08-04 18:36:26.499 : -308-->   1274.jpg
20-08-04 18:36:26.507 : -309-->   1275.jpg
20-08-04 18:36:26.514 : -310-->   1276.jpg
20-08-04 18:36:26.528 : -311-->   1277.jpg
20-08-04 18:36:26.534 : -312-->   1278.jpg
20-08-04 18:36:26.548 : -313-->   1279.jpg
20-08-04 18:36:26.558 : -314-->    128.jpg
20-08-04 18:36:26.569 : -315-->   1280.jpg
20-08-04 18:36:26.576 : -316-->   1281.jpg
20-08-04 18:36:26.583 : -317-->   1282.jpg
20-08-04 18:36:26.594 : -318-->   1283.jpg
20-08-04 18:36:26.601 : -319-->   1284.jpg
20-08-04 18:36:26.607 : -320-->   1285.jpg
20-08-04 18:36:26.618 : -321-->   1286.jpg
20-08-04 18:36:26.625 : -322-->   1287.jpg
20-08-04 18:36:26.633 : -323-->   1288.jpg
20-08-04 18:36:26.641 : -324-->   1289.jpg
20-08-04 18:36:26.652 : -325-->    129.jpg
20-08-04 18:36:26.664 : -326-->   1290.jpg
20-08-04 18:36:26.672 : -327-->   1291.jpg
20-08-04 18:36:26.679 : -328-->   1292.jpg
20-08-04 18:36:26.686 : -329-->   1293.jpg
20-08-04 18:36:26.696 : -330-->   1294.jpg
20-08-04 18:36:26.704 : -331-->   1295.jpg
20-08-04 18:36:26.711 : -332-->   1296.jpg
20-08-04 18:36:26.720 : -333-->   1297.jpg
20-08-04 18:36:26.727 : -334-->   1298.jpg
20-08-04 18:36:26.734 : -335-->   1299.jpg
20-08-04 18:36:26.744 : -336-->     13.jpg
20-08-04 18:36:26.754 : -337-->    130.jpg
20-08-04 18:36:26.761 : -338-->   1300.jpg
20-08-04 18:36:26.769 : -339-->   1301.jpg
20-08-04 18:36:26.777 : -340-->   1302.jpg
20-08-04 18:36:26.788 : -341-->   1303.jpg
20-08-04 18:36:26.800 : -342-->   1304.jpg
20-08-04 18:36:26.809 : -343-->   1305.jpg
20-08-04 18:36:26.816 : -344-->   1306.jpg
20-08-04 18:36:26.823 : -345-->   1307.jpg
20-08-04 18:36:26.835 : -346-->   1308.jpg
20-08-04 18:36:26.846 : -347-->   1309.jpg
20-08-04 18:36:26.854 : -348-->    131.jpg
20-08-04 18:36:26.865 : -349-->   1310.jpg
20-08-04 18:36:26.878 : -350-->   1311.jpg
20-08-04 18:36:26.885 : -351-->   1312.jpg
20-08-04 18:36:26.897 : -352-->   1313.jpg
20-08-04 18:36:26.908 : -353-->   1314.jpg
20-08-04 18:36:26.917 : -354-->   1315.jpg
20-08-04 18:36:26.927 : -355-->   1316.jpg
20-08-04 18:36:26.937 : -356-->   1317.jpg
20-08-04 18:36:26.946 : -357-->   1318.jpg
20-08-04 18:36:26.956 : -358-->   1319.jpg
20-08-04 18:36:26.971 : -359-->    132.jpg
20-08-04 18:36:26.980 : -360-->   1320.jpg
20-08-04 18:36:26.989 : -361-->   1321.jpg
20-08-04 18:36:26.996 : -362-->   1322.jpg
20-08-04 18:36:27.003 : -363-->   1323.jpg
20-08-04 18:36:27.012 : -364-->   1324.jpg
20-08-04 18:36:27.021 : -365-->   1325.jpg
20-08-04 18:36:27.029 : -366-->   1326.jpg
20-08-04 18:36:27.038 : -367-->   1327.jpg
20-08-04 18:36:27.045 : -368-->   1328.jpg
20-08-04 18:36:27.052 : -369-->   1329.jpg
20-08-04 18:36:27.061 : -370-->    133.jpg
20-08-04 18:36:27.075 : -371-->   1330.jpg
20-08-04 18:36:27.082 : -372-->   1331.jpg
20-08-04 18:36:27.089 : -373-->   1332.jpg
20-08-04 18:36:27.099 : -374-->   1333.jpg
20-08-04 18:36:27.106 : -375-->   1334.jpg
20-08-04 18:36:27.113 : -376-->   1335.jpg
20-08-04 18:36:27.124 : -377-->   1336.jpg
20-08-04 18:36:27.134 : -378-->   1337.jpg
20-08-04 18:36:27.146 : -379-->   1338.jpg
20-08-04 18:36:27.157 : -380-->   1339.jpg
20-08-04 18:36:27.165 : -381-->    134.jpg
20-08-04 18:36:27.178 : -382-->   1340.jpg
20-08-04 18:36:27.190 : -383-->   1341.jpg
20-08-04 18:36:27.199 : -384-->   1342.jpg
20-08-04 18:36:27.208 : -385-->   1343.jpg
20-08-04 18:36:27.216 : -386-->   1344.jpg
20-08-04 18:36:27.223 : -387-->   1345.jpg
20-08-04 18:36:27.232 : -388-->   1346.jpg
20-08-04 18:36:27.240 : -389-->   1347.jpg
20-08-04 18:36:27.250 : -390-->   1348.jpg
20-08-04 18:36:27.262 : -391-->   1349.jpg
20-08-04 18:36:27.271 : -392-->    135.jpg
20-08-04 18:36:27.284 : -393-->   1350.jpg
20-08-04 18:36:27.295 : -394-->   1351.jpg
20-08-04 18:36:27.304 : -395-->   1352.jpg
20-08-04 18:36:27.311 : -396-->   1353.jpg
20-08-04 18:36:27.318 : -397-->   1354.jpg
20-08-04 18:36:27.329 : -398-->   1355.jpg
20-08-04 18:36:27.337 : -399-->   1356.jpg
20-08-04 18:36:27.344 : -400-->   1357.jpg
20-08-04 18:36:27.352 : -401-->   1358.jpg
20-08-04 18:36:27.362 : -402-->   1359.jpg
20-08-04 18:36:27.371 : -403-->    136.jpg
20-08-04 18:36:27.384 : -404-->   1360.jpg
20-08-04 18:36:27.392 : -405-->   1361.jpg
20-08-04 18:36:27.401 : -406-->   1362.jpg
20-08-04 18:36:27.409 : -407-->   1363.jpg
20-08-04 18:36:27.415 : -408-->   1364.jpg
20-08-04 18:36:27.425 : -409-->   1365.jpg
20-08-04 18:36:27.432 : -410-->   1366.jpg
20-08-04 18:36:27.439 : -411-->   1367.jpg
20-08-04 18:36:27.449 : -412-->   1368.jpg
20-08-04 18:36:27.456 : -413-->   1369.jpg
20-08-04 18:36:27.462 : -414-->    137.jpg
20-08-04 18:36:27.473 : -415-->   1370.jpg
20-08-04 18:36:27.482 : -416-->   1371.jpg
20-08-04 18:36:27.489 : -417-->   1372.jpg
20-08-04 18:36:27.499 : -418-->   1373.jpg
20-08-04 18:36:27.508 : -419-->   1374.jpg
20-08-04 18:36:27.518 : -420-->   1375.jpg
20-08-04 18:36:27.526 : -421-->   1376.jpg
20-08-04 18:36:27.533 : -422-->   1377.jpg
20-08-04 18:36:27.541 : -423-->   1378.jpg
20-08-04 18:36:27.549 : -424-->   1379.jpg
20-08-04 18:36:27.556 : -425-->    138.jpg
20-08-04 18:36:27.564 : -426-->   1380.jpg
20-08-04 18:36:27.570 : -427-->   1381.jpg
20-08-04 18:36:27.581 : -428-->   1382.jpg
20-08-04 18:36:27.590 : -429-->   1383.jpg
20-08-04 18:36:27.602 : -430-->   1384.jpg
20-08-04 18:36:27.612 : -431-->   1385.jpg
20-08-04 18:36:27.621 : -432-->   1386.jpg
20-08-04 18:36:27.631 : -433-->   1387.jpg
20-08-04 18:36:27.640 : -434-->   1388.jpg
20-08-04 18:36:27.647 : -435-->   1389.jpg
20-08-04 18:36:27.654 : -436-->    139.jpg
20-08-04 18:36:27.666 : -437-->   1390.jpg
20-08-04 18:36:27.675 : -438-->   1391.jpg
20-08-04 18:36:27.682 : -439-->   1392.jpg
20-08-04 18:36:27.690 : -440-->   1393.jpg
20-08-04 18:36:27.699 : -441-->   1394.jpg
20-08-04 18:36:27.706 : -442-->   1395.jpg
20-08-04 18:36:27.713 : -443-->   1396.jpg
20-08-04 18:36:27.722 : -444-->   1397.jpg
20-08-04 18:36:27.727 : -445-->   1398.jpg
20-08-04 18:36:27.734 : -446-->   1399.jpg
20-08-04 18:36:27.743 : -447-->     14.jpg
20-08-04 18:36:27.753 : -448-->    140.jpg
20-08-04 18:36:27.763 : -449-->   1400.jpg
20-08-04 18:36:27.770 : -450-->   1401.jpg
20-08-04 18:36:27.777 : -451-->   1402.jpg
20-08-04 18:36:27.786 : -452-->   1403.jpg
20-08-04 18:36:27.797 : -453-->   1404.jpg
20-08-04 18:36:27.809 : -454-->   1405.jpg
20-08-04 18:36:27.816 : -455-->   1406.jpg
20-08-04 18:36:27.826 : -456-->   1407.jpg
20-08-04 18:36:27.833 : -457-->   1408.jpg
20-08-04 18:36:27.842 : -458-->   1409.jpg
20-08-04 18:36:27.848 : -459-->    141.jpg
20-08-04 18:36:27.856 : -460-->   1410.jpg
20-08-04 18:36:27.863 : -461-->   1411.jpg
20-08-04 18:36:27.872 : -462-->   1412.jpg
20-08-04 18:36:27.880 : -463-->   1413.jpg
20-08-04 18:36:27.886 : -464-->   1414.jpg
20-08-04 18:36:27.897 : -465-->   1415.jpg
20-08-04 18:36:27.906 : -466-->   1416.jpg
20-08-04 18:36:27.914 : -467-->   1417.jpg
20-08-04 18:36:27.923 : -468-->   1418.jpg
20-08-04 18:36:27.930 : -469-->   1419.jpg
20-08-04 18:36:27.937 : -470-->    142.jpg
20-08-04 18:36:27.948 : -471-->   1420.jpg
20-08-04 18:36:27.957 : -472-->   1421.jpg
20-08-04 18:36:27.966 : -473-->   1422.jpg
20-08-04 18:36:27.973 : -474-->   1423.jpg
20-08-04 18:36:27.980 : -475-->   1424.jpg
20-08-04 18:36:27.999 : -476-->   1425.jpg
20-08-04 18:36:28.013 : -477-->   1426.jpg
20-08-04 18:36:28.028 : -478-->   1427.jpg
20-08-04 18:36:28.035 : -479-->   1428.jpg
20-08-04 18:36:28.044 : -480-->   1429.jpg
20-08-04 18:36:28.055 : -481-->    143.jpg
20-08-04 18:36:28.068 : -482-->   1430.jpg
20-08-04 18:36:28.077 : -483-->   1431.jpg
20-08-04 18:36:28.086 : -484-->   1432.jpg
20-08-04 18:36:28.096 : -485-->   1433.jpg
20-08-04 18:36:28.106 : -486-->   1434.jpg
20-08-04 18:36:28.119 : -487-->   1435.jpg
20-08-04 18:36:28.129 : -488-->   1436.jpg
20-08-04 18:36:28.141 : -489-->   1437.jpg
20-08-04 18:36:28.149 : -490-->   1438.jpg
20-08-04 18:36:28.157 : -491-->   1439.jpg
20-08-04 18:36:28.167 : -492-->    144.jpg
20-08-04 18:36:28.183 : -493-->   1440.jpg
20-08-04 18:36:28.193 : -494-->   1441.jpg
20-08-04 18:36:28.200 : -495-->   1442.jpg
20-08-04 18:36:28.206 : -496-->   1443.jpg
20-08-04 18:36:28.214 : -497-->   1444.jpg
20-08-04 18:36:28.221 : -498-->   1445.jpg
20-08-04 18:36:28.230 : -499-->   1446.jpg
20-08-04 18:36:28.237 : -500-->   1447.jpg
20-08-04 18:36:28.245 : -501-->   1448.jpg
20-08-04 18:36:28.253 : -502-->   1449.jpg
20-08-04 18:36:28.260 : -503-->    145.jpg
20-08-04 18:36:28.269 : -504-->   1450.jpg
20-08-04 18:36:28.275 : -505-->   1451.jpg
20-08-04 18:36:28.289 : -506-->   1452.jpg
20-08-04 18:36:28.298 : -507-->   1453.jpg
20-08-04 18:36:28.305 : -508-->   1454.jpg
20-08-04 18:36:28.312 : -509-->    146.jpg
20-08-04 18:36:28.323 : -510-->    147.jpg
20-08-04 18:36:28.335 : -511-->    148.jpg
20-08-04 18:36:28.345 : -512-->    149.jpg
20-08-04 18:36:28.355 : -513-->     15.jpg
20-08-04 18:36:28.364 : -514-->    150.jpg
20-08-04 18:36:28.376 : -515-->    151.jpg
20-08-04 18:36:28.386 : -516-->    152.jpg
20-08-04 18:36:28.398 : -517-->    153.jpg
20-08-04 18:36:28.408 : -518-->    154.jpg
20-08-04 18:36:28.419 : -519-->    155.jpg
20-08-04 18:36:28.432 : -520-->    156.jpg
20-08-04 18:36:28.442 : -521-->    157.jpg
20-08-04 18:36:28.455 : -522-->    158.jpg
20-08-04 18:36:28.464 : -523-->    159.jpg
20-08-04 18:36:28.474 : -524-->     16.jpg
20-08-04 18:36:28.485 : -525-->    160.jpg
20-08-04 18:36:28.493 : -526-->    161.jpg
20-08-04 18:36:28.503 : -527-->    162.jpg
20-08-04 18:36:28.511 : -528-->    163.jpg
20-08-04 18:36:28.523 : -529-->    164.jpg
20-08-04 18:36:28.534 : -530-->    165.jpg
20-08-04 18:36:28.546 : -531-->    166.jpg
20-08-04 18:36:28.557 : -532-->    167.jpg
20-08-04 18:36:28.568 : -533-->    168.jpg
20-08-04 18:36:28.578 : -534-->    169.jpg
20-08-04 18:36:28.589 : -535-->     17.jpg
20-08-04 18:36:28.599 : -536-->    170.jpg
20-08-04 18:36:28.607 : -537-->    171.jpg
20-08-04 18:36:28.619 : -538-->    172.jpg
20-08-04 18:36:28.629 : -539-->    173.jpg
20-08-04 18:36:28.642 : -540-->    174.jpg
20-08-04 18:36:28.652 : -541-->    175.jpg
20-08-04 18:36:28.663 : -542-->    176.jpg
20-08-04 18:36:28.669 : -543-->    177.jpg
20-08-04 18:36:28.674 : -544-->    178.jpg
20-08-04 18:36:28.680 : -545-->    179.jpg
20-08-04 18:36:28.686 : -546-->     18.jpg
20-08-04 18:36:28.694 : -547-->    180.jpg
20-08-04 18:36:28.702 : -548-->    181.jpg
20-08-04 18:36:28.709 : -549-->    182.jpg
20-08-04 18:36:28.716 : -550-->    183.jpg
20-08-04 18:36:28.724 : -551-->    184.jpg
20-08-04 18:36:28.732 : -552-->    185.jpg
20-08-04 18:36:28.738 : -553-->    186.jpg
20-08-04 18:36:28.747 : -554-->    187.jpg
20-08-04 18:36:28.753 : -555-->    188.jpg
20-08-04 18:36:28.763 : -556-->    189.jpg
20-08-04 18:36:28.770 : -557-->     19.jpg
20-08-04 18:36:28.780 : -558-->    190.jpg
20-08-04 18:36:28.788 : -559-->    191.jpg
20-08-04 18:36:28.795 : -560-->    192.jpg
20-08-04 18:36:28.802 : -561-->    193.jpg
20-08-04 18:36:28.809 : -562-->    194.jpg
20-08-04 18:36:28.818 : -563-->    195.jpg
20-08-04 18:36:28.825 : -564-->    196.jpg
20-08-04 18:36:28.834 : -565-->    197.jpg
20-08-04 18:36:28.842 : -566-->    198.jpg
20-08-04 18:36:28.851 : -567-->    199.jpg
20-08-04 18:36:28.856 : -568-->      2.jpg
20-08-04 18:36:28.865 : -569-->     20.jpg
20-08-04 18:36:28.875 : -570-->    200.jpg
20-08-04 18:36:28.884 : -571-->    201.jpg
20-08-04 18:36:28.890 : -572-->    202.jpg
20-08-04 18:36:28.897 : -573-->    203.jpg
20-08-04 18:36:28.904 : -574-->    204.jpg
20-08-04 18:36:28.911 : -575-->    205.jpg
20-08-04 18:36:28.917 : -576-->    206.jpg
20-08-04 18:36:28.925 : -577-->    207.jpg
20-08-04 18:36:28.932 : -578-->    208.jpg
20-08-04 18:36:28.943 : -579-->    209.jpg
20-08-04 18:36:28.949 : -580-->     21.jpg
20-08-04 18:36:28.961 : -581-->    210.jpg
20-08-04 18:36:28.969 : -582-->    211.jpg
20-08-04 18:36:28.978 : -583-->    212.jpg
20-08-04 18:36:28.985 : -584-->    213.jpg
20-08-04 18:36:28.994 : -585-->    214.jpg
20-08-04 18:36:29.003 : -586-->    215.jpg
20-08-04 18:36:29.012 : -587-->    216.jpg
20-08-04 18:36:29.022 : -588-->    217.jpg
20-08-04 18:36:29.035 : -589-->    218.jpg
20-08-04 18:36:29.044 : -590-->    219.jpg
20-08-04 18:36:29.056 : -591-->     22.jpg
20-08-04 18:36:29.066 : -592-->    220.jpg
20-08-04 18:36:29.076 : -593-->    221.jpg
20-08-04 18:36:29.085 : -594-->    222.jpg
20-08-04 18:36:29.096 : -595-->    223.jpg
20-08-04 18:36:29.106 : -596-->    224.jpg
20-08-04 18:36:29.115 : -597-->    225.jpg
20-08-04 18:36:29.125 : -598-->    226.jpg
20-08-04 18:36:29.138 : -599-->    227.jpg
20-08-04 18:36:29.150 : -600-->    228.jpg
20-08-04 18:36:29.162 : -601-->    229.jpg
20-08-04 18:36:29.176 : -602-->     23.jpg
20-08-04 18:36:29.188 : -603-->    230.jpg
20-08-04 18:36:29.198 : -604-->    231.jpg
20-08-04 18:36:29.216 : -605-->    232.jpg
20-08-04 18:36:29.227 : -606-->    233.jpg
20-08-04 18:36:29.240 : -607-->    234.jpg
20-08-04 18:36:29.251 : -608-->    235.jpg
20-08-04 18:36:29.263 : -609-->    236.jpg
20-08-04 18:36:29.276 : -610-->    237.jpg
20-08-04 18:36:29.290 : -611-->    238.jpg
20-08-04 18:36:29.304 : -612-->    239.jpg
20-08-04 18:36:29.317 : -613-->     24.jpg
20-08-04 18:36:29.330 : -614-->    240.jpg
20-08-04 18:36:29.344 : -615-->    241.jpg
20-08-04 18:36:29.356 : -616-->    242.jpg
20-08-04 18:36:29.367 : -617-->    243.jpg
20-08-04 18:36:29.379 : -618-->    244.jpg
20-08-04 18:36:29.388 : -619-->    245.jpg
20-08-04 18:36:29.401 : -620-->    246.jpg
20-08-04 18:36:29.411 : -621-->    247.jpg
20-08-04 18:36:29.422 : -622-->    248.jpg
20-08-04 18:36:29.432 : -623-->    249.jpg
20-08-04 18:36:29.445 : -624-->     25.jpg
20-08-04 18:36:29.458 : -625-->    250.jpg
20-08-04 18:36:29.468 : -626-->    251.jpg
20-08-04 18:36:29.478 : -627-->    252.jpg
20-08-04 18:36:29.487 : -628-->    253.jpg
20-08-04 18:36:29.496 : -629-->    254.jpg
20-08-04 18:36:29.505 : -630-->    255.jpg
20-08-04 18:36:29.516 : -631-->    256.jpg
20-08-04 18:36:29.524 : -632-->    257.jpg
20-08-04 18:36:29.535 : -633-->    258.jpg
20-08-04 18:36:29.544 : -634-->    259.jpg
20-08-04 18:36:29.555 : -635-->     26.jpg
20-08-04 18:36:29.565 : -636-->    260.jpg
20-08-04 18:36:29.575 : -637-->    261.jpg
20-08-04 18:36:29.582 : -638-->    262.jpg
20-08-04 18:36:29.590 : -639-->    263.jpg
20-08-04 18:36:29.597 : -640-->    264.jpg
20-08-04 18:36:29.608 : -641-->    265.jpg
20-08-04 18:36:29.620 : -642-->    266.jpg
20-08-04 18:36:29.629 : -643-->    267.jpg
20-08-04 18:36:29.637 : -644-->    268.jpg
20-08-04 18:36:29.645 : -645-->    269.jpg
20-08-04 18:36:29.653 : -646-->     27.jpg
20-08-04 18:36:29.667 : -647-->    270.jpg
20-08-04 18:36:29.675 : -648-->    271.jpg
20-08-04 18:36:29.682 : -649-->    272.jpg
20-08-04 18:36:29.690 : -650-->    273.jpg
20-08-04 18:36:29.696 : -651-->    274.jpg
20-08-04 18:36:29.705 : -652-->    275.jpg
20-08-04 18:36:29.711 : -653-->    276.jpg
20-08-04 18:36:29.721 : -654-->    277.jpg
20-08-04 18:36:29.730 : -655-->    278.jpg
20-08-04 18:36:29.740 : -656-->    279.jpg
20-08-04 18:36:29.749 : -657-->     28.jpg
20-08-04 18:36:29.759 : -658-->    280.jpg
20-08-04 18:36:29.770 : -659-->    281.jpg
20-08-04 18:36:29.778 : -660-->    282.jpg
20-08-04 18:36:29.788 : -661-->    283.jpg
20-08-04 18:36:29.799 : -662-->    284.jpg
20-08-04 18:36:29.808 : -663-->    285.jpg
20-08-04 18:36:29.819 : -664-->    286.jpg
20-08-04 18:36:29.828 : -665-->    287.jpg
20-08-04 18:36:29.836 : -666-->    288.jpg
20-08-04 18:36:29.846 : -667-->    289.jpg
20-08-04 18:36:29.854 : -668-->     29.jpg
20-08-04 18:36:29.867 : -669-->    290.jpg
20-08-04 18:36:29.876 : -670-->    291.jpg
20-08-04 18:36:29.886 : -671-->    292.jpg
20-08-04 18:36:29.893 : -672-->    293.jpg
20-08-04 18:36:29.903 : -673-->    294.jpg
20-08-04 18:36:29.912 : -674-->    295.jpg
20-08-04 18:36:29.919 : -675-->    296.jpg
20-08-04 18:36:29.928 : -676-->    297.jpg
20-08-04 18:36:29.938 : -677-->    298.jpg
20-08-04 18:36:29.948 : -678-->    299.jpg
20-08-04 18:36:29.956 : -679-->      3.jpg
20-08-04 18:36:29.966 : -680-->     30.jpg
20-08-04 18:36:29.977 : -681-->    300.jpg
20-08-04 18:36:29.987 : -682-->    301.jpg
20-08-04 18:36:29.996 : -683-->    302.jpg
20-08-04 18:36:30.006 : -684-->    303.jpg
20-08-04 18:36:30.015 : -685-->    304.jpg
20-08-04 18:36:30.023 : -686-->    305.jpg
20-08-04 18:36:30.031 : -687-->    306.jpg
20-08-04 18:36:30.039 : -688-->    307.jpg
20-08-04 18:36:30.048 : -689-->    308.jpg
20-08-04 18:36:30.057 : -690-->    309.jpg
20-08-04 18:36:30.066 : -691-->     31.jpg
20-08-04 18:36:30.078 : -692-->    310.jpg
20-08-04 18:36:30.087 : -693-->    311.jpg
20-08-04 18:36:30.096 : -694-->    312.jpg
20-08-04 18:36:30.102 : -695-->    313.jpg
20-08-04 18:36:30.110 : -696-->    314.jpg
20-08-04 18:36:30.120 : -697-->    315.jpg
20-08-04 18:36:30.130 : -698-->    316.jpg
20-08-04 18:36:30.141 : -699-->    317.jpg
20-08-04 18:36:30.151 : -700-->    318.jpg
20-08-04 18:36:30.164 : -701-->    319.jpg
20-08-04 18:36:30.174 : -702-->     32.jpg
20-08-04 18:36:30.183 : -703-->    320.jpg
20-08-04 18:36:30.194 : -704-->    321.jpg
20-08-04 18:36:30.204 : -705-->    322.jpg
20-08-04 18:36:30.218 : -706-->    323.jpg
20-08-04 18:36:30.227 : -707-->    324.jpg
20-08-04 18:36:30.247 : -708-->    325.jpg
20-08-04 18:36:30.257 : -709-->    326.jpg
20-08-04 18:36:30.269 : -710-->    327.jpg
20-08-04 18:36:30.280 : -711-->    328.jpg
20-08-04 18:36:30.294 : -712-->    329.jpg
20-08-04 18:36:30.309 : -713-->     33.jpg
20-08-04 18:36:30.325 : -714-->    330.jpg
20-08-04 18:36:30.338 : -715-->    331.jpg
20-08-04 18:36:30.350 : -716-->    332.jpg
20-08-04 18:36:30.363 : -717-->    333.jpg
20-08-04 18:36:30.377 : -718-->    334.jpg
20-08-04 18:36:30.389 : -719-->    335.jpg
20-08-04 18:36:30.397 : -720-->    336.jpg
20-08-04 18:36:30.411 : -721-->    337.jpg
20-08-04 18:36:30.423 : -722-->    338.jpg
20-08-04 18:36:30.435 : -723-->    339.jpg
20-08-04 18:36:30.447 : -724-->     34.jpg
20-08-04 18:36:30.458 : -725-->    340.jpg
20-08-04 18:36:30.471 : -726-->    341.jpg
20-08-04 18:36:30.482 : -727-->    342.jpg
20-08-04 18:36:30.496 : -728-->    343.jpg
20-08-04 18:36:30.506 : -729-->    344.jpg
20-08-04 18:36:30.520 : -730-->    345.jpg
20-08-04 18:36:30.529 : -731-->    346.jpg
20-08-04 18:36:30.542 : -732-->    347.jpg
20-08-04 18:36:30.551 : -733-->    348.jpg
20-08-04 18:36:30.565 : -734-->    349.jpg
20-08-04 18:36:30.575 : -735-->     35.jpg
20-08-04 18:36:30.589 : -736-->    350.jpg
20-08-04 18:36:30.600 : -737-->    351.jpg
20-08-04 18:36:30.614 : -738-->    352.jpg
20-08-04 18:36:30.628 : -739-->    353.jpg
20-08-04 18:36:30.640 : -740-->    354.jpg
20-08-04 18:36:30.653 : -741-->    355.jpg
20-08-04 18:36:30.664 : -742-->    356.jpg
20-08-04 18:36:30.678 : -743-->    357.jpg
20-08-04 18:36:30.687 : -744-->    358.jpg
20-08-04 18:36:30.701 : -745-->    359.jpg
20-08-04 18:36:30.712 : -746-->     36.jpg
20-08-04 18:36:30.721 : -747-->    360.jpg
20-08-04 18:36:30.733 : -748-->    361.jpg
20-08-04 18:36:30.744 : -749-->    362.jpg
20-08-04 18:36:30.757 : -750-->    363.jpg
20-08-04 18:36:30.767 : -751-->    364.jpg
20-08-04 18:36:30.779 : -752-->    365.jpg
20-08-04 18:36:30.788 : -753-->    366.jpg
20-08-04 18:36:30.800 : -754-->    367.jpg
20-08-04 18:36:30.810 : -755-->    368.jpg
20-08-04 18:36:30.820 : -756-->    369.jpg
20-08-04 18:36:30.835 : -757-->     37.jpg
20-08-04 18:36:30.851 : -758-->    370.jpg
20-08-04 18:36:30.864 : -759-->    371.jpg
20-08-04 18:36:30.872 : -760-->    372.jpg
20-08-04 18:36:30.884 : -761-->    373.jpg
20-08-04 18:36:30.895 : -762-->    374.jpg
20-08-04 18:36:30.905 : -763-->    375.jpg
20-08-04 18:36:30.915 : -764-->    376.jpg
20-08-04 18:36:30.929 : -765-->    377.jpg
20-08-04 18:36:30.941 : -766-->    378.jpg
20-08-04 18:36:30.956 : -767-->    379.jpg
20-08-04 18:36:30.967 : -768-->     38.jpg
20-08-04 18:36:30.978 : -769-->    380.jpg
20-08-04 18:36:30.991 : -770-->    381.jpg
20-08-04 18:36:31.007 : -771-->    382.jpg
20-08-04 18:36:31.024 : -772-->    383.jpg
20-08-04 18:36:31.034 : -773-->    384.jpg
20-08-04 18:36:31.044 : -774-->    385.jpg
20-08-04 18:36:31.057 : -775-->    386.jpg
20-08-04 18:36:31.069 : -776-->    387.jpg
20-08-04 18:36:31.080 : -777-->    388.jpg
20-08-04 18:36:31.098 : -778-->    389.jpg
20-08-04 18:36:31.110 : -779-->     39.jpg
20-08-04 18:36:31.118 : -780-->    390.jpg
20-08-04 18:36:31.131 : -781-->    391.jpg
20-08-04 18:36:31.144 : -782-->    392.jpg
20-08-04 18:36:31.157 : -783-->    393.jpg
20-08-04 18:36:31.168 : -784-->    394.jpg
20-08-04 18:36:31.182 : -785-->    395.jpg
20-08-04 18:36:31.202 : -786-->    396.jpg
20-08-04 18:36:31.218 : -787-->    397.jpg
20-08-04 18:36:31.233 : -788-->    398.jpg
20-08-04 18:36:31.245 : -789-->    399.jpg
20-08-04 18:36:31.262 : -790-->      4.jpg
20-08-04 18:36:31.275 : -791-->     40.jpg
20-08-04 18:36:31.287 : -792-->    400.jpg
20-08-04 18:36:31.298 : -793-->    401.jpg
20-08-04 18:36:31.307 : -794-->    402.jpg
20-08-04 18:36:31.316 : -795-->    403.jpg
20-08-04 18:36:31.329 : -796-->    404.jpg
20-08-04 18:36:31.340 : -797-->    405.jpg
20-08-04 18:36:31.353 : -798-->    406.jpg
20-08-04 18:36:31.366 : -799-->    407.jpg
20-08-04 18:36:31.380 : -800-->    408.jpg
20-08-04 18:36:31.392 : -801-->    409.jpg
20-08-04 18:36:31.400 : -802-->     41.jpg
20-08-04 18:36:31.409 : -803-->    410.jpg
20-08-04 18:36:31.419 : -804-->    411.jpg
20-08-04 18:36:31.428 : -805-->    412.jpg
20-08-04 18:36:31.439 : -806-->    413.jpg
20-08-04 18:36:31.447 : -807-->    414.jpg
20-08-04 18:36:31.460 : -808-->    415.jpg
20-08-04 18:36:31.468 : -809-->    416.jpg
20-08-04 18:36:31.477 : -810-->    417.jpg
20-08-04 18:36:31.484 : -811-->    418.jpg
20-08-04 18:36:31.493 : -812-->    419.jpg
20-08-04 18:36:31.499 : -813-->     42.jpg
20-08-04 18:36:31.511 : -814-->    420.jpg
20-08-04 18:36:31.520 : -815-->    421.jpg
20-08-04 18:36:31.527 : -816-->    422.jpg
20-08-04 18:36:31.536 : -817-->    423.jpg
20-08-04 18:36:31.543 : -818-->    424.jpg
20-08-04 18:36:31.551 : -819-->    425.jpg
20-08-04 18:36:31.559 : -820-->    426.jpg
20-08-04 18:36:31.568 : -821-->    427.jpg
20-08-04 18:36:31.576 : -822-->    428.jpg
20-08-04 18:36:31.583 : -823-->    429.jpg
20-08-04 18:36:31.591 : -824-->     43.jpg
20-08-04 18:36:31.599 : -825-->    430.jpg
20-08-04 18:36:31.609 : -826-->    431.jpg
20-08-04 18:36:31.617 : -827-->    432.jpg
20-08-04 18:36:31.628 : -828-->    433.jpg
20-08-04 18:36:31.635 : -829-->    434.jpg
20-08-04 18:36:31.643 : -830-->    435.jpg
20-08-04 18:36:31.651 : -831-->    436.jpg
20-08-04 18:36:31.660 : -832-->    437.jpg
20-08-04 18:36:31.669 : -833-->    438.jpg
20-08-04 18:36:31.678 : -834-->    439.jpg
20-08-04 18:36:31.684 : -835-->     44.jpg
20-08-04 18:36:31.697 : -836-->    440.jpg
20-08-04 18:36:31.706 : -837-->    441.jpg
20-08-04 18:36:31.711 : -838-->    442.jpg
20-08-04 18:36:31.720 : -839-->    443.jpg
20-08-04 18:36:31.729 : -840-->    444.jpg
20-08-04 18:36:31.738 : -841-->    445.jpg
20-08-04 18:36:31.747 : -842-->    446.jpg
20-08-04 18:36:31.755 : -843-->    447.jpg
20-08-04 18:36:31.762 : -844-->    448.jpg
20-08-04 18:36:31.772 : -845-->    449.jpg
20-08-04 18:36:31.779 : -846-->     45.jpg
20-08-04 18:36:31.788 : -847-->    450.jpg
20-08-04 18:36:31.797 : -848-->    451.jpg
20-08-04 18:36:31.805 : -849-->    452.jpg
20-08-04 18:36:31.814 : -850-->    453.jpg
20-08-04 18:36:31.822 : -851-->    454.jpg
20-08-04 18:36:31.831 : -852-->    455.jpg
20-08-04 18:36:31.839 : -853-->    456.jpg
20-08-04 18:36:31.847 : -854-->    457.jpg
20-08-04 18:36:31.855 : -855-->    458.jpg
20-08-04 18:36:31.863 : -856-->    459.jpg
20-08-04 18:36:31.872 : -857-->     46.jpg
20-08-04 18:36:31.880 : -858-->    460.jpg
20-08-04 18:36:31.888 : -859-->    461.jpg
20-08-04 18:36:31.897 : -860-->    462.jpg
20-08-04 18:36:31.903 : -861-->    463.jpg
20-08-04 18:36:31.911 : -862-->    464.jpg
20-08-04 18:36:31.918 : -863-->    465.jpg
20-08-04 18:36:31.927 : -864-->    466.jpg
20-08-04 18:36:31.940 : -865-->    467.jpg
20-08-04 18:36:31.949 : -866-->    468.jpg
20-08-04 18:36:31.962 : -867-->    469.jpg
20-08-04 18:36:31.972 : -868-->     47.jpg
20-08-04 18:36:31.981 : -869-->    470.jpg
20-08-04 18:36:31.993 : -870-->    471.jpg
20-08-04 18:36:32.003 : -871-->    472.jpg
20-08-04 18:36:32.019 : -872-->    473.jpg
20-08-04 18:36:32.028 : -873-->    474.jpg
20-08-04 18:36:32.040 : -874-->    475.jpg
20-08-04 18:36:32.051 : -875-->    476.jpg
20-08-04 18:36:32.061 : -876-->    477.jpg
20-08-04 18:36:32.072 : -877-->    478.jpg
20-08-04 18:36:32.083 : -878-->    479.jpg
20-08-04 18:36:32.096 : -879-->     48.jpg
20-08-04 18:36:32.106 : -880-->    480.jpg
20-08-04 18:36:32.117 : -881-->    481.jpg
20-08-04 18:36:32.127 : -882-->    482.jpg
20-08-04 18:36:32.137 : -883-->    483.jpg
20-08-04 18:36:32.147 : -884-->    484.jpg
20-08-04 18:36:32.154 : -885-->    485.jpg
20-08-04 18:36:32.167 : -886-->    486.jpg
20-08-04 18:36:32.178 : -887-->    487.jpg
20-08-04 18:36:32.191 : -888-->    488.jpg
20-08-04 18:36:32.205 : -889-->    489.jpg
20-08-04 18:36:32.218 : -890-->     49.jpg
20-08-04 18:36:32.226 : -891-->    490.jpg
20-08-04 18:36:32.237 : -892-->    491.jpg
20-08-04 18:36:32.248 : -893-->    492.jpg
20-08-04 18:36:32.260 : -894-->    493.jpg
20-08-04 18:36:32.273 : -895-->    494.jpg
20-08-04 18:36:32.283 : -896-->    495.jpg
20-08-04 18:36:32.297 : -897-->    496.jpg
20-08-04 18:36:32.307 : -898-->    497.jpg
20-08-04 18:36:32.320 : -899-->    498.jpg
20-08-04 18:36:32.332 : -900-->    499.jpg
20-08-04 18:36:32.346 : -901-->      5.jpg
20-08-04 18:36:32.355 : -902-->     50.jpg
20-08-04 18:36:32.362 : -903-->    500.jpg
20-08-04 18:36:32.373 : -904-->    501.jpg
20-08-04 18:36:32.386 : -905-->    502.jpg
20-08-04 18:36:32.398 : -906-->    503.jpg
20-08-04 18:36:32.409 : -907-->    504.jpg
20-08-04 18:36:32.417 : -908-->    505.jpg
20-08-04 18:36:32.429 : -909-->    506.jpg
20-08-04 18:36:32.439 : -910-->    507.jpg
20-08-04 18:36:32.452 : -911-->    508.jpg
20-08-04 18:36:32.462 : -912-->    509.jpg
20-08-04 18:36:32.474 : -913-->     51.jpg
20-08-04 18:36:32.484 : -914-->    510.jpg
20-08-04 18:36:32.494 : -915-->    511.jpg
20-08-04 18:36:32.506 : -916-->    512.jpg
20-08-04 18:36:32.515 : -917-->    513.jpg
20-08-04 18:36:32.528 : -918-->    514.jpg
20-08-04 18:36:32.539 : -919-->    515.jpg
20-08-04 18:36:32.551 : -920-->    516.jpg
20-08-04 18:36:32.559 : -921-->    517.jpg
20-08-04 18:36:32.568 : -922-->    518.jpg
20-08-04 18:36:32.575 : -923-->    519.jpg
20-08-04 18:36:32.584 : -924-->     52.jpg
20-08-04 18:36:32.595 : -925-->    520.jpg
20-08-04 18:36:32.603 : -926-->    521.jpg
20-08-04 18:36:32.613 : -927-->    522.jpg
20-08-04 18:36:32.621 : -928-->    523.jpg
20-08-04 18:36:32.630 : -929-->    524.jpg
20-08-04 18:36:32.638 : -930-->    525.jpg
20-08-04 18:36:32.647 : -931-->    526.jpg
20-08-04 18:36:32.656 : -932-->    527.jpg
20-08-04 18:36:32.665 : -933-->    528.jpg
20-08-04 18:36:32.673 : -934-->    529.jpg
20-08-04 18:36:32.681 : -935-->     53.jpg
20-08-04 18:36:32.692 : -936-->    530.jpg
20-08-04 18:36:32.700 : -937-->    531.jpg
20-08-04 18:36:32.711 : -938-->    532.jpg
20-08-04 18:36:32.719 : -939-->    533.jpg
20-08-04 18:36:32.728 : -940-->    534.jpg
20-08-04 18:36:32.736 : -941-->    535.jpg
20-08-04 18:36:32.746 : -942-->    536.jpg
20-08-04 18:36:32.754 : -943-->    537.jpg
20-08-04 18:36:32.764 : -944-->    538.jpg
20-08-04 18:36:32.773 : -945-->    539.jpg
20-08-04 18:36:32.781 : -946-->     54.jpg
20-08-04 18:36:32.793 : -947-->    540.jpg
20-08-04 18:36:32.802 : -948-->    541.jpg
20-08-04 18:36:32.812 : -949-->    542.jpg
20-08-04 18:36:32.820 : -950-->    543.jpg
20-08-04 18:36:32.828 : -951-->    544.jpg
20-08-04 18:36:32.834 : -952-->    545.jpg
20-08-04 18:36:32.841 : -953-->    546.jpg
20-08-04 18:36:32.850 : -954-->    547.jpg
20-08-04 18:36:32.856 : -955-->    548.jpg
20-08-04 18:36:32.864 : -956-->    549.jpg
20-08-04 18:36:32.870 : -957-->     55.jpg
20-08-04 18:36:32.882 : -958-->    550.jpg
20-08-04 18:36:32.891 : -959-->    551.jpg
20-08-04 18:36:32.901 : -960-->    552.jpg
20-08-04 18:36:32.912 : -961-->    553.jpg
20-08-04 18:36:32.922 : -962-->    554.jpg
20-08-04 18:36:32.933 : -963-->    555.jpg
20-08-04 18:36:32.941 : -964-->    556.jpg
20-08-04 18:36:32.952 : -965-->    557.jpg
20-08-04 18:36:32.961 : -966-->    558.jpg
20-08-04 18:36:32.969 : -967-->    559.jpg
20-08-04 18:36:32.976 : -968-->     56.jpg
20-08-04 18:36:32.988 : -969-->    560.jpg
20-08-04 18:36:32.997 : -970-->    561.jpg
20-08-04 18:36:33.005 : -971-->    562.jpg
20-08-04 18:36:33.014 : -972-->    563.jpg
20-08-04 18:36:33.023 : -973-->    564.jpg
20-08-04 18:36:33.032 : -974-->    565.jpg
20-08-04 18:36:33.043 : -975-->    566.jpg
20-08-04 18:36:33.054 : -976-->    567.jpg
20-08-04 18:36:33.067 : -977-->    568.jpg
20-08-04 18:36:33.080 : -978-->    569.jpg
20-08-04 18:36:33.090 : -979-->     57.jpg
20-08-04 18:36:33.098 : -980-->    570.jpg
20-08-04 18:36:33.110 : -981-->    571.jpg
20-08-04 18:36:33.121 : -982-->    572.jpg
20-08-04 18:36:33.135 : -983-->    573.jpg
20-08-04 18:36:33.145 : -984-->    574.jpg
20-08-04 18:36:33.156 : -985-->    575.jpg
20-08-04 18:36:33.169 : -986-->    576.jpg
20-08-04 18:36:33.183 : -987-->    577.jpg
20-08-04 18:36:33.194 : -988-->    578.jpg
20-08-04 18:36:33.208 : -989-->    579.jpg
20-08-04 18:36:33.220 : -990-->     58.jpg
20-08-04 18:36:33.229 : -991-->    580.jpg
20-08-04 18:36:33.242 : -992-->    581.jpg
20-08-04 18:36:33.252 : -993-->    582.jpg
20-08-04 18:36:33.266 : -994-->    583.jpg
20-08-04 18:36:33.277 : -995-->    584.jpg
20-08-04 18:36:33.287 : -996-->    585.jpg
20-08-04 18:36:33.299 : -997-->    586.jpg
20-08-04 18:36:33.311 : -998-->    587.jpg
20-08-04 18:36:33.321 : -999-->    588.jpg
20-08-04 18:36:33.334 : 1000-->    589.jpg
20-08-04 18:36:33.347 : 1001-->     59.jpg
20-08-04 18:36:33.355 : 1002-->    590.jpg
20-08-04 18:36:33.366 : 1003-->    591.jpg
20-08-04 18:36:33.379 : 1004-->    592.jpg
20-08-04 18:36:33.388 : 1005-->    593.jpg
20-08-04 18:36:33.403 : 1006-->    594.jpg
20-08-04 18:36:33.416 : 1007-->    595.jpg
20-08-04 18:36:33.430 : 1008-->    596.jpg
20-08-04 18:36:33.438 : 1009-->    597.jpg
20-08-04 18:36:33.450 : 1010-->    598.jpg
20-08-04 18:36:33.459 : 1011-->    599.jpg
20-08-04 18:36:33.471 : 1012-->      6.jpg
20-08-04 18:36:33.482 : 1013-->     60.jpg
20-08-04 18:36:33.497 : 1014-->    600.jpg
20-08-04 18:36:33.510 : 1015-->    601.jpg
20-08-04 18:36:33.524 : 1016-->    602.jpg
20-08-04 18:36:33.539 : 1017-->    603.jpg
20-08-04 18:36:33.554 : 1018-->    604.jpg
20-08-04 18:36:33.564 : 1019-->    605.jpg
20-08-04 18:36:33.579 : 1020-->    606.jpg
20-08-04 18:36:33.588 : 1021-->    607.jpg
20-08-04 18:36:33.602 : 1022-->    608.jpg
20-08-04 18:36:33.617 : 1023-->    609.jpg
20-08-04 18:36:33.631 : 1024-->     61.jpg
20-08-04 18:36:33.640 : 1025-->    610.jpg
20-08-04 18:36:33.653 : 1026-->    611.jpg
20-08-04 18:36:33.667 : 1027-->    612.jpg
20-08-04 18:36:33.679 : 1028-->    613.jpg
20-08-04 18:36:33.695 : 1029-->    614.jpg
20-08-04 18:36:33.706 : 1030-->    615.jpg
20-08-04 18:36:33.721 : 1031-->    616.jpg
20-08-04 18:36:33.731 : 1032-->    617.jpg
20-08-04 18:36:33.743 : 1033-->    618.jpg
20-08-04 18:36:33.751 : 1034-->    619.jpg
20-08-04 18:36:33.765 : 1035-->     62.jpg
20-08-04 18:36:33.780 : 1036-->    620.jpg
20-08-04 18:36:33.789 : 1037-->    621.jpg
20-08-04 18:36:33.801 : 1038-->    622.jpg
20-08-04 18:36:33.810 : 1039-->    623.jpg
20-08-04 18:36:33.824 : 1040-->    624.jpg
20-08-04 18:36:33.837 : 1041-->    625.jpg
20-08-04 18:36:33.851 : 1042-->    626.jpg
20-08-04 18:36:33.865 : 1043-->    627.jpg
20-08-04 18:36:33.877 : 1044-->    628.jpg
20-08-04 18:36:33.888 : 1045-->    629.jpg
20-08-04 18:36:33.901 : 1046-->     63.jpg
20-08-04 18:36:33.909 : 1047-->    630.jpg
20-08-04 18:36:33.919 : 1048-->    631.jpg
20-08-04 18:36:33.932 : 1049-->    632.jpg
20-08-04 18:36:33.941 : 1050-->    633.jpg
20-08-04 18:36:33.955 : 1051-->    634.jpg
20-08-04 18:36:33.965 : 1052-->    635.jpg
20-08-04 18:36:33.980 : 1053-->    636.jpg
20-08-04 18:36:33.988 : 1054-->    637.jpg
20-08-04 18:36:33.998 : 1055-->    638.jpg
20-08-04 18:36:34.006 : 1056-->    639.jpg
20-08-04 18:36:34.013 : 1057-->     64.jpg
20-08-04 18:36:34.027 : 1058-->    640.jpg
20-08-04 18:36:34.034 : 1059-->    641.jpg
20-08-04 18:36:34.043 : 1060-->    642.jpg
20-08-04 18:36:34.050 : 1061-->    643.jpg
20-08-04 18:36:34.060 : 1062-->    644.jpg
20-08-04 18:36:34.068 : 1063-->    645.jpg
20-08-04 18:36:34.079 : 1064-->    646.jpg
20-08-04 18:36:34.087 : 1065-->    647.jpg
20-08-04 18:36:34.095 : 1066-->    648.jpg
20-08-04 18:36:34.106 : 1067-->    649.jpg
20-08-04 18:36:34.114 : 1068-->     65.jpg
20-08-04 18:36:34.125 : 1069-->    650.jpg
20-08-04 18:36:34.131 : 1070-->    651.jpg
20-08-04 18:36:34.142 : 1071-->    652.jpg
20-08-04 18:36:34.150 : 1072-->    653.jpg
20-08-04 18:36:34.158 : 1073-->    654.jpg
20-08-04 18:36:34.166 : 1074-->    655.jpg
20-08-04 18:36:34.179 : 1075-->    656.jpg
20-08-04 18:36:34.190 : 1076-->    657.jpg
20-08-04 18:36:34.196 : 1077-->    658.jpg
20-08-04 18:36:34.207 : 1078-->    659.jpg
20-08-04 18:36:34.217 : 1079-->     66.jpg
20-08-04 18:36:34.227 : 1080-->    660.jpg
20-08-04 18:36:34.238 : 1081-->    661.jpg
20-08-04 18:36:34.248 : 1082-->    662.jpg
20-08-04 18:36:34.260 : 1083-->    663.jpg
20-08-04 18:36:34.269 : 1084-->    664.jpg
20-08-04 18:36:34.280 : 1085-->    665.jpg
20-08-04 18:36:34.287 : 1086-->    666.jpg
20-08-04 18:36:34.299 : 1087-->    667.jpg
20-08-04 18:36:34.311 : 1088-->    668.jpg
20-08-04 18:36:34.319 : 1089-->    669.jpg
20-08-04 18:36:34.331 : 1090-->     67.jpg
20-08-04 18:36:34.341 : 1091-->    670.jpg
20-08-04 18:36:34.352 : 1092-->    671.jpg
20-08-04 18:36:34.363 : 1093-->    672.jpg
20-08-04 18:36:34.373 : 1094-->    673.jpg
20-08-04 18:36:34.386 : 1095-->    674.jpg
20-08-04 18:36:34.398 : 1096-->    675.jpg
20-08-04 18:36:34.409 : 1097-->    676.jpg
20-08-04 18:36:34.424 : 1098-->    677.jpg
20-08-04 18:36:34.437 : 1099-->    678.jpg
20-08-04 18:36:34.447 : 1100-->    679.jpg
20-08-04 18:36:34.460 : 1101-->     68.jpg
20-08-04 18:36:34.473 : 1102-->    680.jpg
20-08-04 18:36:34.483 : 1103-->    681.jpg
20-08-04 18:36:34.495 : 1104-->    682.jpg
20-08-04 18:36:34.504 : 1105-->    683.jpg
20-08-04 18:36:34.512 : 1106-->    684.jpg
20-08-04 18:36:34.524 : 1107-->    685.jpg
20-08-04 18:36:34.536 : 1108-->    686.jpg
20-08-04 18:36:34.545 : 1109-->    687.jpg
20-08-04 18:36:34.556 : 1110-->    688.jpg
20-08-04 18:36:34.565 : 1111-->    689.jpg
20-08-04 18:36:34.578 : 1112-->     69.jpg
20-08-04 18:36:34.586 : 1113-->    690.jpg
20-08-04 18:36:34.596 : 1114-->    691.jpg
20-08-04 18:36:34.606 : 1115-->    692.jpg
20-08-04 18:36:34.620 : 1116-->    693.jpg
20-08-04 18:36:34.628 : 1117-->    694.jpg
20-08-04 18:36:34.637 : 1118-->    695.jpg
20-08-04 18:36:34.646 : 1119-->    696.jpg
20-08-04 18:36:34.658 : 1120-->    697.jpg
20-08-04 18:36:34.672 : 1121-->    698.jpg
20-08-04 18:36:34.686 : 1122-->    699.jpg
20-08-04 18:36:34.697 : 1123-->      7.jpg
20-08-04 18:36:34.708 : 1124-->     70.jpg
20-08-04 18:36:34.722 : 1125-->    700.jpg
20-08-04 18:36:34.732 : 1126-->    701.jpg
20-08-04 18:36:34.744 : 1127-->    702.jpg
20-08-04 18:36:34.757 : 1128-->    703.jpg
20-08-04 18:36:34.771 : 1129-->    704.jpg
20-08-04 18:36:34.782 : 1130-->    705.jpg
20-08-04 18:36:34.795 : 1131-->    706.jpg
20-08-04 18:36:34.806 : 1132-->    707.jpg
20-08-04 18:36:34.818 : 1133-->    708.jpg
20-08-04 18:36:34.830 : 1134-->    709.jpg
20-08-04 18:36:34.844 : 1135-->     71.jpg
20-08-04 18:36:34.853 : 1136-->    710.jpg
20-08-04 18:36:34.865 : 1137-->    711.jpg
20-08-04 18:36:34.876 : 1138-->    712.jpg
20-08-04 18:36:34.886 : 1139-->    713.jpg
20-08-04 18:36:34.897 : 1140-->    714.jpg
20-08-04 18:36:34.908 : 1141-->    715.jpg
20-08-04 18:36:34.920 : 1142-->    716.jpg
20-08-04 18:36:34.930 : 1143-->    717.jpg
20-08-04 18:36:34.940 : 1144-->    718.jpg
20-08-04 18:36:34.949 : 1145-->    719.jpg
20-08-04 18:36:34.956 : 1146-->     72.jpg
20-08-04 18:36:34.968 : 1147-->    720.jpg
20-08-04 18:36:34.976 : 1148-->    721.jpg
20-08-04 18:36:34.983 : 1149-->    722.jpg
20-08-04 18:36:34.991 : 1150-->    723.jpg
20-08-04 18:36:35.001 : 1151-->    724.jpg
20-08-04 18:36:35.009 : 1152-->    725.jpg
20-08-04 18:36:35.018 : 1153-->    726.jpg
20-08-04 18:36:35.027 : 1154-->    727.jpg
20-08-04 18:36:35.036 : 1155-->    728.jpg
20-08-04 18:36:35.043 : 1156-->    729.jpg
20-08-04 18:36:35.051 : 1157-->     73.jpg
20-08-04 18:36:35.058 : 1158-->    730.jpg
20-08-04 18:36:35.066 : 1159-->    731.jpg
20-08-04 18:36:35.077 : 1160-->    732.jpg
20-08-04 18:36:35.086 : 1161-->    733.jpg
20-08-04 18:36:35.097 : 1162-->    734.jpg
20-08-04 18:36:35.108 : 1163-->    735.jpg
20-08-04 18:36:35.116 : 1164-->    736.jpg
20-08-04 18:36:35.123 : 1165-->    737.jpg
20-08-04 18:36:35.132 : 1166-->    738.jpg
20-08-04 18:36:35.139 : 1167-->    739.jpg
20-08-04 18:36:35.149 : 1168-->     74.jpg
20-08-04 18:36:35.157 : 1169-->    740.jpg
20-08-04 18:36:35.167 : 1170-->    741.jpg
20-08-04 18:36:35.178 : 1171-->    742.jpg
20-08-04 18:36:35.187 : 1172-->    743.jpg
20-08-04 18:36:35.197 : 1173-->    744.jpg
20-08-04 18:36:35.206 : 1174-->    745.jpg
20-08-04 18:36:35.216 : 1175-->    746.jpg
20-08-04 18:36:35.224 : 1176-->    747.jpg
20-08-04 18:36:35.235 : 1177-->    748.jpg
20-08-04 18:36:35.241 : 1178-->    749.jpg
20-08-04 18:36:35.252 : 1179-->     75.jpg
20-08-04 18:36:35.262 : 1180-->    750.jpg
20-08-04 18:36:35.269 : 1181-->    751.jpg
20-08-04 18:36:35.278 : 1182-->    752.jpg
20-08-04 18:36:35.287 : 1183-->    753.jpg
20-08-04 18:36:35.294 : 1184-->    754.jpg
20-08-04 18:36:35.304 : 1185-->    755.jpg
20-08-04 18:36:35.314 : 1186-->    756.jpg
20-08-04 18:36:35.323 : 1187-->    757.jpg
20-08-04 18:36:35.333 : 1188-->    758.jpg
20-08-04 18:36:35.341 : 1189-->    759.jpg
20-08-04 18:36:35.352 : 1190-->     76.jpg
20-08-04 18:36:35.364 : 1191-->    760.jpg
20-08-04 18:36:35.374 : 1192-->    761.jpg
20-08-04 18:36:35.384 : 1193-->    762.jpg
20-08-04 18:36:35.392 : 1194-->    763.jpg
20-08-04 18:36:35.402 : 1195-->    764.jpg
20-08-04 18:36:35.411 : 1196-->    765.jpg
20-08-04 18:36:35.420 : 1197-->    766.jpg
20-08-04 18:36:35.433 : 1198-->    767.jpg
20-08-04 18:36:35.446 : 1199-->    768.jpg
20-08-04 18:36:35.456 : 1200-->    769.jpg
20-08-04 18:36:35.469 : 1201-->     77.jpg
20-08-04 18:36:35.482 : 1202-->    770.jpg
20-08-04 18:36:35.493 : 1203-->    771.jpg
20-08-04 18:36:35.507 : 1204-->    772.jpg
20-08-04 18:36:35.517 : 1205-->    773.jpg
20-08-04 18:36:35.528 : 1206-->    774.jpg
20-08-04 18:36:35.538 : 1207-->    775.jpg
20-08-04 18:36:35.549 : 1208-->    776.jpg
20-08-04 18:36:35.558 : 1209-->    777.jpg
20-08-04 18:36:35.572 : 1210-->    778.jpg
20-08-04 18:36:35.581 : 1211-->    779.jpg
20-08-04 18:36:35.594 : 1212-->     78.jpg
20-08-04 18:36:35.603 : 1213-->    780.jpg
20-08-04 18:36:35.612 : 1214-->    781.jpg
20-08-04 18:36:35.625 : 1215-->    782.jpg
20-08-04 18:36:35.636 : 1216-->    783.jpg
20-08-04 18:36:35.648 : 1217-->    784.jpg
20-08-04 18:36:35.658 : 1218-->    785.jpg
20-08-04 18:36:35.672 : 1219-->    786.jpg
20-08-04 18:36:35.680 : 1220-->    787.jpg
20-08-04 18:36:35.696 : 1221-->    788.jpg
20-08-04 18:36:35.704 : 1222-->    789.jpg
20-08-04 18:36:35.716 : 1223-->     79.jpg
20-08-04 18:36:35.727 : 1224-->    790.jpg
20-08-04 18:36:35.738 : 1225-->    791.jpg
20-08-04 18:36:35.752 : 1226-->    792.jpg
20-08-04 18:36:35.767 : 1227-->    793.jpg
20-08-04 18:36:35.782 : 1228-->    794.jpg
20-08-04 18:36:35.791 : 1229-->    795.jpg
20-08-04 18:36:35.807 : 1230-->    796.jpg
20-08-04 18:36:35.820 : 1231-->    797.jpg
20-08-04 18:36:35.833 : 1232-->    798.jpg
20-08-04 18:36:35.843 : 1233-->    799.jpg
20-08-04 18:36:35.856 : 1234-->      8.jpg
20-08-04 18:36:35.868 : 1235-->     80.jpg
20-08-04 18:36:35.879 : 1236-->    800.jpg
20-08-04 18:36:35.888 : 1237-->    801.jpg
20-08-04 18:36:35.904 : 1238-->    802.jpg
20-08-04 18:36:35.915 : 1239-->    803.jpg
20-08-04 18:36:35.927 : 1240-->    804.jpg
20-08-04 18:36:35.939 : 1241-->    805.jpg
20-08-04 18:36:35.951 : 1242-->    806.jpg
20-08-04 18:36:35.961 : 1243-->    807.jpg
20-08-04 18:36:35.975 : 1244-->    808.jpg
20-08-04 18:36:35.986 : 1245-->    809.jpg
20-08-04 18:36:35.998 : 1246-->     81.jpg
20-08-04 18:36:36.008 : 1247-->    810.jpg
20-08-04 18:36:36.017 : 1248-->    811.jpg
20-08-04 18:36:36.032 : 1249-->    812.jpg
20-08-04 18:36:36.042 : 1250-->    813.jpg
20-08-04 18:36:36.053 : 1251-->    814.jpg
20-08-04 18:36:36.063 : 1252-->    815.jpg
20-08-04 18:36:36.071 : 1253-->    816.jpg
20-08-04 18:36:36.078 : 1254-->    817.jpg
20-08-04 18:36:36.086 : 1255-->    818.jpg
20-08-04 18:36:36.094 : 1256-->    819.jpg
20-08-04 18:36:36.101 : 1257-->     82.jpg
20-08-04 18:36:36.110 : 1258-->    820.jpg
20-08-04 18:36:36.116 : 1259-->    821.jpg
20-08-04 18:36:36.125 : 1260-->    822.jpg
20-08-04 18:36:36.133 : 1261-->    823.jpg
20-08-04 18:36:36.140 : 1262-->    824.jpg
20-08-04 18:36:36.149 : 1263-->    825.jpg
20-08-04 18:36:36.158 : 1264-->    826.jpg
20-08-04 18:36:36.165 : 1265-->    827.jpg
20-08-04 18:36:36.171 : 1266-->    828.jpg
20-08-04 18:36:36.178 : 1267-->    829.jpg
20-08-04 18:36:36.185 : 1268-->     83.jpg
20-08-04 18:36:36.198 : 1269-->    830.jpg
20-08-04 18:36:36.205 : 1270-->    831.jpg
20-08-04 18:36:36.211 : 1271-->    832.jpg
20-08-04 18:36:36.222 : 1272-->    833.jpg
20-08-04 18:36:36.231 : 1273-->    834.jpg
20-08-04 18:36:36.239 : 1274-->    835.jpg
20-08-04 18:36:36.247 : 1275-->    836.jpg
20-08-04 18:36:36.257 : 1276-->    837.jpg
20-08-04 18:36:36.265 : 1277-->    838.jpg
20-08-04 18:36:36.275 : 1278-->    839.jpg
20-08-04 18:36:36.283 : 1279-->     84.jpg
20-08-04 18:36:36.295 : 1280-->    840.jpg
20-08-04 18:36:36.303 : 1281-->    841.jpg
20-08-04 18:36:36.313 : 1282-->    842.jpg
20-08-04 18:36:36.323 : 1283-->    843.jpg
20-08-04 18:36:36.332 : 1284-->    844.jpg
20-08-04 18:36:36.341 : 1285-->    845.jpg
20-08-04 18:36:36.352 : 1286-->    846.jpg
20-08-04 18:36:36.361 : 1287-->    847.jpg
20-08-04 18:36:36.370 : 1288-->    848.jpg
20-08-04 18:36:36.379 : 1289-->    849.jpg
20-08-04 18:36:36.389 : 1290-->     85.jpg
20-08-04 18:36:36.401 : 1291-->    850.jpg
20-08-04 18:36:36.412 : 1292-->    851.jpg
20-08-04 18:36:36.421 : 1293-->    852.jpg
20-08-04 18:36:36.429 : 1294-->    853.jpg
20-08-04 18:36:36.437 : 1295-->    854.jpg
20-08-04 18:36:36.445 : 1296-->    855.jpg
20-08-04 18:36:36.454 : 1297-->    856.jpg
20-08-04 18:36:36.462 : 1298-->    857.jpg
20-08-04 18:36:36.471 : 1299-->    858.jpg
20-08-04 18:36:36.479 : 1300-->    859.jpg
20-08-04 18:36:36.490 : 1301-->     86.jpg
20-08-04 18:36:36.501 : 1302-->    860.jpg
20-08-04 18:36:36.512 : 1303-->    861.jpg
20-08-04 18:36:36.525 : 1304-->    862.jpg
20-08-04 18:36:36.535 : 1305-->    863.jpg
20-08-04 18:36:36.549 : 1306-->    864.jpg
20-08-04 18:36:36.559 : 1307-->    865.jpg
20-08-04 18:36:36.573 : 1308-->    866.jpg
20-08-04 18:36:36.585 : 1309-->    867.jpg
20-08-04 18:36:36.599 : 1310-->    868.jpg
20-08-04 18:36:36.609 : 1311-->    869.jpg
20-08-04 18:36:36.621 : 1312-->     87.jpg
20-08-04 18:36:36.633 : 1313-->    870.jpg
20-08-04 18:36:36.642 : 1314-->    871.jpg
20-08-04 18:36:36.653 : 1315-->    872.jpg
20-08-04 18:36:36.662 : 1316-->    873.jpg
20-08-04 18:36:36.673 : 1317-->    874.jpg
20-08-04 18:36:36.680 : 1318-->    875.jpg
20-08-04 18:36:36.688 : 1319-->    876.jpg
20-08-04 18:36:36.701 : 1320-->    877.jpg
20-08-04 18:36:36.715 : 1321-->    878.jpg
20-08-04 18:36:36.727 : 1322-->    879.jpg
20-08-04 18:36:36.737 : 1323-->     88.jpg
20-08-04 18:36:36.746 : 1324-->    880.jpg
20-08-04 18:36:36.757 : 1325-->    881.jpg
20-08-04 18:36:36.768 : 1326-->    882.jpg
20-08-04 18:36:36.777 : 1327-->    883.jpg
20-08-04 18:36:36.787 : 1328-->    884.jpg
20-08-04 18:36:36.798 : 1329-->    885.jpg
20-08-04 18:36:36.811 : 1330-->    886.jpg
20-08-04 18:36:36.821 : 1331-->    887.jpg
20-08-04 18:36:36.835 : 1332-->    888.jpg
20-08-04 18:36:36.846 : 1333-->    889.jpg
20-08-04 18:36:36.858 : 1334-->     89.jpg
20-08-04 18:36:36.874 : 1335-->    890.jpg
20-08-04 18:36:36.885 : 1336-->    891.jpg
20-08-04 18:36:36.894 : 1337-->    892.jpg
20-08-04 18:36:36.905 : 1338-->    893.jpg
20-08-04 18:36:36.915 : 1339-->    894.jpg
20-08-04 18:36:36.929 : 1340-->    895.jpg
20-08-04 18:36:36.940 : 1341-->    896.jpg
20-08-04 18:36:36.954 : 1342-->    897.jpg
20-08-04 18:36:36.965 : 1343-->    898.jpg
20-08-04 18:36:36.979 : 1344-->    899.jpg
20-08-04 18:36:36.991 : 1345-->      9.jpg
20-08-04 18:36:37.002 : 1346-->     90.jpg
20-08-04 18:36:37.012 : 1347-->    900.jpg
20-08-04 18:36:37.025 : 1348-->    901.jpg
20-08-04 18:36:37.035 : 1349-->    902.jpg
20-08-04 18:36:37.044 : 1350-->    903.jpg
20-08-04 18:36:37.053 : 1351-->    904.jpg
20-08-04 18:36:37.062 : 1352-->    905.jpg
20-08-04 18:36:37.074 : 1353-->    906.jpg
20-08-04 18:36:37.083 : 1354-->    907.jpg
20-08-04 18:36:37.093 : 1355-->    908.jpg
20-08-04 18:36:37.100 : 1356-->    909.jpg
20-08-04 18:36:37.113 : 1357-->     91.jpg
20-08-04 18:36:37.132 : 1358-->    910.jpg
20-08-04 18:36:37.142 : 1359-->    911.jpg
20-08-04 18:36:37.151 : 1360-->    912.jpg
20-08-04 18:36:37.159 : 1361-->    913.jpg
20-08-04 18:36:37.169 : 1362-->    914.jpg
20-08-04 18:36:37.177 : 1363-->    915.jpg
20-08-04 18:36:37.186 : 1364-->    916.jpg
20-08-04 18:36:37.196 : 1365-->    917.jpg
20-08-04 18:36:37.203 : 1366-->    918.jpg
20-08-04 18:36:37.213 : 1367-->    919.jpg
20-08-04 18:36:37.223 : 1368-->     92.jpg
20-08-04 18:36:37.233 : 1369-->    920.jpg
20-08-04 18:36:37.245 : 1370-->    921.jpg
20-08-04 18:36:37.255 : 1371-->    922.jpg
20-08-04 18:36:37.267 : 1372-->    923.jpg
20-08-04 18:36:37.276 : 1373-->    924.jpg
20-08-04 18:36:37.286 : 1374-->    925.jpg
20-08-04 18:36:37.298 : 1375-->    926.jpg
20-08-04 18:36:37.307 : 1376-->    927.jpg
20-08-04 18:36:37.316 : 1377-->    928.jpg
20-08-04 18:36:37.324 : 1378-->    929.jpg
20-08-04 18:36:37.331 : 1379-->     93.jpg
20-08-04 18:36:37.342 : 1380-->    930.jpg
20-08-04 18:36:37.351 : 1381-->    931.jpg
20-08-04 18:36:37.357 : 1382-->    932.jpg
20-08-04 18:36:37.367 : 1383-->    933.jpg
20-08-04 18:36:37.376 : 1384-->    934.jpg
20-08-04 18:36:37.385 : 1385-->    935.jpg
20-08-04 18:36:37.393 : 1386-->    936.jpg
20-08-04 18:36:37.403 : 1387-->    937.jpg
20-08-04 18:36:37.412 : 1388-->    938.jpg
20-08-04 18:36:37.421 : 1389-->    939.jpg
20-08-04 18:36:37.430 : 1390-->     94.jpg
20-08-04 18:36:37.439 : 1391-->    940.jpg
20-08-04 18:36:37.446 : 1392-->    941.jpg
20-08-04 18:36:37.455 : 1393-->    942.jpg
20-08-04 18:36:37.461 : 1394-->    943.jpg
20-08-04 18:36:37.469 : 1395-->    944.jpg
20-08-04 18:36:37.476 : 1396-->    945.jpg
20-08-04 18:36:37.485 : 1397-->    946.jpg
20-08-04 18:36:37.492 : 1398-->    947.jpg
20-08-04 18:36:37.502 : 1399-->    948.jpg
20-08-04 18:36:37.509 : 1400-->    949.jpg
20-08-04 18:36:37.519 : 1401-->     95.jpg
20-08-04 18:36:37.528 : 1402-->    950.jpg
20-08-04 18:36:37.536 : 1403-->    951.jpg
20-08-04 18:36:37.545 : 1404-->    952.jpg
20-08-04 18:36:37.553 : 1405-->    953.jpg
20-08-04 18:36:37.562 : 1406-->    954.jpg
20-08-04 18:36:37.570 : 1407-->    955.jpg
20-08-04 18:36:37.579 : 1408-->    956.jpg
20-08-04 18:36:37.587 : 1409-->    957.jpg
20-08-04 18:36:37.597 : 1410-->    958.jpg
20-08-04 18:36:37.606 : 1411-->    959.jpg
20-08-04 18:36:37.614 : 1412-->     96.jpg
20-08-04 18:36:37.625 : 1413-->    960.jpg
20-08-04 18:36:37.635 : 1414-->    961.jpg
20-08-04 18:36:37.648 : 1415-->    962.jpg
20-08-04 18:36:37.659 : 1416-->    963.jpg
20-08-04 18:36:37.671 : 1417-->    964.jpg
20-08-04 18:36:37.682 : 1418-->    965.jpg
20-08-04 18:36:37.692 : 1419-->    966.jpg
20-08-04 18:36:37.702 : 1420-->    967.jpg
20-08-04 18:36:37.714 : 1421-->    968.jpg
20-08-04 18:36:37.729 : 1422-->    969.jpg
20-08-04 18:36:37.741 : 1423-->     97.jpg
20-08-04 18:36:37.751 : 1424-->    970.jpg
20-08-04 18:36:37.763 : 1425-->    971.jpg
20-08-04 18:36:37.776 : 1426-->    972.jpg
20-08-04 18:36:37.787 : 1427-->    973.jpg
20-08-04 18:36:37.800 : 1428-->    974.jpg
20-08-04 18:36:37.809 : 1429-->    975.jpg
20-08-04 18:36:37.818 : 1430-->    976.jpg
20-08-04 18:36:37.829 : 1431-->    977.jpg
20-08-04 18:36:37.840 : 1432-->    978.jpg
20-08-04 18:36:37.850 : 1433-->    979.jpg
20-08-04 18:36:37.860 : 1434-->     98.jpg
20-08-04 18:36:37.870 : 1435-->    980.jpg
20-08-04 18:36:37.881 : 1436-->    981.jpg
20-08-04 18:36:37.891 : 1437-->    982.jpg
20-08-04 18:36:37.901 : 1438-->    983.jpg
20-08-04 18:36:37.910 : 1439-->    984.jpg
20-08-04 18:36:37.924 : 1440-->    985.jpg
20-08-04 18:36:37.935 : 1441-->    986.jpg
20-08-04 18:36:37.948 : 1442-->    987.jpg
20-08-04 18:36:37.960 : 1443-->    988.jpg
20-08-04 18:36:37.971 : 1444-->    989.jpg
20-08-04 18:36:37.981 : 1445-->     99.jpg
20-08-04 18:36:37.993 : 1446-->    990.jpg
20-08-04 18:36:38.004 : 1447-->    991.jpg
20-08-04 18:36:38.015 : 1448-->    992.jpg
20-08-04 18:36:38.029 : 1449-->    993.jpg
20-08-04 18:36:38.040 : 1450-->    994.jpg
20-08-04 18:36:38.050 : 1451-->    995.jpg
20-08-04 18:36:38.062 : 1452-->    996.jpg
20-08-04 18:36:38.075 : 1453-->    997.jpg
20-08-04 18:36:38.083 : 1454-->    998.jpg
20-08-04 18:36:38.096 : 1455-->    999.jpg
